2025-03-20 15:41:12,714 - SINDyMarkovModel - INFO - Initializing SINDy Markov Model
2025-03-20 15:41:12,714 - SINDyMarkovModel - INFO - True term indices: [0]
2025-03-20 15:41:12,715 - SINDyMarkovModel - INFO - 
================================================================================
STARTING THEORY VS SIMULATION COMPARISON
================================================================================
2025-03-20 15:41:12,715 - SINDyMarkovModel - INFO - Experiment Setup:
2025-03-20 15:41:12,715 - SINDyMarkovModel - INFO -   Testing 2 data ranges: [0.5 1. ]
2025-03-20 15:41:12,716 - SINDyMarkovModel - INFO -   Testing 3 sample sizes: [100 200 500]
2025-03-20 15:41:12,716 - SINDyMarkovModel - INFO -   Running 50 trials per configuration
2025-03-20 15:41:12,716 - SINDyMarkovModel - INFO -   Lambda/Sigma Ratio: 1.0000
2025-03-20 15:41:12,716 - SINDyMarkovModel - INFO - --------------------------------------------------------------------------------
2025-03-20 15:41:12,716 - SINDyMarkovModel - INFO - 
============================================================
2025-03-20 15:41:12,717 - SINDyMarkovModel - INFO - CONFIGURATION 1/6
2025-03-20 15:41:12,717 - SINDyMarkovModel - INFO - Data Range: 0.5, Samples: 100
2025-03-20 15:41:12,717 - SINDyMarkovModel - INFO - ============================================================
2025-03-20 15:41:12,718 - SINDyMarkovModel - INFO - Computing Gram matrix with 100 sample points
2025-03-20 15:41:12,718 - SINDyMarkovModel - INFO - Log determinant of Gram matrix: -4.9862
2025-03-20 15:41:12,718 - SINDyMarkovModel - INFO - 
================================================================================
BEGINNING SUCCESS PROBABILITY CALCULATION
================================================================================
2025-03-20 15:41:12,719 - SINDyMarkovModel - INFO - All indices = {0, 1, 2}
2025-03-20 15:41:12,719 - SINDyMarkovModel - INFO - True indices = {0}
2025-03-20 15:41:12,719 - SINDyMarkovModel - INFO - Target state (true model) = {0}
2025-03-20 15:41:12,719 - SINDyMarkovModel - INFO - Generated 4 valid states:
2025-03-20 15:41:12,719 - SINDyMarkovModel - DEBUG -   State 1: {0}
2025-03-20 15:41:12,719 - SINDyMarkovModel - DEBUG -   State 2: {0, 1}
2025-03-20 15:41:12,720 - SINDyMarkovModel - DEBUG -   State 3: {0, 2}
2025-03-20 15:41:12,720 - SINDyMarkovModel - DEBUG -   State 4: {0, 1, 2}
2025-03-20 15:41:12,720 - SINDyMarkovModel - INFO - 
TRUE MODEL STATE TRANSITIONS
2025-03-20 15:41:12,720 - SINDyMarkovModel - INFO - Transitions from {0}:
    -> [STOP]: 1.000000
2025-03-20 15:41:12,720 - SINDyMarkovModel - INFO - TRUE MODEL STATE STOPPING PROBABILITY: 1.000000

2025-03-20 15:41:12,720 - SINDyMarkovModel - DEBUG - Transition {0, 1} -> {0}:
2025-03-20 15:41:12,721 - SINDyMarkovModel - DEBUG -   Coefficient mean: [1. 0.]
2025-03-20 15:41:12,721 - SINDyMarkovModel - DEBUG -   Eliminated indices: [1] (positions: [1])
2025-03-20 15:41:12,721 - SINDyMarkovModel - DEBUG -   Retained indices: [0] (positions: [0])
2025-03-20 15:41:12,721 - SINDyMarkovModel - DEBUG -   Independent term probabilities:
2025-03-20 15:41:12,727 - SINDyMarkovModel - DEBUG -     Term 1: P(|coef| < 0.1) = 0.023967 (should be eliminated)
2025-03-20 15:41:12,759 - SINDyMarkovModel - DEBUG - Transitions from {0, 1}:
    -> {0}: 0.024170
    -> [STOP]: 0.975830
2025-03-20 15:41:12,760 - SINDyMarkovModel - DEBUG - Transition {0, 2} -> {0}:
2025-03-20 15:41:12,760 - SINDyMarkovModel - DEBUG -   Coefficient mean: [1. 0.]
2025-03-20 15:41:12,760 - SINDyMarkovModel - DEBUG -   Eliminated indices: [2] (positions: [1])
2025-03-20 15:41:12,760 - SINDyMarkovModel - DEBUG -   Retained indices: [0] (positions: [0])
2025-03-20 15:41:12,760 - SINDyMarkovModel - DEBUG -   Independent term probabilities:
2025-03-20 15:41:12,765 - SINDyMarkovModel - DEBUG -     Term 2: P(|coef| < 0.1) = 0.682758 (should be eliminated)
2025-03-20 15:41:12,814 - SINDyMarkovModel - DEBUG - Transitions from {0, 2}:
    -> {0}: 0.683400
    -> [STOP]: 0.316600
2025-03-20 15:41:12,814 - SINDyMarkovModel - DEBUG - Transition {0, 1, 2} -> {0}:
2025-03-20 15:41:12,814 - SINDyMarkovModel - DEBUG -   Coefficient mean: [1. 0. 0.]
2025-03-20 15:41:12,815 - SINDyMarkovModel - DEBUG -   Eliminated indices: [1, 2] (positions: [1, 2])
2025-03-20 15:41:12,815 - SINDyMarkovModel - DEBUG -   Retained indices: [0] (positions: [0])
2025-03-20 15:41:12,815 - SINDyMarkovModel - DEBUG -   Independent term probabilities:
2025-03-20 15:41:12,816 - SINDyMarkovModel - DEBUG -     Term 1: P(|coef| < 0.1) = 0.023723 (should be eliminated)
2025-03-20 15:41:12,816 - SINDyMarkovModel - DEBUG -     Term 2: P(|coef| < 0.1) = 0.677811 (should be eliminated)
2025-03-20 15:41:12,852 - SINDyMarkovModel - DEBUG - Transition {0, 1, 2} -> {0, 1}:
2025-03-20 15:41:12,853 - SINDyMarkovModel - DEBUG -   Coefficient mean: [1. 0. 0.]
2025-03-20 15:41:12,853 - SINDyMarkovModel - DEBUG -   Eliminated indices: [2] (positions: [2])
2025-03-20 15:41:12,853 - SINDyMarkovModel - DEBUG -   Retained indices: [0, 1] (positions: [0, 1])
2025-03-20 15:41:12,853 - SINDyMarkovModel - DEBUG -   Independent term probabilities:
2025-03-20 15:41:12,866 - SINDyMarkovModel - DEBUG -     Term 2: P(|coef| < 0.1) = 0.677811 (should be eliminated)
2025-03-20 15:41:12,929 - SINDyMarkovModel - DEBUG - Transition {0, 1, 2} -> {0, 2}:
2025-03-20 15:41:12,929 - SINDyMarkovModel - DEBUG -   Coefficient mean: [1. 0. 0.]
2025-03-20 15:41:12,929 - SINDyMarkovModel - DEBUG -   Eliminated indices: [1] (positions: [1])
2025-03-20 15:41:12,929 - SINDyMarkovModel - DEBUG -   Retained indices: [0, 2] (positions: [0, 2])
2025-03-20 15:41:12,929 - SINDyMarkovModel - DEBUG -   Independent term probabilities:
2025-03-20 15:41:12,935 - SINDyMarkovModel - DEBUG -     Term 1: P(|coef| < 0.1) = 0.023723 (should be eliminated)
2025-03-20 15:41:12,974 - SINDyMarkovModel - DEBUG - Transitions from {0, 1, 2}:
    -> {0}: 0.015760
    -> {0, 1}: 0.646920
    -> {0, 2}: 0.007580
    -> [STOP]: 0.329740
2025-03-20 15:41:12,974 - SINDyMarkovModel - INFO - 
State Reachability Probabilities:
2025-03-20 15:41:12,975 - SINDyMarkovModel - INFO -   State {0, 1, 2}: 1.000000
2025-03-20 15:41:12,976 - SINDyMarkovModel - INFO -   State {0, 2}: 0.007580
2025-03-20 15:41:12,976 - SINDyMarkovModel - INFO -   State {0, 1}: 0.646920
2025-03-20 15:41:12,976 - SINDyMarkovModel - INFO -   TRUE MODEL STATE {0}: 0.036576
2025-03-20 15:41:12,977 - SINDyMarkovModel - INFO - 
--------------------------------------------------------------------------------
SUCCESS PROBABILITY CALCULATION
--------------------------------------------------------------------------------
2025-03-20 15:41:12,977 - SINDyMarkovModel - INFO - Method 1 - Direct Calculation:
2025-03-20 15:41:12,977 - SINDyMarkovModel - INFO -   Probability of reaching true state:    0.036576
2025-03-20 15:41:12,978 - SINDyMarkovModel - INFO -   Probability of stopping at true state: 1.000000
2025-03-20 15:41:12,978 - SINDyMarkovModel - INFO -   Success probability = 0.036576 × 1.000000 = 0.036576
2025-03-20 15:41:12,978 - SINDyMarkovModel - INFO - 
================================================================================
END OF SUCCESS PROBABILITY CALCULATION
================================================================================
2025-03-20 15:41:12,979 - SINDyMarkovModel - INFO - 
Running STLSQ simulation with 50 trials...
2025-03-20 15:41:12,982 - SINDyMarkovModel - INFO - 
--------------------------------------------------------------------------------
STLSQ SIMULATION RESULTS (2/50 successful, 0.0400)
--------------------------------------------------------------------------------
2025-03-20 15:41:12,983 - SINDyMarkovModel - INFO - 
Sample of 5 trials:
2025-03-20 15:41:12,983 - SINDyMarkovModel - INFO -   Trial 1: FAILURE, Identified terms: [0, 1]
2025-03-20 15:41:12,983 - SINDyMarkovModel - INFO -     Trajectory: [0, 1] -> [STOP]
2025-03-20 15:41:12,984 - SINDyMarkovModel - INFO -   Trial 2: FAILURE, Identified terms: [0, 1]
2025-03-20 15:41:12,984 - SINDyMarkovModel - INFO -     Trajectory: [0, 1] -> [STOP]
2025-03-20 15:41:12,984 - SINDyMarkovModel - INFO -   Trial 3: FAILURE, Identified terms: [0, 2]
2025-03-20 15:41:12,984 - SINDyMarkovModel - INFO -     Trajectory: [0, 2] -> [STOP]
2025-03-20 15:41:12,984 - SINDyMarkovModel - INFO -   Trial 4: FAILURE, Identified terms: [0, 1]
2025-03-20 15:41:12,985 - SINDyMarkovModel - INFO -     Trajectory: [0, 1] -> [STOP]
2025-03-20 15:41:12,985 - SINDyMarkovModel - INFO -   Trial 5: FAILURE, Identified terms: [1]
2025-03-20 15:41:12,985 - SINDyMarkovModel - INFO -     Trajectory: [0, 1] -> [1] -> [STOP]
2025-03-20 15:41:12,985 - SINDyMarkovModel - INFO - 
Path Analysis:
2025-03-20 15:41:12,986 - SINDyMarkovModel - INFO - Top 5 paths through state space:
2025-03-20 15:41:12,986 - SINDyMarkovModel - INFO -   [0, 1] -> [STOP]: 36 occurrences (72.0% of trials)
2025-03-20 15:41:12,986 - SINDyMarkovModel - INFO -   [0, 1, 2] -> [STOP]: 10 occurrences (20.0% of trials)
2025-03-20 15:41:12,986 - SINDyMarkovModel - INFO -   [0] -> [STOP]: 2 occurrences (4.0% of trials)
2025-03-20 15:41:12,986 - SINDyMarkovModel - INFO -   [0, 2] -> [STOP]: 1 occurrences (2.0% of trials)
2025-03-20 15:41:12,986 - SINDyMarkovModel - INFO -   [0, 1] -> [1] -> [STOP]: 1 occurrences (2.0% of trials)
2025-03-20 15:41:12,987 - SINDyMarkovModel - INFO - 
Most common failure patterns:
2025-03-20 15:41:12,987 - SINDyMarkovModel - INFO -   [0, 1]: 36 occurrences (75.0% of failures)
2025-03-20 15:41:12,987 - SINDyMarkovModel - INFO -   [0, 1, 2]: 10 occurrences (20.8% of failures)
2025-03-20 15:41:12,987 - SINDyMarkovModel - INFO -   [0, 2]: 1 occurrences (2.1% of failures)
2025-03-20 15:41:12,988 - SINDyMarkovModel - INFO - 
Coefficient Distribution Analysis:
2025-03-20 15:41:12,990 - SINDyMarkovModel - INFO - 
State [0, 1] (observed 16 times):
2025-03-20 15:41:12,990 - SINDyMarkovModel - INFO - Coefficient means:
2025-03-20 15:41:12,991 - SINDyMarkovModel - INFO -   Coef 0: Theoretical: 1.000000, Empirical: 0.865125, Diff: 0.134875 (13.5%)
2025-03-20 15:41:12,992 - SINDyMarkovModel - INFO -   Coef 1: Theoretical: 0.000000, Empirical: 0.137092, Diff: 0.137092 (inf%)
2025-03-20 15:41:12,992 - SINDyMarkovModel - INFO - 
Coefficient standard deviations:
2025-03-20 15:41:12,993 - SINDyMarkovModel - INFO -   Coef 0: Theoretical: 3.250049, Empirical: 2.467846, Ratio: 1.3170
2025-03-20 15:41:12,993 - SINDyMarkovModel - INFO -   Coef 1: Theoretical: 3.328618, Empirical: 2.521896, Ratio: 1.3199
2025-03-20 15:41:12,993 - SINDyMarkovModel - INFO - 
State [0, 1, 2] (observed 3 times):
2025-03-20 15:41:12,993 - SINDyMarkovModel - INFO - Coefficient means:
2025-03-20 15:41:12,993 - SINDyMarkovModel - INFO -   Coef 0: Theoretical: 1.000000, Empirical: -1.788045, Diff: 2.788045 (278.8%)
2025-03-20 15:41:12,994 - SINDyMarkovModel - INFO -   Coef 1: Theoretical: 0.000000, Empirical: 2.857493, Diff: 2.857493 (inf%)
2025-03-20 15:41:12,994 - SINDyMarkovModel - INFO -   Coef 2: Theoretical: 0.000000, Empirical: 0.143170, Diff: 0.143170 (inf%)
2025-03-20 15:41:12,994 - SINDyMarkovModel - INFO - 
Coefficient standard deviations:
2025-03-20 15:41:12,994 - SINDyMarkovModel - INFO -   Coef 0: Theoretical: 3.285137, Empirical: 4.859546, Ratio: 0.6760
2025-03-20 15:41:12,994 - SINDyMarkovModel - INFO -   Coef 1: Theoretical: 3.362814, Empirical: 4.904102, Ratio: 0.6857
2025-03-20 15:41:12,995 - SINDyMarkovModel - INFO -   Coef 2: Theoretical: 0.101013, Empirical: 0.026368, Ratio: 3.8310
2025-03-20 15:41:12,995 - SINDyMarkovModel - INFO - 
--------------------------------------------------------------------------------
CONFIGURATION SUMMARY
--------------------------------------------------------------------------------
2025-03-20 15:41:12,996 - SINDyMarkovModel - INFO - Data Range: 0.5, Samples: 100
2025-03-20 15:41:12,996 - SINDyMarkovModel - INFO - Log Determinant of Gram Matrix: -4.9862
2025-03-20 15:41:12,996 - SINDyMarkovModel - INFO - Discriminability Details:
2025-03-20 15:41:12,996 - SINDyMarkovModel - INFO -   Term 0(true) vs Term 1(false): 0.5227
2025-03-20 15:41:12,996 - SINDyMarkovModel - INFO -   Term 0(true) vs Term 2(false): 1063.7542
2025-03-20 15:41:12,997 - SINDyMarkovModel - INFO - Average Discriminability: 532.1384
2025-03-20 15:41:12,997 - SINDyMarkovModel - INFO - Theoretical Success Probability: 0.0366
2025-03-20 15:41:12,997 - SINDyMarkovModel - INFO - Empirical Success Probability: 0.0400
2025-03-20 15:41:12,997 - SINDyMarkovModel - INFO - Difference: 0.0034
2025-03-20 15:41:12,997 - SINDyMarkovModel - INFO - --------------------------------------------------------------------------------


2025-03-20 15:41:12,997 - SINDyMarkovModel - INFO - 
============================================================
2025-03-20 15:41:12,998 - SINDyMarkovModel - INFO - CONFIGURATION 2/6
2025-03-20 15:41:12,998 - SINDyMarkovModel - INFO - Data Range: 0.5, Samples: 200
2025-03-20 15:41:12,998 - SINDyMarkovModel - INFO - ============================================================
2025-03-20 15:41:12,998 - SINDyMarkovModel - INFO - Computing Gram matrix with 200 sample points
2025-03-20 15:41:12,999 - SINDyMarkovModel - INFO - Log determinant of Gram matrix: -2.9556
2025-03-20 15:41:12,999 - SINDyMarkovModel - INFO - 
================================================================================
BEGINNING SUCCESS PROBABILITY CALCULATION
================================================================================
2025-03-20 15:41:12,999 - SINDyMarkovModel - INFO - All indices = {0, 1, 2}
2025-03-20 15:41:12,999 - SINDyMarkovModel - INFO - True indices = {0}
2025-03-20 15:41:12,999 - SINDyMarkovModel - INFO - Target state (true model) = {0}
2025-03-20 15:41:13,000 - SINDyMarkovModel - INFO - Generated 4 valid states:
2025-03-20 15:41:13,000 - SINDyMarkovModel - DEBUG -   State 1: {0}
2025-03-20 15:41:13,000 - SINDyMarkovModel - DEBUG -   State 2: {0, 1}
2025-03-20 15:41:13,000 - SINDyMarkovModel - DEBUG -   State 3: {0, 2}
2025-03-20 15:41:13,000 - SINDyMarkovModel - DEBUG -   State 4: {0, 1, 2}
2025-03-20 15:41:13,001 - SINDyMarkovModel - INFO - 
TRUE MODEL STATE TRANSITIONS
2025-03-20 15:41:13,001 - SINDyMarkovModel - INFO - Transitions from {0}:
    -> [STOP]: 1.000000
2025-03-20 15:41:13,001 - SINDyMarkovModel - INFO - TRUE MODEL STATE STOPPING PROBABILITY: 1.000000

2025-03-20 15:41:13,001 - SINDyMarkovModel - DEBUG - Transitions from {0, 1}:
    -> {0}: 0.024170
    -> [STOP]: 0.975830
2025-03-20 15:41:13,001 - SINDyMarkovModel - DEBUG - Transitions from {0, 2}:
    -> {0}: 0.683400
    -> [STOP]: 0.316600
2025-03-20 15:41:13,001 - SINDyMarkovModel - DEBUG - Transitions from {0, 1, 2}:
    -> {0}: 0.015760
    -> {0, 1}: 0.646920
    -> {0, 2}: 0.007580
    -> [STOP]: 0.329740
2025-03-20 15:41:13,001 - SINDyMarkovModel - INFO - 
State Reachability Probabilities:
2025-03-20 15:41:13,002 - SINDyMarkovModel - INFO -   State {0, 1, 2}: 1.000000
2025-03-20 15:41:13,002 - SINDyMarkovModel - INFO -   State {0, 2}: 0.007580
2025-03-20 15:41:13,002 - SINDyMarkovModel - INFO -   State {0, 1}: 0.646920
2025-03-20 15:41:13,002 - SINDyMarkovModel - INFO -   TRUE MODEL STATE {0}: 0.036576
2025-03-20 15:41:13,002 - SINDyMarkovModel - INFO - 
--------------------------------------------------------------------------------
SUCCESS PROBABILITY CALCULATION
--------------------------------------------------------------------------------
2025-03-20 15:41:13,003 - SINDyMarkovModel - INFO - Method 1 - Direct Calculation:
2025-03-20 15:41:13,003 - SINDyMarkovModel - INFO -   Probability of reaching true state:    0.036576
2025-03-20 15:41:13,003 - SINDyMarkovModel - INFO -   Probability of stopping at true state: 1.000000
2025-03-20 15:41:13,003 - SINDyMarkovModel - INFO -   Success probability = 0.036576 × 1.000000 = 0.036576
2025-03-20 15:41:13,003 - SINDyMarkovModel - INFO - 
================================================================================
END OF SUCCESS PROBABILITY CALCULATION
================================================================================
2025-03-20 15:41:13,004 - SINDyMarkovModel - INFO - 
Running STLSQ simulation with 50 trials...
2025-03-20 15:41:13,009 - SINDyMarkovModel - INFO - 
--------------------------------------------------------------------------------
STLSQ SIMULATION RESULTS (3/50 successful, 0.0600)
--------------------------------------------------------------------------------
2025-03-20 15:41:13,010 - SINDyMarkovModel - INFO - 
Sample of 5 trials:
2025-03-20 15:41:13,011 - SINDyMarkovModel - INFO -   Trial 1: FAILURE, Identified terms: [1]
2025-03-20 15:41:13,011 - SINDyMarkovModel - INFO -     Trajectory: [1] -> [STOP]
2025-03-20 15:41:13,011 - SINDyMarkovModel - INFO -   Trial 2: FAILURE, Identified terms: [0, 1]
2025-03-20 15:41:13,011 - SINDyMarkovModel - INFO -     Trajectory: [0, 1] -> [STOP]
2025-03-20 15:41:13,011 - SINDyMarkovModel - INFO -   Trial 3: FAILURE, Identified terms: [0, 1, 2]
2025-03-20 15:41:13,012 - SINDyMarkovModel - INFO -     Trajectory: [0, 1, 2] -> [STOP]
2025-03-20 15:41:13,012 - SINDyMarkovModel - INFO -   Trial 4: FAILURE, Identified terms: [1]
2025-03-20 15:41:13,012 - SINDyMarkovModel - INFO -     Trajectory: [0, 1] -> [1] -> [STOP]
2025-03-20 15:41:13,012 - SINDyMarkovModel - INFO -   Trial 5: FAILURE, Identified terms: [0, 1]
2025-03-20 15:41:13,013 - SINDyMarkovModel - INFO -     Trajectory: [0, 1] -> [STOP]
2025-03-20 15:41:13,013 - SINDyMarkovModel - INFO - 
Path Analysis:
2025-03-20 15:41:13,013 - SINDyMarkovModel - INFO - Top 5 paths through state space:
2025-03-20 15:41:13,013 - SINDyMarkovModel - INFO -   [0, 1] -> [STOP]: 33 occurrences (66.0% of trials)
2025-03-20 15:41:13,013 - SINDyMarkovModel - INFO -   [0, 1, 2] -> [STOP]: 8 occurrences (16.0% of trials)
2025-03-20 15:41:13,014 - SINDyMarkovModel - INFO -   [1] -> [STOP]: 2 occurrences (4.0% of trials)
2025-03-20 15:41:13,014 - SINDyMarkovModel - INFO -   [0, 1] -> [1] -> [STOP]: 2 occurrences (4.0% of trials)
2025-03-20 15:41:13,014 - SINDyMarkovModel - INFO -   [0, 1] -> [0] -> [STOP]: 2 occurrences (4.0% of trials)
2025-03-20 15:41:13,014 - SINDyMarkovModel - INFO - 
Most common failure patterns:
2025-03-20 15:41:13,015 - SINDyMarkovModel - INFO -   [0, 1]: 33 occurrences (70.2% of failures)
2025-03-20 15:41:13,015 - SINDyMarkovModel - INFO -   [0, 1, 2]: 8 occurrences (17.0% of failures)
2025-03-20 15:41:13,016 - SINDyMarkovModel - INFO -   [1]: 4 occurrences (8.5% of failures)
2025-03-20 15:41:13,017 - SINDyMarkovModel - INFO - 
Coefficient Distribution Analysis:
2025-03-20 15:41:13,018 - SINDyMarkovModel - INFO - 
State [1] (observed 3 times):
2025-03-20 15:41:13,018 - SINDyMarkovModel - INFO - Coefficient means:
2025-03-20 15:41:13,018 - SINDyMarkovModel - INFO -   Coef 0: Theoretical: 0.000000, Empirical: 1.026436, Diff: 1.026436 (inf%)
2025-03-20 15:41:13,019 - SINDyMarkovModel - INFO - 
Coefficient standard deviations:
2025-03-20 15:41:13,019 - SINDyMarkovModel - INFO -   Coef 0: Theoretical: 0.026296, Empirical: 0.004989, Ratio: 5.2705
2025-03-20 15:41:13,019 - SINDyMarkovModel - INFO - 
State [0, 1] (observed 13 times):
2025-03-20 15:41:13,019 - SINDyMarkovModel - INFO - Coefficient means:
2025-03-20 15:41:13,020 - SINDyMarkovModel - INFO -   Coef 0: Theoretical: 1.000000, Empirical: 1.274577, Diff: 0.274577 (27.5%)
2025-03-20 15:41:13,020 - SINDyMarkovModel - INFO -   Coef 1: Theoretical: 0.000000, Empirical: -0.291082, Diff: 0.291082 (inf%)
2025-03-20 15:41:13,020 - SINDyMarkovModel - INFO - 
Coefficient standard deviations:
2025-03-20 15:41:13,020 - SINDyMarkovModel - INFO -   Coef 0: Theoretical: 2.395719, Empirical: 2.889633, Ratio: 0.8291
2025-03-20 15:41:13,021 - SINDyMarkovModel - INFO -   Coef 1: Theoretical: 2.452050, Empirical: 2.956432, Ratio: 0.8294
2025-03-20 15:41:13,021 - SINDyMarkovModel - INFO - 
State [0, 1, 2] (observed 4 times):
2025-03-20 15:41:13,021 - SINDyMarkovModel - INFO - Coefficient means:
2025-03-20 15:41:13,021 - SINDyMarkovModel - INFO -   Coef 0: Theoretical: 1.000000, Empirical: 1.624231, Diff: 0.624231 (62.4%)
2025-03-20 15:41:13,022 - SINDyMarkovModel - INFO -   Coef 1: Theoretical: 0.000000, Empirical: -0.653174, Diff: 0.653174 (inf%)
2025-03-20 15:41:13,022 - SINDyMarkovModel - INFO -   Coef 2: Theoretical: 0.000000, Empirical: -0.044113, Diff: 0.044113 (inf%)
2025-03-20 15:41:13,022 - SINDyMarkovModel - INFO - 
Coefficient standard deviations:
2025-03-20 15:41:13,022 - SINDyMarkovModel - INFO -   Coef 0: Theoretical: 2.420861, Empirical: 1.680134, Ratio: 1.4409
2025-03-20 15:41:13,023 - SINDyMarkovModel - INFO -   Coef 1: Theoretical: 2.477898, Empirical: 1.726414, Ratio: 1.4353
2025-03-20 15:41:13,023 - SINDyMarkovModel - INFO -   Coef 2: Theoretical: 0.069580, Empirical: 0.130463, Ratio: 0.5333
2025-03-20 15:41:13,023 - SINDyMarkovModel - INFO - 
--------------------------------------------------------------------------------
CONFIGURATION SUMMARY
--------------------------------------------------------------------------------
2025-03-20 15:41:13,024 - SINDyMarkovModel - INFO - Data Range: 0.5, Samples: 200
2025-03-20 15:41:13,025 - SINDyMarkovModel - INFO - Log Determinant of Gram Matrix: -2.9556
2025-03-20 15:41:13,025 - SINDyMarkovModel - INFO - Discriminability Details:
2025-03-20 15:41:13,025 - SINDyMarkovModel - INFO -   Term 0(true) vs Term 1(false): 0.9698
2025-03-20 15:41:13,026 - SINDyMarkovModel - INFO -   Term 0(true) vs Term 2(false): 1693.1239
2025-03-20 15:41:13,026 - SINDyMarkovModel - INFO - Average Discriminability: 847.0468
2025-03-20 15:41:13,026 - SINDyMarkovModel - INFO - Theoretical Success Probability: 0.0366
2025-03-20 15:41:13,027 - SINDyMarkovModel - INFO - Empirical Success Probability: 0.0600
2025-03-20 15:41:13,027 - SINDyMarkovModel - INFO - Difference: 0.0234
2025-03-20 15:41:13,027 - SINDyMarkovModel - INFO - --------------------------------------------------------------------------------


2025-03-20 15:41:13,028 - SINDyMarkovModel - INFO - 
============================================================
2025-03-20 15:41:13,028 - SINDyMarkovModel - INFO - CONFIGURATION 3/6
2025-03-20 15:41:13,028 - SINDyMarkovModel - INFO - Data Range: 0.5, Samples: 500
2025-03-20 15:41:13,028 - SINDyMarkovModel - INFO - ============================================================
2025-03-20 15:41:13,028 - SINDyMarkovModel - INFO - Computing Gram matrix with 500 sample points
2025-03-20 15:41:13,029 - SINDyMarkovModel - INFO - Log determinant of Gram matrix: 0.1832
2025-03-20 15:41:13,029 - SINDyMarkovModel - INFO - 
================================================================================
BEGINNING SUCCESS PROBABILITY CALCULATION
================================================================================
2025-03-20 15:41:13,029 - SINDyMarkovModel - INFO - All indices = {0, 1, 2}
2025-03-20 15:41:13,030 - SINDyMarkovModel - INFO - True indices = {0}
2025-03-20 15:41:13,030 - SINDyMarkovModel - INFO - Target state (true model) = {0}
2025-03-20 15:41:13,030 - SINDyMarkovModel - INFO - Generated 4 valid states:
2025-03-20 15:41:13,030 - SINDyMarkovModel - DEBUG -   State 1: {0}
2025-03-20 15:41:13,031 - SINDyMarkovModel - DEBUG -   State 2: {0, 1}
2025-03-20 15:41:13,031 - SINDyMarkovModel - DEBUG -   State 3: {0, 2}
2025-03-20 15:41:13,031 - SINDyMarkovModel - DEBUG -   State 4: {0, 1, 2}
2025-03-20 15:41:13,031 - SINDyMarkovModel - INFO - 
TRUE MODEL STATE TRANSITIONS
2025-03-20 15:41:13,031 - SINDyMarkovModel - INFO - Transitions from {0}:
    -> [STOP]: 1.000000
2025-03-20 15:41:13,031 - SINDyMarkovModel - INFO - TRUE MODEL STATE STOPPING PROBABILITY: 1.000000

2025-03-20 15:41:13,032 - SINDyMarkovModel - DEBUG - Transitions from {0, 1}:
    -> {0}: 0.024170
    -> [STOP]: 0.975830
2025-03-20 15:41:13,032 - SINDyMarkovModel - DEBUG - Transitions from {0, 2}:
    -> {0}: 0.683400
    -> [STOP]: 0.316600
2025-03-20 15:41:13,032 - SINDyMarkovModel - DEBUG - Transitions from {0, 1, 2}:
    -> {0}: 0.015760
    -> {0, 1}: 0.646920
    -> {0, 2}: 0.007580
    -> [STOP]: 0.329740
2025-03-20 15:41:13,032 - SINDyMarkovModel - INFO - 
State Reachability Probabilities:
2025-03-20 15:41:13,032 - SINDyMarkovModel - INFO -   State {0, 1, 2}: 1.000000
2025-03-20 15:41:13,032 - SINDyMarkovModel - INFO -   State {0, 2}: 0.007580
2025-03-20 15:41:13,033 - SINDyMarkovModel - INFO -   State {0, 1}: 0.646920
2025-03-20 15:41:13,033 - SINDyMarkovModel - INFO -   TRUE MODEL STATE {0}: 0.036576
2025-03-20 15:41:13,033 - SINDyMarkovModel - INFO - 
--------------------------------------------------------------------------------
SUCCESS PROBABILITY CALCULATION
--------------------------------------------------------------------------------
2025-03-20 15:41:13,034 - SINDyMarkovModel - INFO - Method 1 - Direct Calculation:
2025-03-20 15:41:13,034 - SINDyMarkovModel - INFO -   Probability of reaching true state:    0.036576
2025-03-20 15:41:13,034 - SINDyMarkovModel - INFO -   Probability of stopping at true state: 1.000000
2025-03-20 15:41:13,034 - SINDyMarkovModel - INFO -   Success probability = 0.036576 × 1.000000 = 0.036576
2025-03-20 15:41:13,035 - SINDyMarkovModel - INFO - 
================================================================================
END OF SUCCESS PROBABILITY CALCULATION
================================================================================
2025-03-20 15:41:13,035 - SINDyMarkovModel - INFO - 
Running STLSQ simulation with 50 trials...
2025-03-20 15:41:13,039 - SINDyMarkovModel - INFO - 
--------------------------------------------------------------------------------
STLSQ SIMULATION RESULTS (1/50 successful, 0.0200)
--------------------------------------------------------------------------------
2025-03-20 15:41:13,040 - SINDyMarkovModel - INFO - 
Sample of 5 trials:
2025-03-20 15:41:13,040 - SINDyMarkovModel - INFO -   Trial 1: FAILURE, Identified terms: [0, 1]
2025-03-20 15:41:13,041 - SINDyMarkovModel - INFO -     Trajectory: [0, 1] -> [STOP]
2025-03-20 15:41:13,041 - SINDyMarkovModel - INFO -   Trial 2: FAILURE, Identified terms: [0, 1]
2025-03-20 15:41:13,041 - SINDyMarkovModel - INFO -     Trajectory: [0, 1] -> [STOP]
2025-03-20 15:41:13,041 - SINDyMarkovModel - INFO -   Trial 3: FAILURE, Identified terms: [0, 1]
2025-03-20 15:41:13,042 - SINDyMarkovModel - INFO -     Trajectory: [0, 1] -> [STOP]
2025-03-20 15:41:13,042 - SINDyMarkovModel - INFO -   Trial 4: FAILURE, Identified terms: [0, 1]
2025-03-20 15:41:13,042 - SINDyMarkovModel - INFO -     Trajectory: [0, 1] -> [STOP]
2025-03-20 15:41:13,042 - SINDyMarkovModel - INFO -   Trial 5: FAILURE, Identified terms: [0, 1]
2025-03-20 15:41:13,042 - SINDyMarkovModel - INFO -     Trajectory: [0, 1] -> [STOP]
2025-03-20 15:41:13,043 - SINDyMarkovModel - INFO - 
Path Analysis:
2025-03-20 15:41:13,043 - SINDyMarkovModel - INFO - Top 4 paths through state space:
2025-03-20 15:41:13,043 - SINDyMarkovModel - INFO -   [0, 1] -> [STOP]: 44 occurrences (88.0% of trials)
2025-03-20 15:41:13,043 - SINDyMarkovModel - INFO -   [1] -> [STOP]: 3 occurrences (6.0% of trials)
2025-03-20 15:41:13,044 - SINDyMarkovModel - INFO -   [0, 1, 2] -> [STOP]: 2 occurrences (4.0% of trials)
2025-03-20 15:41:13,044 - SINDyMarkovModel - INFO -   [0] -> [STOP]: 1 occurrences (2.0% of trials)
2025-03-20 15:41:13,044 - SINDyMarkovModel - INFO - 
Most common failure patterns:
2025-03-20 15:41:13,044 - SINDyMarkovModel - INFO -   [0, 1]: 44 occurrences (89.8% of failures)
2025-03-20 15:41:13,045 - SINDyMarkovModel - INFO -   [1]: 3 occurrences (6.1% of failures)
2025-03-20 15:41:13,045 - SINDyMarkovModel - INFO -   [0, 1, 2]: 2 occurrences (4.1% of failures)
2025-03-20 15:41:13,047 - SINDyMarkovModel - INFO - 
Coefficient Distribution Analysis:
2025-03-20 15:41:13,047 - SINDyMarkovModel - INFO - 
State [0, 1] (observed 16 times):
2025-03-20 15:41:13,048 - SINDyMarkovModel - INFO - Coefficient means:
2025-03-20 15:41:13,048 - SINDyMarkovModel - INFO -   Coef 0: Theoretical: 1.000000, Empirical: 0.625710, Diff: 0.374290 (37.4%)
2025-03-20 15:41:13,048 - SINDyMarkovModel - INFO -   Coef 1: Theoretical: 0.000000, Empirical: 0.384250, Diff: 0.384250 (inf%)
2025-03-20 15:41:13,048 - SINDyMarkovModel - INFO - 
Coefficient standard deviations:
2025-03-20 15:41:13,049 - SINDyMarkovModel - INFO -   Coef 0: Theoretical: 1.381581, Empirical: 1.202095, Ratio: 1.1493
2025-03-20 15:41:13,049 - SINDyMarkovModel - INFO -   Coef 1: Theoretical: 1.415860, Empirical: 1.235642, Ratio: 1.1458
2025-03-20 15:41:13,049 - SINDyMarkovModel - INFO - 
--------------------------------------------------------------------------------
CONFIGURATION SUMMARY
--------------------------------------------------------------------------------
2025-03-20 15:41:13,049 - SINDyMarkovModel - INFO - Data Range: 0.5, Samples: 500
2025-03-20 15:41:13,050 - SINDyMarkovModel - INFO - Log Determinant of Gram Matrix: 0.1832
2025-03-20 15:41:13,050 - SINDyMarkovModel - INFO - Discriminability Details:
2025-03-20 15:41:13,050 - SINDyMarkovModel - INFO -   Term 0(true) vs Term 1(false): 2.8942
2025-03-20 15:41:13,050 - SINDyMarkovModel - INFO -   Term 0(true) vs Term 2(false): 4375.0016
2025-03-20 15:41:13,050 - SINDyMarkovModel - INFO - Average Discriminability: 2188.9479
2025-03-20 15:41:13,050 - SINDyMarkovModel - INFO - Theoretical Success Probability: 0.0366
2025-03-20 15:41:13,051 - SINDyMarkovModel - INFO - Empirical Success Probability: 0.0200
2025-03-20 15:41:13,051 - SINDyMarkovModel - INFO - Difference: 0.0166
2025-03-20 15:41:13,051 - SINDyMarkovModel - INFO - --------------------------------------------------------------------------------


2025-03-20 15:41:13,051 - SINDyMarkovModel - INFO - 
============================================================
2025-03-20 15:41:13,052 - SINDyMarkovModel - INFO - CONFIGURATION 4/6
2025-03-20 15:41:13,052 - SINDyMarkovModel - INFO - Data Range: 1.0, Samples: 100
2025-03-20 15:41:13,052 - SINDyMarkovModel - INFO - ============================================================
2025-03-20 15:41:13,052 - SINDyMarkovModel - INFO - Computing Gram matrix with 100 sample points
2025-03-20 15:41:13,052 - SINDyMarkovModel - INFO - Log determinant of Gram matrix: 2.7208
2025-03-20 15:41:13,053 - SINDyMarkovModel - INFO - 
================================================================================
BEGINNING SUCCESS PROBABILITY CALCULATION
================================================================================
2025-03-20 15:41:13,053 - SINDyMarkovModel - INFO - All indices = {0, 1, 2}
2025-03-20 15:41:13,053 - SINDyMarkovModel - INFO - True indices = {0}
2025-03-20 15:41:13,053 - SINDyMarkovModel - INFO - Target state (true model) = {0}
2025-03-20 15:41:13,053 - SINDyMarkovModel - INFO - Generated 4 valid states:
2025-03-20 15:41:13,054 - SINDyMarkovModel - DEBUG -   State 1: {0}
2025-03-20 15:41:13,054 - SINDyMarkovModel - DEBUG -   State 2: {0, 1}
2025-03-20 15:41:13,054 - SINDyMarkovModel - DEBUG -   State 3: {0, 2}
2025-03-20 15:41:13,054 - SINDyMarkovModel - DEBUG -   State 4: {0, 1, 2}
2025-03-20 15:41:13,054 - SINDyMarkovModel - INFO - 
TRUE MODEL STATE TRANSITIONS
2025-03-20 15:41:13,054 - SINDyMarkovModel - INFO - Transitions from {0}:
    -> [STOP]: 1.000000
2025-03-20 15:41:13,054 - SINDyMarkovModel - INFO - TRUE MODEL STATE STOPPING PROBABILITY: 1.000000

2025-03-20 15:41:13,054 - SINDyMarkovModel - DEBUG - Transitions from {0, 1}:
    -> {0}: 0.024170
    -> [STOP]: 0.975830
2025-03-20 15:41:13,055 - SINDyMarkovModel - DEBUG - Transitions from {0, 2}:
    -> {0}: 0.683400
    -> [STOP]: 0.316600
2025-03-20 15:41:13,055 - SINDyMarkovModel - DEBUG - Transitions from {0, 1, 2}:
    -> {0}: 0.015760
    -> {0, 1}: 0.646920
    -> {0, 2}: 0.007580
    -> [STOP]: 0.329740
2025-03-20 15:41:13,055 - SINDyMarkovModel - INFO - 
State Reachability Probabilities:
2025-03-20 15:41:13,057 - SINDyMarkovModel - INFO -   State {0, 1, 2}: 1.000000
2025-03-20 15:41:13,057 - SINDyMarkovModel - INFO -   State {0, 2}: 0.007580
2025-03-20 15:41:13,057 - SINDyMarkovModel - INFO -   State {0, 1}: 0.646920
2025-03-20 15:41:13,057 - SINDyMarkovModel - INFO -   TRUE MODEL STATE {0}: 0.036576
2025-03-20 15:41:13,058 - SINDyMarkovModel - INFO - 
--------------------------------------------------------------------------------
SUCCESS PROBABILITY CALCULATION
--------------------------------------------------------------------------------
2025-03-20 15:41:13,058 - SINDyMarkovModel - INFO - Method 1 - Direct Calculation:
2025-03-20 15:41:13,058 - SINDyMarkovModel - INFO -   Probability of reaching true state:    0.036576
2025-03-20 15:41:13,059 - SINDyMarkovModel - INFO -   Probability of stopping at true state: 1.000000
2025-03-20 15:41:13,059 - SINDyMarkovModel - INFO -   Success probability = 0.036576 × 1.000000 = 0.036576
2025-03-20 15:41:13,059 - SINDyMarkovModel - INFO - 
================================================================================
END OF SUCCESS PROBABILITY CALCULATION
================================================================================
2025-03-20 15:41:13,059 - SINDyMarkovModel - INFO - 
Running STLSQ simulation with 50 trials...
2025-03-20 15:41:13,062 - SINDyMarkovModel - INFO - 
--------------------------------------------------------------------------------
STLSQ SIMULATION RESULTS (7/50 successful, 0.1400)
--------------------------------------------------------------------------------
2025-03-20 15:41:13,063 - SINDyMarkovModel - INFO - 
Sample of 5 trials:
2025-03-20 15:41:13,063 - SINDyMarkovModel - INFO -   Trial 1: FAILURE, Identified terms: [0, 1]
2025-03-20 15:41:13,063 - SINDyMarkovModel - INFO -     Trajectory: [0, 1] -> [STOP]
2025-03-20 15:41:13,063 - SINDyMarkovModel - INFO -   Trial 2: FAILURE, Identified terms: [0, 1]
2025-03-20 15:41:13,064 - SINDyMarkovModel - INFO -     Trajectory: [0, 1] -> [STOP]
2025-03-20 15:41:13,064 - SINDyMarkovModel - INFO -   Trial 3: FAILURE, Identified terms: [0, 1]
2025-03-20 15:41:13,064 - SINDyMarkovModel - INFO -     Trajectory: [0, 1] -> [STOP]
2025-03-20 15:41:13,064 - SINDyMarkovModel - INFO -   Trial 4: SUCCESS, Identified terms: [0]
2025-03-20 15:41:13,065 - SINDyMarkovModel - INFO -     Trajectory: [0, 1] -> [0] -> [STOP]
2025-03-20 15:41:13,065 - SINDyMarkovModel - INFO -   Trial 5: FAILURE, Identified terms: [0, 1]
2025-03-20 15:41:13,065 - SINDyMarkovModel - INFO -     Trajectory: [0, 1] -> [STOP]
2025-03-20 15:41:13,065 - SINDyMarkovModel - INFO - 
Path Analysis:
2025-03-20 15:41:13,065 - SINDyMarkovModel - INFO - Top 4 paths through state space:
2025-03-20 15:41:13,066 - SINDyMarkovModel - INFO -   [0, 1] -> [STOP]: 42 occurrences (84.0% of trials)
2025-03-20 15:41:13,066 - SINDyMarkovModel - INFO -   [0] -> [STOP]: 4 occurrences (8.0% of trials)
2025-03-20 15:41:13,066 - SINDyMarkovModel - INFO -   [0, 1] -> [0] -> [STOP]: 3 occurrences (6.0% of trials)
2025-03-20 15:41:13,066 - SINDyMarkovModel - INFO -   [0, 1] -> [1] -> [STOP]: 1 occurrences (2.0% of trials)
2025-03-20 15:41:13,066 - SINDyMarkovModel - INFO - 
Most common failure patterns:
2025-03-20 15:41:13,067 - SINDyMarkovModel - INFO -   [0, 1]: 42 occurrences (97.7% of failures)
2025-03-20 15:41:13,067 - SINDyMarkovModel - INFO -   [1]: 1 occurrences (2.3% of failures)
2025-03-20 15:41:13,069 - SINDyMarkovModel - INFO - 
Coefficient Distribution Analysis:
2025-03-20 15:41:13,069 - SINDyMarkovModel - INFO - 
State [0, 1] (observed 18 times):
2025-03-20 15:41:13,070 - SINDyMarkovModel - INFO - Coefficient means:
2025-03-20 15:41:13,070 - SINDyMarkovModel - INFO -   Coef 0: Theoretical: 1.000000, Empirical: 0.871031, Diff: 0.128969 (12.9%)
2025-03-20 15:41:13,070 - SINDyMarkovModel - INFO -   Coef 1: Theoretical: 0.000000, Empirical: 0.144314, Diff: 0.144314 (inf%)
2025-03-20 15:41:13,070 - SINDyMarkovModel - INFO - 
Coefficient standard deviations:
2025-03-20 15:41:13,070 - SINDyMarkovModel - INFO -   Coef 0: Theoretical: 0.452719, Empirical: 0.454363, Ratio: 0.9964
2025-03-20 15:41:13,070 - SINDyMarkovModel - INFO -   Coef 1: Theoretical: 0.494334, Empirical: 0.486544, Ratio: 1.0160
2025-03-20 15:41:13,071 - SINDyMarkovModel - INFO - 
State [0] (observed 4 times):
2025-03-20 15:41:13,071 - SINDyMarkovModel - INFO - Coefficient means:
2025-03-20 15:41:13,071 - SINDyMarkovModel - INFO -   Coef 0: Theoretical: 1.000000, Empirical: 1.007644, Diff: 0.007644 (0.8%)
2025-03-20 15:41:13,071 - SINDyMarkovModel - INFO - 
Coefficient standard deviations:
2025-03-20 15:41:13,074 - SINDyMarkovModel - INFO -   Coef 0: Theoretical: 0.019042, Empirical: 0.010121, Ratio: 1.8814
2025-03-20 15:41:13,074 - SINDyMarkovModel - INFO - 
--------------------------------------------------------------------------------
CONFIGURATION SUMMARY
--------------------------------------------------------------------------------
2025-03-20 15:41:13,076 - SINDyMarkovModel - INFO - Data Range: 1.0, Samples: 100
2025-03-20 15:41:13,076 - SINDyMarkovModel - INFO - Log Determinant of Gram Matrix: 2.7208
2025-03-20 15:41:13,077 - SINDyMarkovModel - INFO - Discriminability Details:
2025-03-20 15:41:13,077 - SINDyMarkovModel - INFO -   Term 0(true) vs Term 1(false): 24.0162
2025-03-20 15:41:13,078 - SINDyMarkovModel - INFO -   Term 0(true) vs Term 2(false): 4482.8517
2025-03-20 15:41:13,078 - SINDyMarkovModel - INFO - Average Discriminability: 2253.4340
2025-03-20 15:41:13,078 - SINDyMarkovModel - INFO - Theoretical Success Probability: 0.0366
2025-03-20 15:41:13,079 - SINDyMarkovModel - INFO - Empirical Success Probability: 0.1400
2025-03-20 15:41:13,079 - SINDyMarkovModel - INFO - Large Discrepancy: 0.1034
2025-03-20 15:41:13,080 - SINDyMarkovModel - INFO - --------------------------------------------------------------------------------


2025-03-20 15:41:13,080 - SINDyMarkovModel - INFO - 
============================================================
2025-03-20 15:41:13,081 - SINDyMarkovModel - INFO - CONFIGURATION 5/6
2025-03-20 15:41:13,081 - SINDyMarkovModel - INFO - Data Range: 1.0, Samples: 200
2025-03-20 15:41:13,082 - SINDyMarkovModel - INFO - ============================================================
2025-03-20 15:41:13,082 - SINDyMarkovModel - INFO - Computing Gram matrix with 200 sample points
2025-03-20 15:41:13,083 - SINDyMarkovModel - INFO - Log determinant of Gram matrix: 5.7238
2025-03-20 15:41:13,083 - SINDyMarkovModel - INFO - 
================================================================================
BEGINNING SUCCESS PROBABILITY CALCULATION
================================================================================
2025-03-20 15:41:13,084 - SINDyMarkovModel - INFO - All indices = {0, 1, 2}
2025-03-20 15:41:13,084 - SINDyMarkovModel - INFO - True indices = {0}
2025-03-20 15:41:13,085 - SINDyMarkovModel - INFO - Target state (true model) = {0}
2025-03-20 15:41:13,085 - SINDyMarkovModel - INFO - Generated 4 valid states:
2025-03-20 15:41:13,086 - SINDyMarkovModel - DEBUG -   State 1: {0}
2025-03-20 15:41:13,086 - SINDyMarkovModel - DEBUG -   State 2: {0, 1}
2025-03-20 15:41:13,086 - SINDyMarkovModel - DEBUG -   State 3: {0, 2}
2025-03-20 15:41:13,086 - SINDyMarkovModel - DEBUG -   State 4: {0, 1, 2}
2025-03-20 15:41:13,086 - SINDyMarkovModel - INFO - 
TRUE MODEL STATE TRANSITIONS
2025-03-20 15:41:13,087 - SINDyMarkovModel - INFO - Transitions from {0}:
    -> [STOP]: 1.000000
2025-03-20 15:41:13,087 - SINDyMarkovModel - INFO - TRUE MODEL STATE STOPPING PROBABILITY: 1.000000

2025-03-20 15:41:13,088 - SINDyMarkovModel - DEBUG - Transitions from {0, 1}:
    -> {0}: 0.024170
    -> [STOP]: 0.975830
2025-03-20 15:41:13,088 - SINDyMarkovModel - DEBUG - Transitions from {0, 2}:
    -> {0}: 0.683400
    -> [STOP]: 0.316600
2025-03-20 15:41:13,088 - SINDyMarkovModel - DEBUG - Transitions from {0, 1, 2}:
    -> {0}: 0.015760
    -> {0, 1}: 0.646920
    -> {0, 2}: 0.007580
    -> [STOP]: 0.329740
2025-03-20 15:41:13,088 - SINDyMarkovModel - INFO - 
State Reachability Probabilities:
2025-03-20 15:41:13,088 - SINDyMarkovModel - INFO -   State {0, 1, 2}: 1.000000
2025-03-20 15:41:13,089 - SINDyMarkovModel - INFO -   State {0, 2}: 0.007580
2025-03-20 15:41:13,089 - SINDyMarkovModel - INFO -   State {0, 1}: 0.646920
2025-03-20 15:41:13,089 - SINDyMarkovModel - INFO -   TRUE MODEL STATE {0}: 0.036576
2025-03-20 15:41:13,090 - SINDyMarkovModel - INFO - 
--------------------------------------------------------------------------------
SUCCESS PROBABILITY CALCULATION
--------------------------------------------------------------------------------
2025-03-20 15:41:13,091 - SINDyMarkovModel - INFO - Method 1 - Direct Calculation:
2025-03-20 15:41:13,091 - SINDyMarkovModel - INFO -   Probability of reaching true state:    0.036576
2025-03-20 15:41:13,092 - SINDyMarkovModel - INFO -   Probability of stopping at true state: 1.000000
2025-03-20 15:41:13,092 - SINDyMarkovModel - INFO -   Success probability = 0.036576 × 1.000000 = 0.036576
2025-03-20 15:41:13,093 - SINDyMarkovModel - INFO - 
================================================================================
END OF SUCCESS PROBABILITY CALCULATION
================================================================================
2025-03-20 15:41:13,093 - SINDyMarkovModel - INFO - 
Running STLSQ simulation with 50 trials...
2025-03-20 15:41:13,100 - SINDyMarkovModel - INFO - 
--------------------------------------------------------------------------------
STLSQ SIMULATION RESULTS (15/50 successful, 0.3000)
--------------------------------------------------------------------------------
2025-03-20 15:41:13,101 - SINDyMarkovModel - INFO - 
Sample of 5 trials:
2025-03-20 15:41:13,102 - SINDyMarkovModel - INFO -   Trial 1: FAILURE, Identified terms: [0, 1]
2025-03-20 15:41:13,102 - SINDyMarkovModel - INFO -     Trajectory: [0, 1] -> [STOP]
2025-03-20 15:41:13,103 - SINDyMarkovModel - INFO -   Trial 2: FAILURE, Identified terms: [0, 1]
2025-03-20 15:41:13,103 - SINDyMarkovModel - INFO -     Trajectory: [0, 1] -> [STOP]
2025-03-20 15:41:13,103 - SINDyMarkovModel - INFO -   Trial 3: SUCCESS, Identified terms: [0]
2025-03-20 15:41:13,104 - SINDyMarkovModel - INFO -     Trajectory: [0] -> [STOP]
2025-03-20 15:41:13,104 - SINDyMarkovModel - INFO -   Trial 4: FAILURE, Identified terms: [0, 1]
2025-03-20 15:41:13,106 - SINDyMarkovModel - INFO -     Trajectory: [0, 1] -> [STOP]
2025-03-20 15:41:13,107 - SINDyMarkovModel - INFO -   Trial 5: FAILURE, Identified terms: [0, 1]
2025-03-20 15:41:13,107 - SINDyMarkovModel - INFO -     Trajectory: [0, 1] -> [STOP]
2025-03-20 15:41:13,108 - SINDyMarkovModel - INFO - 
Path Analysis:
2025-03-20 15:41:13,108 - SINDyMarkovModel - INFO - Top 3 paths through state space:
2025-03-20 15:41:13,108 - SINDyMarkovModel - INFO -   [0, 1] -> [STOP]: 35 occurrences (70.0% of trials)
2025-03-20 15:41:13,109 - SINDyMarkovModel - INFO -   [0] -> [STOP]: 11 occurrences (22.0% of trials)
2025-03-20 15:41:13,109 - SINDyMarkovModel - INFO -   [0, 1] -> [0] -> [STOP]: 4 occurrences (8.0% of trials)
2025-03-20 15:41:13,110 - SINDyMarkovModel - INFO - 
Most common failure patterns:
2025-03-20 15:41:13,110 - SINDyMarkovModel - INFO -   [0, 1]: 35 occurrences (100.0% of failures)
2025-03-20 15:41:13,112 - SINDyMarkovModel - INFO - 
Coefficient Distribution Analysis:
2025-03-20 15:41:13,113 - SINDyMarkovModel - INFO - 
State [0, 1] (observed 16 times):
2025-03-20 15:41:13,113 - SINDyMarkovModel - INFO - Coefficient means:
2025-03-20 15:41:13,114 - SINDyMarkovModel - INFO -   Coef 0: Theoretical: 1.000000, Empirical: 0.916544, Diff: 0.083456 (8.3%)
2025-03-20 15:41:13,114 - SINDyMarkovModel - INFO -   Coef 1: Theoretical: 0.000000, Empirical: 0.098453, Diff: 0.098453 (inf%)
2025-03-20 15:41:13,114 - SINDyMarkovModel - INFO - 
Coefficient standard deviations:
2025-03-20 15:41:13,115 - SINDyMarkovModel - INFO -   Coef 0: Theoretical: 0.262632, Empirical: 0.333509, Ratio: 0.7875
2025-03-20 15:41:13,115 - SINDyMarkovModel - INFO -   Coef 1: Theoretical: 0.290181, Empirical: 0.376472, Ratio: 0.7708
2025-03-20 15:41:13,115 - SINDyMarkovModel - INFO - 
State [0] (observed 4 times):
2025-03-20 15:41:13,115 - SINDyMarkovModel - INFO - Coefficient means:
2025-03-20 15:41:13,116 - SINDyMarkovModel - INFO -   Coef 0: Theoretical: 1.000000, Empirical: 1.007915, Diff: 0.007915 (0.8%)
2025-03-20 15:41:13,116 - SINDyMarkovModel - INFO - 
Coefficient standard deviations:
2025-03-20 15:41:13,116 - SINDyMarkovModel - INFO -   Coef 0: Theoretical: 0.012179, Empirical: 0.007701, Ratio: 1.5816
2025-03-20 15:41:13,116 - SINDyMarkovModel - INFO - 
--------------------------------------------------------------------------------
CONFIGURATION SUMMARY
--------------------------------------------------------------------------------
2025-03-20 15:41:13,117 - SINDyMarkovModel - INFO - Data Range: 1.0, Samples: 200
2025-03-20 15:41:13,117 - SINDyMarkovModel - INFO - Log Determinant of Gram Matrix: 5.7238
2025-03-20 15:41:13,117 - SINDyMarkovModel - INFO - Discriminability Details:
2025-03-20 15:41:13,117 - SINDyMarkovModel - INFO -   Term 0(true) vs Term 1(false): 73.8860
2025-03-20 15:41:13,118 - SINDyMarkovModel - INFO -   Term 0(true) vs Term 2(false): 10472.7099
2025-03-20 15:41:13,118 - SINDyMarkovModel - INFO - Average Discriminability: 5273.2979
2025-03-20 15:41:13,118 - SINDyMarkovModel - INFO - Theoretical Success Probability: 0.0366
2025-03-20 15:41:13,118 - SINDyMarkovModel - INFO - Empirical Success Probability: 0.3000
2025-03-20 15:41:13,119 - SINDyMarkovModel - INFO - Large Discrepancy: 0.2634
2025-03-20 15:41:13,119 - SINDyMarkovModel - INFO - --------------------------------------------------------------------------------


2025-03-20 15:41:13,119 - SINDyMarkovModel - INFO - 
============================================================
2025-03-20 15:41:13,119 - SINDyMarkovModel - INFO - CONFIGURATION 6/6
2025-03-20 15:41:13,120 - SINDyMarkovModel - INFO - Data Range: 1.0, Samples: 500
2025-03-20 15:41:13,120 - SINDyMarkovModel - INFO - ============================================================
2025-03-20 15:41:13,120 - SINDyMarkovModel - INFO - Computing Gram matrix with 500 sample points
2025-03-20 15:41:13,120 - SINDyMarkovModel - INFO - Log determinant of Gram matrix: 8.4229
2025-03-20 15:41:13,120 - SINDyMarkovModel - INFO - 
================================================================================
BEGINNING SUCCESS PROBABILITY CALCULATION
================================================================================
2025-03-20 15:41:13,121 - SINDyMarkovModel - INFO - All indices = {0, 1, 2}
2025-03-20 15:41:13,121 - SINDyMarkovModel - INFO - True indices = {0}
2025-03-20 15:41:13,121 - SINDyMarkovModel - INFO - Target state (true model) = {0}
2025-03-20 15:41:13,121 - SINDyMarkovModel - INFO - Generated 4 valid states:
2025-03-20 15:41:13,121 - SINDyMarkovModel - DEBUG -   State 1: {0}
2025-03-20 15:41:13,121 - SINDyMarkovModel - DEBUG -   State 2: {0, 1}
2025-03-20 15:41:13,121 - SINDyMarkovModel - DEBUG -   State 3: {0, 2}
2025-03-20 15:41:13,121 - SINDyMarkovModel - DEBUG -   State 4: {0, 1, 2}
2025-03-20 15:41:13,121 - SINDyMarkovModel - INFO - 
TRUE MODEL STATE TRANSITIONS
2025-03-20 15:41:13,122 - SINDyMarkovModel - INFO - Transitions from {0}:
    -> [STOP]: 1.000000
2025-03-20 15:41:13,122 - SINDyMarkovModel - INFO - TRUE MODEL STATE STOPPING PROBABILITY: 1.000000

2025-03-20 15:41:13,122 - SINDyMarkovModel - DEBUG - Transitions from {0, 1}:
    -> {0}: 0.024170
    -> [STOP]: 0.975830
2025-03-20 15:41:13,122 - SINDyMarkovModel - DEBUG - Transitions from {0, 2}:
    -> {0}: 0.683400
    -> [STOP]: 0.316600
2025-03-20 15:41:13,122 - SINDyMarkovModel - DEBUG - Transitions from {0, 1, 2}:
    -> {0}: 0.015760
    -> {0, 1}: 0.646920
    -> {0, 2}: 0.007580
    -> [STOP]: 0.329740
2025-03-20 15:41:13,123 - SINDyMarkovModel - INFO - 
State Reachability Probabilities:
2025-03-20 15:41:13,123 - SINDyMarkovModel - INFO -   State {0, 1, 2}: 1.000000
2025-03-20 15:41:13,123 - SINDyMarkovModel - INFO -   State {0, 2}: 0.007580
2025-03-20 15:41:13,124 - SINDyMarkovModel - INFO -   State {0, 1}: 0.646920
2025-03-20 15:41:13,124 - SINDyMarkovModel - INFO -   TRUE MODEL STATE {0}: 0.036576
2025-03-20 15:41:13,124 - SINDyMarkovModel - INFO - 
--------------------------------------------------------------------------------
SUCCESS PROBABILITY CALCULATION
--------------------------------------------------------------------------------
2025-03-20 15:41:13,125 - SINDyMarkovModel - INFO - Method 1 - Direct Calculation:
2025-03-20 15:41:13,125 - SINDyMarkovModel - INFO -   Probability of reaching true state:    0.036576
2025-03-20 15:41:13,126 - SINDyMarkovModel - INFO -   Probability of stopping at true state: 1.000000
2025-03-20 15:41:13,126 - SINDyMarkovModel - INFO -   Success probability = 0.036576 × 1.000000 = 0.036576
2025-03-20 15:41:13,126 - SINDyMarkovModel - INFO - 
================================================================================
END OF SUCCESS PROBABILITY CALCULATION
================================================================================
2025-03-20 15:41:13,127 - SINDyMarkovModel - INFO - 
Running STLSQ simulation with 50 trials...
2025-03-20 15:41:13,130 - SINDyMarkovModel - INFO - 
--------------------------------------------------------------------------------
STLSQ SIMULATION RESULTS (27/50 successful, 0.5400)
--------------------------------------------------------------------------------
2025-03-20 15:41:13,131 - SINDyMarkovModel - INFO - 
Sample of 5 trials:
2025-03-20 15:41:13,132 - SINDyMarkovModel - INFO -   Trial 1: SUCCESS, Identified terms: [0]
2025-03-20 15:41:13,132 - SINDyMarkovModel - INFO -     Trajectory: [0] -> [STOP]
2025-03-20 15:41:13,132 - SINDyMarkovModel - INFO -   Trial 2: FAILURE, Identified terms: [0, 1]
2025-03-20 15:41:13,132 - SINDyMarkovModel - INFO -     Trajectory: [0, 1] -> [STOP]
2025-03-20 15:41:13,132 - SINDyMarkovModel - INFO -   Trial 3: FAILURE, Identified terms: [0, 1]
2025-03-20 15:41:13,132 - SINDyMarkovModel - INFO -     Trajectory: [0, 1] -> [STOP]
2025-03-20 15:41:13,133 - SINDyMarkovModel - INFO -   Trial 4: SUCCESS, Identified terms: [0]
2025-03-20 15:41:13,133 - SINDyMarkovModel - INFO -     Trajectory: [0] -> [STOP]
2025-03-20 15:41:13,133 - SINDyMarkovModel - INFO -   Trial 5: SUCCESS, Identified terms: [0]
2025-03-20 15:41:13,134 - SINDyMarkovModel - INFO -     Trajectory: [0] -> [STOP]
2025-03-20 15:41:13,134 - SINDyMarkovModel - INFO - 
Path Analysis:
2025-03-20 15:41:13,134 - SINDyMarkovModel - INFO - Top 2 paths through state space:
2025-03-20 15:41:13,134 - SINDyMarkovModel - INFO -   [0] -> [STOP]: 27 occurrences (54.0% of trials)
2025-03-20 15:41:13,134 - SINDyMarkovModel - INFO -   [0, 1] -> [STOP]: 23 occurrences (46.0% of trials)
2025-03-20 15:41:13,134 - SINDyMarkovModel - INFO - 
Most common failure patterns:
2025-03-20 15:41:13,135 - SINDyMarkovModel - INFO -   [0, 1]: 23 occurrences (100.0% of failures)
2025-03-20 15:41:13,136 - SINDyMarkovModel - INFO - 
Coefficient Distribution Analysis:
2025-03-20 15:41:13,137 - SINDyMarkovModel - INFO - 
State [0] (observed 14 times):
2025-03-20 15:41:13,137 - SINDyMarkovModel - INFO - Coefficient means:
2025-03-20 15:41:13,137 - SINDyMarkovModel - INFO -   Coef 0: Theoretical: 1.000000, Empirical: 0.998688, Diff: 0.001312 (0.1%)
2025-03-20 15:41:13,137 - SINDyMarkovModel - INFO - 
Coefficient standard deviations:
2025-03-20 15:41:13,137 - SINDyMarkovModel - INFO -   Coef 0: Theoretical: 0.007932, Empirical: 0.006658, Ratio: 1.1913
2025-03-20 15:41:13,137 - SINDyMarkovModel - INFO - 
State [0, 1] (observed 6 times):
2025-03-20 15:41:13,138 - SINDyMarkovModel - INFO - Coefficient means:
2025-03-20 15:41:13,140 - SINDyMarkovModel - INFO -   Coef 0: Theoretical: 1.000000, Empirical: 0.865422, Diff: 0.134578 (13.5%)
2025-03-20 15:41:13,140 - SINDyMarkovModel - INFO -   Coef 1: Theoretical: 0.000000, Empirical: 0.151088, Diff: 0.151088 (inf%)
2025-03-20 15:41:13,141 - SINDyMarkovModel - INFO - 
Coefficient standard deviations:
2025-03-20 15:41:13,141 - SINDyMarkovModel - INFO -   Coef 0: Theoretical: 0.165274, Empirical: 0.135172, Ratio: 1.2227
2025-03-20 15:41:13,141 - SINDyMarkovModel - INFO -   Coef 1: Theoretical: 0.182913, Empirical: 0.143834, Ratio: 1.2717
2025-03-20 15:41:13,142 - SINDyMarkovModel - INFO - 
--------------------------------------------------------------------------------
CONFIGURATION SUMMARY
--------------------------------------------------------------------------------
2025-03-20 15:41:13,142 - SINDyMarkovModel - INFO - Data Range: 1.0, Samples: 500
2025-03-20 15:41:13,143 - SINDyMarkovModel - INFO - Log Determinant of Gram Matrix: 8.4229
2025-03-20 15:41:13,143 - SINDyMarkovModel - INFO - Discriminability Details:
2025-03-20 15:41:13,143 - SINDyMarkovModel - INFO -   Term 0(true) vs Term 1(false): 180.8966
2025-03-20 15:41:13,143 - SINDyMarkovModel - INFO -   Term 0(true) vs Term 2(false): 26675.3919
2025-03-20 15:41:13,143 - SINDyMarkovModel - INFO - Average Discriminability: 13428.1443
2025-03-20 15:41:13,143 - SINDyMarkovModel - INFO - Theoretical Success Probability: 0.0366
2025-03-20 15:41:13,144 - SINDyMarkovModel - INFO - Empirical Success Probability: 0.5400
2025-03-20 15:41:13,144 - SINDyMarkovModel - INFO - Large Discrepancy: 0.5034
2025-03-20 15:41:13,144 - SINDyMarkovModel - INFO - --------------------------------------------------------------------------------


2025-03-20 15:41:13,145 - SINDyMarkovModel - INFO - 
================================================================================
THEORY VS SIMULATION COMPARISON COMPLETE
================================================================================
