2025-03-20 15:41:13,147 - SINDyMarkovModel - INFO - Initializing SINDy Markov Model
2025-03-20 15:41:13,147 - SINDyMarkovModel - INFO - True term indices: [0]
2025-03-20 15:41:13,147 - SINDyMarkovModel - INFO - 
================================================================================
STARTING THEORY VS SIMULATION COMPARISON
================================================================================
2025-03-20 15:41:13,148 - SINDyMarkovModel - INFO - Experiment Setup:
2025-03-20 15:41:13,148 - SINDyMarkovModel - INFO -   Testing 2 data ranges: [0.5 1. ]
2025-03-20 15:41:13,149 - SINDyMarkovModel - INFO -   Testing 3 sample sizes: [100 200 500]
2025-03-20 15:41:13,149 - SINDyMarkovModel - INFO -   Running 50 trials per configuration
2025-03-20 15:41:13,149 - SINDyMarkovModel - INFO -   Lambda/Sigma Ratio: 2.0000
2025-03-20 15:41:13,149 - SINDyMarkovModel - INFO - --------------------------------------------------------------------------------
2025-03-20 15:41:13,149 - SINDyMarkovModel - INFO - 
============================================================
2025-03-20 15:41:13,150 - SINDyMarkovModel - INFO - CONFIGURATION 1/6
2025-03-20 15:41:13,150 - SINDyMarkovModel - INFO - Data Range: 0.5, Samples: 100
2025-03-20 15:41:13,150 - SINDyMarkovModel - INFO - ============================================================
2025-03-20 15:41:13,150 - SINDyMarkovModel - INFO - Computing Gram matrix with 100 sample points
2025-03-20 15:41:13,150 - SINDyMarkovModel - INFO - Log determinant of Gram matrix: -4.6018
2025-03-20 15:41:13,151 - SINDyMarkovModel - INFO - 
================================================================================
BEGINNING SUCCESS PROBABILITY CALCULATION
================================================================================
2025-03-20 15:41:13,151 - SINDyMarkovModel - INFO - All indices = {0, 1, 2}
2025-03-20 15:41:13,151 - SINDyMarkovModel - INFO - True indices = {0}
2025-03-20 15:41:13,151 - SINDyMarkovModel - INFO - Target state (true model) = {0}
2025-03-20 15:41:13,152 - SINDyMarkovModel - INFO - Generated 4 valid states:
2025-03-20 15:41:13,152 - SINDyMarkovModel - DEBUG -   State 1: {0}
2025-03-20 15:41:13,152 - SINDyMarkovModel - DEBUG -   State 2: {0, 1}
2025-03-20 15:41:13,152 - SINDyMarkovModel - DEBUG -   State 3: {0, 2}
2025-03-20 15:41:13,152 - SINDyMarkovModel - DEBUG -   State 4: {0, 1, 2}
2025-03-20 15:41:13,152 - SINDyMarkovModel - INFO - 
TRUE MODEL STATE TRANSITIONS
2025-03-20 15:41:13,152 - SINDyMarkovModel - INFO - Transitions from {0}:
    -> [STOP]: 1.000000
2025-03-20 15:41:13,152 - SINDyMarkovModel - INFO - TRUE MODEL STATE STOPPING PROBABILITY: 1.000000

2025-03-20 15:41:13,153 - SINDyMarkovModel - DEBUG - Transition {0, 1} -> {0}:
2025-03-20 15:41:13,153 - SINDyMarkovModel - DEBUG -   Coefficient mean: [1. 0.]
2025-03-20 15:41:13,153 - SINDyMarkovModel - DEBUG -   Eliminated indices: [1] (positions: [1])
2025-03-20 15:41:13,153 - SINDyMarkovModel - DEBUG -   Retained indices: [0] (positions: [0])
2025-03-20 15:41:13,153 - SINDyMarkovModel - DEBUG -   Independent term probabilities:
2025-03-20 15:41:13,159 - SINDyMarkovModel - DEBUG -     Term 1: P(|coef| < 0.2) = 0.050584 (should be eliminated)
2025-03-20 15:41:13,194 - SINDyMarkovModel - DEBUG - Transitions from {0, 1}:
    -> {0}: 0.050470
    -> [STOP]: 0.949530
2025-03-20 15:41:13,194 - SINDyMarkovModel - DEBUG - Transition {0, 2} -> {0}:
2025-03-20 15:41:13,194 - SINDyMarkovModel - DEBUG -   Coefficient mean: [1. 0.]
2025-03-20 15:41:13,194 - SINDyMarkovModel - DEBUG -   Eliminated indices: [2] (positions: [1])
2025-03-20 15:41:13,194 - SINDyMarkovModel - DEBUG -   Retained indices: [0] (positions: [0])
2025-03-20 15:41:13,194 - SINDyMarkovModel - DEBUG -   Independent term probabilities:
2025-03-20 15:41:13,199 - SINDyMarkovModel - DEBUG -     Term 2: P(|coef| < 0.2) = 0.973668 (should be eliminated)
2025-03-20 15:41:13,258 - SINDyMarkovModel - DEBUG - Transitions from {0, 2}:
    -> {0}: 0.973500
    -> [STOP]: 0.026500
2025-03-20 15:41:13,258 - SINDyMarkovModel - DEBUG - Transition {0, 1, 2} -> {0}:
2025-03-20 15:41:13,258 - SINDyMarkovModel - DEBUG -   Coefficient mean: [1. 0. 0.]
2025-03-20 15:41:13,258 - SINDyMarkovModel - DEBUG -   Eliminated indices: [1, 2] (positions: [1, 2])
2025-03-20 15:41:13,258 - SINDyMarkovModel - DEBUG -   Retained indices: [0] (positions: [0])
2025-03-20 15:41:13,258 - SINDyMarkovModel - DEBUG -   Independent term probabilities:
2025-03-20 15:41:13,264 - SINDyMarkovModel - DEBUG -     Term 1: P(|coef| < 0.2) = 0.050459 (should be eliminated)
2025-03-20 15:41:13,264 - SINDyMarkovModel - DEBUG -     Term 2: P(|coef| < 0.2) = 0.973292 (should be eliminated)
2025-03-20 15:41:13,299 - SINDyMarkovModel - DEBUG - Transition {0, 1, 2} -> {0, 1}:
2025-03-20 15:41:13,299 - SINDyMarkovModel - DEBUG -   Coefficient mean: [1. 0. 0.]
2025-03-20 15:41:13,299 - SINDyMarkovModel - DEBUG -   Eliminated indices: [2] (positions: [2])
2025-03-20 15:41:13,299 - SINDyMarkovModel - DEBUG -   Retained indices: [0, 1] (positions: [0, 1])
2025-03-20 15:41:13,299 - SINDyMarkovModel - DEBUG -   Independent term probabilities:
2025-03-20 15:41:13,308 - SINDyMarkovModel - DEBUG -     Term 2: P(|coef| < 0.2) = 0.973292 (should be eliminated)
2025-03-20 15:41:13,377 - SINDyMarkovModel - DEBUG - Transition {0, 1, 2} -> {0, 2}:
2025-03-20 15:41:13,377 - SINDyMarkovModel - DEBUG -   Coefficient mean: [1. 0. 0.]
2025-03-20 15:41:13,377 - SINDyMarkovModel - DEBUG -   Eliminated indices: [1] (positions: [1])
2025-03-20 15:41:13,377 - SINDyMarkovModel - DEBUG -   Retained indices: [0, 2] (positions: [0, 2])
2025-03-20 15:41:13,377 - SINDyMarkovModel - DEBUG -   Independent term probabilities:
2025-03-20 15:41:13,382 - SINDyMarkovModel - DEBUG -     Term 1: P(|coef| < 0.2) = 0.050459 (should be eliminated)
2025-03-20 15:41:13,414 - SINDyMarkovModel - DEBUG - Transitions from {0, 1, 2}:
    -> {0}: 0.049290
    -> {0, 1}: 0.875910
    -> {0, 2}: 0.001490
    -> [STOP]: 0.073310
2025-03-20 15:41:13,414 - SINDyMarkovModel - INFO - 
State Reachability Probabilities:
2025-03-20 15:41:13,419 - SINDyMarkovModel - INFO -   State {0, 1, 2}: 1.000000
2025-03-20 15:41:13,419 - SINDyMarkovModel - INFO -   State {0, 2}: 0.001490
2025-03-20 15:41:13,419 - SINDyMarkovModel - INFO -   State {0, 1}: 0.875910
2025-03-20 15:41:13,420 - SINDyMarkovModel - INFO -   TRUE MODEL STATE {0}: 0.094948
2025-03-20 15:41:13,420 - SINDyMarkovModel - INFO - 
--------------------------------------------------------------------------------
SUCCESS PROBABILITY CALCULATION
--------------------------------------------------------------------------------
2025-03-20 15:41:13,421 - SINDyMarkovModel - INFO - Method 1 - Direct Calculation:
2025-03-20 15:41:13,421 - SINDyMarkovModel - INFO -   Probability of reaching true state:    0.094948
2025-03-20 15:41:13,422 - SINDyMarkovModel - INFO -   Probability of stopping at true state: 1.000000
2025-03-20 15:41:13,422 - SINDyMarkovModel - INFO -   Success probability = 0.094948 × 1.000000 = 0.094948
2025-03-20 15:41:13,422 - SINDyMarkovModel - INFO - 
================================================================================
END OF SUCCESS PROBABILITY CALCULATION
================================================================================
2025-03-20 15:41:13,423 - SINDyMarkovModel - INFO - 
Running STLSQ simulation with 50 trials...
2025-03-20 15:41:13,426 - SINDyMarkovModel - INFO - 
--------------------------------------------------------------------------------
STLSQ SIMULATION RESULTS (4/50 successful, 0.0800)
--------------------------------------------------------------------------------
2025-03-20 15:41:13,427 - SINDyMarkovModel - INFO - 
Sample of 5 trials:
2025-03-20 15:41:13,428 - SINDyMarkovModel - INFO -   Trial 1: FAILURE, Identified terms: [0, 1]
2025-03-20 15:41:13,428 - SINDyMarkovModel - INFO -     Trajectory: [0, 1] -> [STOP]
2025-03-20 15:41:13,428 - SINDyMarkovModel - INFO -   Trial 2: FAILURE, Identified terms: [0, 1]
2025-03-20 15:41:13,428 - SINDyMarkovModel - INFO -     Trajectory: [0, 1] -> [STOP]
2025-03-20 15:41:13,428 - SINDyMarkovModel - INFO -   Trial 3: FAILURE, Identified terms: [0, 1]
2025-03-20 15:41:13,429 - SINDyMarkovModel - INFO -     Trajectory: [0, 1] -> [STOP]
2025-03-20 15:41:13,429 - SINDyMarkovModel - INFO -   Trial 4: SUCCESS, Identified terms: [0]
2025-03-20 15:41:13,429 - SINDyMarkovModel - INFO -     Trajectory: [0] -> [STOP]
2025-03-20 15:41:13,429 - SINDyMarkovModel - INFO -   Trial 5: FAILURE, Identified terms: [1]
2025-03-20 15:41:13,429 - SINDyMarkovModel - INFO -     Trajectory: [1] -> [STOP]
2025-03-20 15:41:13,430 - SINDyMarkovModel - INFO - 
Path Analysis:
2025-03-20 15:41:13,430 - SINDyMarkovModel - INFO - Top 5 paths through state space:
2025-03-20 15:41:13,430 - SINDyMarkovModel - INFO -   [0, 1] -> [STOP]: 42 occurrences (84.0% of trials)
2025-03-20 15:41:13,430 - SINDyMarkovModel - INFO -   [0] -> [STOP]: 2 occurrences (4.0% of trials)
2025-03-20 15:41:13,431 - SINDyMarkovModel - INFO -   [1] -> [STOP]: 2 occurrences (4.0% of trials)
2025-03-20 15:41:13,431 - SINDyMarkovModel - INFO -   [1, 2] -> [STOP]: 2 occurrences (4.0% of trials)
2025-03-20 15:41:13,431 - SINDyMarkovModel - INFO -   [0, 1] -> [0] -> [STOP]: 2 occurrences (4.0% of trials)
2025-03-20 15:41:13,431 - SINDyMarkovModel - INFO - 
Most common failure patterns:
2025-03-20 15:41:13,432 - SINDyMarkovModel - INFO -   [0, 1]: 42 occurrences (91.3% of failures)
2025-03-20 15:41:13,432 - SINDyMarkovModel - INFO -   [1]: 2 occurrences (4.3% of failures)
2025-03-20 15:41:13,432 - SINDyMarkovModel - INFO -   [1, 2]: 2 occurrences (4.3% of failures)
2025-03-20 15:41:13,433 - SINDyMarkovModel - INFO - 
Coefficient Distribution Analysis:
2025-03-20 15:41:13,434 - SINDyMarkovModel - INFO - 
State [0, 1] (observed 16 times):
2025-03-20 15:41:13,434 - SINDyMarkovModel - INFO - Coefficient means:
2025-03-20 15:41:13,434 - SINDyMarkovModel - INFO -   Coef 0: Theoretical: 1.000000, Empirical: 2.828734, Diff: 1.828734 (182.9%)
2025-03-20 15:41:13,434 - SINDyMarkovModel - INFO -   Coef 1: Theoretical: 0.000000, Empirical: -1.880777, Diff: 1.880777 (inf%)
2025-03-20 15:41:13,435 - SINDyMarkovModel - INFO - 
Coefficient standard deviations:
2025-03-20 15:41:13,435 - SINDyMarkovModel - INFO -   Coef 0: Theoretical: 3.072956, Empirical: 3.281471, Ratio: 0.9365
2025-03-20 15:41:13,435 - SINDyMarkovModel - INFO -   Coef 1: Theoretical: 3.152557, Empirical: 3.376360, Ratio: 0.9337
2025-03-20 15:41:13,435 - SINDyMarkovModel - INFO - 
--------------------------------------------------------------------------------
CONFIGURATION SUMMARY
--------------------------------------------------------------------------------
2025-03-20 15:41:13,436 - SINDyMarkovModel - INFO - Data Range: 0.5, Samples: 100
2025-03-20 15:41:13,436 - SINDyMarkovModel - INFO - Log Determinant of Gram Matrix: -4.6018
2025-03-20 15:41:13,436 - SINDyMarkovModel - INFO - Discriminability Details:
2025-03-20 15:41:13,436 - SINDyMarkovModel - INFO -   Term 0(true) vs Term 1(false): 0.6212
2025-03-20 15:41:13,436 - SINDyMarkovModel - INFO -   Term 0(true) vs Term 2(false): 999.1145
2025-03-20 15:41:13,436 - SINDyMarkovModel - INFO - Average Discriminability: 499.8679
2025-03-20 15:41:13,436 - SINDyMarkovModel - INFO - Theoretical Success Probability: 0.0949
2025-03-20 15:41:13,437 - SINDyMarkovModel - INFO - Empirical Success Probability: 0.0800
2025-03-20 15:41:13,437 - SINDyMarkovModel - INFO - Difference: 0.0149
2025-03-20 15:41:13,437 - SINDyMarkovModel - INFO - --------------------------------------------------------------------------------


2025-03-20 15:41:13,437 - SINDyMarkovModel - INFO - 
============================================================
2025-03-20 15:41:13,438 - SINDyMarkovModel - INFO - CONFIGURATION 2/6
2025-03-20 15:41:13,438 - SINDyMarkovModel - INFO - Data Range: 0.5, Samples: 200
2025-03-20 15:41:13,438 - SINDyMarkovModel - INFO - ============================================================
2025-03-20 15:41:13,440 - SINDyMarkovModel - INFO - Computing Gram matrix with 200 sample points
2025-03-20 15:41:13,440 - SINDyMarkovModel - INFO - Log determinant of Gram matrix: -2.5432
2025-03-20 15:41:13,440 - SINDyMarkovModel - INFO - 
================================================================================
BEGINNING SUCCESS PROBABILITY CALCULATION
================================================================================
2025-03-20 15:41:13,441 - SINDyMarkovModel - INFO - All indices = {0, 1, 2}
2025-03-20 15:41:13,441 - SINDyMarkovModel - INFO - True indices = {0}
2025-03-20 15:41:13,441 - SINDyMarkovModel - INFO - Target state (true model) = {0}
2025-03-20 15:41:13,441 - SINDyMarkovModel - INFO - Generated 4 valid states:
2025-03-20 15:41:13,442 - SINDyMarkovModel - DEBUG -   State 1: {0}
2025-03-20 15:41:13,442 - SINDyMarkovModel - DEBUG -   State 2: {0, 1}
2025-03-20 15:41:13,442 - SINDyMarkovModel - DEBUG -   State 3: {0, 2}
2025-03-20 15:41:13,442 - SINDyMarkovModel - DEBUG -   State 4: {0, 1, 2}
2025-03-20 15:41:13,442 - SINDyMarkovModel - INFO - 
TRUE MODEL STATE TRANSITIONS
2025-03-20 15:41:13,442 - SINDyMarkovModel - INFO - Transitions from {0}:
    -> [STOP]: 1.000000
2025-03-20 15:41:13,442 - SINDyMarkovModel - INFO - TRUE MODEL STATE STOPPING PROBABILITY: 1.000000

2025-03-20 15:41:13,442 - SINDyMarkovModel - DEBUG - Transitions from {0, 1}:
    -> {0}: 0.050470
    -> [STOP]: 0.949530
2025-03-20 15:41:13,442 - SINDyMarkovModel - DEBUG - Transitions from {0, 2}:
    -> {0}: 0.973500
    -> [STOP]: 0.026500
2025-03-20 15:41:13,442 - SINDyMarkovModel - DEBUG - Transitions from {0, 1, 2}:
    -> {0}: 0.049290
    -> {0, 1}: 0.875910
    -> {0, 2}: 0.001490
    -> [STOP]: 0.073310
2025-03-20 15:41:13,443 - SINDyMarkovModel - INFO - 
State Reachability Probabilities:
2025-03-20 15:41:13,443 - SINDyMarkovModel - INFO -   State {0, 1, 2}: 1.000000
2025-03-20 15:41:13,443 - SINDyMarkovModel - INFO -   State {0, 2}: 0.001490
2025-03-20 15:41:13,443 - SINDyMarkovModel - INFO -   State {0, 1}: 0.875910
2025-03-20 15:41:13,444 - SINDyMarkovModel - INFO -   TRUE MODEL STATE {0}: 0.094948
2025-03-20 15:41:13,444 - SINDyMarkovModel - INFO - 
--------------------------------------------------------------------------------
SUCCESS PROBABILITY CALCULATION
--------------------------------------------------------------------------------
2025-03-20 15:41:13,444 - SINDyMarkovModel - INFO - Method 1 - Direct Calculation:
2025-03-20 15:41:13,444 - SINDyMarkovModel - INFO -   Probability of reaching true state:    0.094948
2025-03-20 15:41:13,444 - SINDyMarkovModel - INFO -   Probability of stopping at true state: 1.000000
2025-03-20 15:41:13,445 - SINDyMarkovModel - INFO -   Success probability = 0.094948 × 1.000000 = 0.094948
2025-03-20 15:41:13,445 - SINDyMarkovModel - INFO - 
================================================================================
END OF SUCCESS PROBABILITY CALCULATION
================================================================================
2025-03-20 15:41:13,446 - SINDyMarkovModel - INFO - 
Running STLSQ simulation with 50 trials...
2025-03-20 15:41:13,449 - SINDyMarkovModel - INFO - 
--------------------------------------------------------------------------------
STLSQ SIMULATION RESULTS (4/50 successful, 0.0800)
--------------------------------------------------------------------------------
2025-03-20 15:41:13,449 - SINDyMarkovModel - INFO - 
Sample of 5 trials:
2025-03-20 15:41:13,450 - SINDyMarkovModel - INFO -   Trial 1: SUCCESS, Identified terms: [0]
2025-03-20 15:41:13,450 - SINDyMarkovModel - INFO -     Trajectory: [0] -> [STOP]
2025-03-20 15:41:13,451 - SINDyMarkovModel - INFO -   Trial 2: FAILURE, Identified terms: [0, 1]
2025-03-20 15:41:13,451 - SINDyMarkovModel - INFO -     Trajectory: [0, 1] -> [STOP]
2025-03-20 15:41:13,451 - SINDyMarkovModel - INFO -   Trial 3: FAILURE, Identified terms: [1]
2025-03-20 15:41:13,452 - SINDyMarkovModel - INFO -     Trajectory: [0, 1] -> [1] -> [STOP]
2025-03-20 15:41:13,452 - SINDyMarkovModel - INFO -   Trial 4: FAILURE, Identified terms: [0, 1]
2025-03-20 15:41:13,452 - SINDyMarkovModel - INFO -     Trajectory: [0, 1] -> [STOP]
2025-03-20 15:41:13,453 - SINDyMarkovModel - INFO -   Trial 5: FAILURE, Identified terms: [0, 1]
2025-03-20 15:41:13,453 - SINDyMarkovModel - INFO -     Trajectory: [0, 1] -> [STOP]
2025-03-20 15:41:13,453 - SINDyMarkovModel - INFO - 
Path Analysis:
2025-03-20 15:41:13,453 - SINDyMarkovModel - INFO - Top 4 paths through state space:
2025-03-20 15:41:13,453 - SINDyMarkovModel - INFO -   [0, 1] -> [STOP]: 44 occurrences (88.0% of trials)
2025-03-20 15:41:13,453 - SINDyMarkovModel - INFO -   [0] -> [STOP]: 3 occurrences (6.0% of trials)
2025-03-20 15:41:13,454 - SINDyMarkovModel - INFO -   [0, 1] -> [1] -> [STOP]: 2 occurrences (4.0% of trials)
2025-03-20 15:41:13,454 - SINDyMarkovModel - INFO -   [0, 1] -> [0] -> [STOP]: 1 occurrences (2.0% of trials)
2025-03-20 15:41:13,454 - SINDyMarkovModel - INFO - 
Most common failure patterns:
2025-03-20 15:41:13,455 - SINDyMarkovModel - INFO -   [0, 1]: 44 occurrences (95.7% of failures)
2025-03-20 15:41:13,455 - SINDyMarkovModel - INFO -   [1]: 2 occurrences (4.3% of failures)
2025-03-20 15:41:13,456 - SINDyMarkovModel - INFO - 
Coefficient Distribution Analysis:
2025-03-20 15:41:13,456 - SINDyMarkovModel - INFO - 
State [0, 1] (observed 19 times):
2025-03-20 15:41:13,457 - SINDyMarkovModel - INFO - Coefficient means:
2025-03-20 15:41:13,457 - SINDyMarkovModel - INFO -   Coef 0: Theoretical: 1.000000, Empirical: 1.613012, Diff: 0.613012 (61.3%)
2025-03-20 15:41:13,458 - SINDyMarkovModel - INFO -   Coef 1: Theoretical: 0.000000, Empirical: -0.632224, Diff: 0.632224 (inf%)
2025-03-20 15:41:13,458 - SINDyMarkovModel - INFO - 
Coefficient standard deviations:
2025-03-20 15:41:13,458 - SINDyMarkovModel - INFO -   Coef 0: Theoretical: 2.264828, Empirical: 2.239803, Ratio: 1.0112
2025-03-20 15:41:13,458 - SINDyMarkovModel - INFO -   Coef 1: Theoretical: 2.322248, Empirical: 2.296108, Ratio: 1.0114
2025-03-20 15:41:13,459 - SINDyMarkovModel - INFO - 
--------------------------------------------------------------------------------
CONFIGURATION SUMMARY
--------------------------------------------------------------------------------
2025-03-20 15:41:13,459 - SINDyMarkovModel - INFO - Data Range: 0.5, Samples: 200
2025-03-20 15:41:13,460 - SINDyMarkovModel - INFO - Log Determinant of Gram Matrix: -2.5432
2025-03-20 15:41:13,460 - SINDyMarkovModel - INFO - Discriminability Details:
2025-03-20 15:41:13,460 - SINDyMarkovModel - INFO -   Term 0(true) vs Term 1(false): 1.2277
2025-03-20 15:41:13,460 - SINDyMarkovModel - INFO -   Term 0(true) vs Term 2(false): 2103.1723
2025-03-20 15:41:13,461 - SINDyMarkovModel - INFO - Average Discriminability: 1052.2000
2025-03-20 15:41:13,461 - SINDyMarkovModel - INFO - Theoretical Success Probability: 0.0949
2025-03-20 15:41:13,461 - SINDyMarkovModel - INFO - Empirical Success Probability: 0.0800
2025-03-20 15:41:13,461 - SINDyMarkovModel - INFO - Difference: 0.0149
2025-03-20 15:41:13,461 - SINDyMarkovModel - INFO - --------------------------------------------------------------------------------


2025-03-20 15:41:13,461 - SINDyMarkovModel - INFO - 
============================================================
2025-03-20 15:41:13,462 - SINDyMarkovModel - INFO - CONFIGURATION 3/6
2025-03-20 15:41:13,462 - SINDyMarkovModel - INFO - Data Range: 0.5, Samples: 500
2025-03-20 15:41:13,463 - SINDyMarkovModel - INFO - ============================================================
2025-03-20 15:41:13,463 - SINDyMarkovModel - INFO - Computing Gram matrix with 500 sample points
2025-03-20 15:41:13,463 - SINDyMarkovModel - INFO - Log determinant of Gram matrix: 0.3507
2025-03-20 15:41:13,463 - SINDyMarkovModel - INFO - 
================================================================================
BEGINNING SUCCESS PROBABILITY CALCULATION
================================================================================
2025-03-20 15:41:13,464 - SINDyMarkovModel - INFO - All indices = {0, 1, 2}
2025-03-20 15:41:13,464 - SINDyMarkovModel - INFO - True indices = {0}
2025-03-20 15:41:13,464 - SINDyMarkovModel - INFO - Target state (true model) = {0}
2025-03-20 15:41:13,464 - SINDyMarkovModel - INFO - Generated 4 valid states:
2025-03-20 15:41:13,464 - SINDyMarkovModel - DEBUG -   State 1: {0}
2025-03-20 15:41:13,465 - SINDyMarkovModel - DEBUG -   State 2: {0, 1}
2025-03-20 15:41:13,465 - SINDyMarkovModel - DEBUG -   State 3: {0, 2}
2025-03-20 15:41:13,465 - SINDyMarkovModel - DEBUG -   State 4: {0, 1, 2}
2025-03-20 15:41:13,465 - SINDyMarkovModel - INFO - 
TRUE MODEL STATE TRANSITIONS
2025-03-20 15:41:13,465 - SINDyMarkovModel - INFO - Transitions from {0}:
    -> [STOP]: 1.000000
2025-03-20 15:41:13,465 - SINDyMarkovModel - INFO - TRUE MODEL STATE STOPPING PROBABILITY: 1.000000

2025-03-20 15:41:13,465 - SINDyMarkovModel - DEBUG - Transitions from {0, 1}:
    -> {0}: 0.050470
    -> [STOP]: 0.949530
2025-03-20 15:41:13,466 - SINDyMarkovModel - DEBUG - Transitions from {0, 2}:
    -> {0}: 0.973500
    -> [STOP]: 0.026500
2025-03-20 15:41:13,466 - SINDyMarkovModel - DEBUG - Transitions from {0, 1, 2}:
    -> {0}: 0.049290
    -> {0, 1}: 0.875910
    -> {0, 2}: 0.001490
    -> [STOP]: 0.073310
2025-03-20 15:41:13,466 - SINDyMarkovModel - INFO - 
State Reachability Probabilities:
2025-03-20 15:41:13,466 - SINDyMarkovModel - INFO -   State {0, 1, 2}: 1.000000
2025-03-20 15:41:13,466 - SINDyMarkovModel - INFO -   State {0, 2}: 0.001490
2025-03-20 15:41:13,466 - SINDyMarkovModel - INFO -   State {0, 1}: 0.875910
2025-03-20 15:41:13,466 - SINDyMarkovModel - INFO -   TRUE MODEL STATE {0}: 0.094948
2025-03-20 15:41:13,466 - SINDyMarkovModel - INFO - 
--------------------------------------------------------------------------------
SUCCESS PROBABILITY CALCULATION
--------------------------------------------------------------------------------
2025-03-20 15:41:13,467 - SINDyMarkovModel - INFO - Method 1 - Direct Calculation:
2025-03-20 15:41:13,468 - SINDyMarkovModel - INFO -   Probability of reaching true state:    0.094948
2025-03-20 15:41:13,468 - SINDyMarkovModel - INFO -   Probability of stopping at true state: 1.000000
2025-03-20 15:41:13,468 - SINDyMarkovModel - INFO -   Success probability = 0.094948 × 1.000000 = 0.094948
2025-03-20 15:41:13,468 - SINDyMarkovModel - INFO - 
================================================================================
END OF SUCCESS PROBABILITY CALCULATION
================================================================================
2025-03-20 15:41:13,469 - SINDyMarkovModel - INFO - 
Running STLSQ simulation with 50 trials...
2025-03-20 15:41:13,472 - SINDyMarkovModel - INFO - 
--------------------------------------------------------------------------------
STLSQ SIMULATION RESULTS (3/50 successful, 0.0600)
--------------------------------------------------------------------------------
2025-03-20 15:41:13,473 - SINDyMarkovModel - INFO - 
Sample of 5 trials:
2025-03-20 15:41:13,473 - SINDyMarkovModel - INFO -   Trial 1: FAILURE, Identified terms: [0, 1]
2025-03-20 15:41:13,474 - SINDyMarkovModel - INFO -     Trajectory: [0, 1] -> [STOP]
2025-03-20 15:41:13,474 - SINDyMarkovModel - INFO -   Trial 2: SUCCESS, Identified terms: [0]
2025-03-20 15:41:13,474 - SINDyMarkovModel - INFO -     Trajectory: [0] -> [STOP]
2025-03-20 15:41:13,475 - SINDyMarkovModel - INFO -   Trial 3: FAILURE, Identified terms: [1]
2025-03-20 15:41:13,475 - SINDyMarkovModel - INFO -     Trajectory: [1] -> [STOP]
2025-03-20 15:41:13,475 - SINDyMarkovModel - INFO -   Trial 4: FAILURE, Identified terms: [0, 1]
2025-03-20 15:41:13,475 - SINDyMarkovModel - INFO -     Trajectory: [0, 1] -> [STOP]
2025-03-20 15:41:13,475 - SINDyMarkovModel - INFO -   Trial 5: FAILURE, Identified terms: [0, 1]
2025-03-20 15:41:13,476 - SINDyMarkovModel - INFO -     Trajectory: [0, 1] -> [STOP]
2025-03-20 15:41:13,476 - SINDyMarkovModel - INFO - 
Path Analysis:
2025-03-20 15:41:13,476 - SINDyMarkovModel - INFO - Top 4 paths through state space:
2025-03-20 15:41:13,476 - SINDyMarkovModel - INFO -   [0, 1] -> [STOP]: 37 occurrences (74.0% of trials)
2025-03-20 15:41:13,476 - SINDyMarkovModel - INFO -   [1] -> [STOP]: 9 occurrences (18.0% of trials)
2025-03-20 15:41:13,477 - SINDyMarkovModel - INFO -   [0] -> [STOP]: 3 occurrences (6.0% of trials)
2025-03-20 15:41:13,477 - SINDyMarkovModel - INFO -   [0, 1] -> [1] -> [STOP]: 1 occurrences (2.0% of trials)
2025-03-20 15:41:13,477 - SINDyMarkovModel - INFO - 
Most common failure patterns:
2025-03-20 15:41:13,477 - SINDyMarkovModel - INFO -   [0, 1]: 37 occurrences (78.7% of failures)
2025-03-20 15:41:13,477 - SINDyMarkovModel - INFO -   [1]: 10 occurrences (21.3% of failures)
2025-03-20 15:41:13,479 - SINDyMarkovModel - INFO - 
Coefficient Distribution Analysis:
2025-03-20 15:41:13,479 - SINDyMarkovModel - INFO - 
State [0, 1] (observed 16 times):
2025-03-20 15:41:13,479 - SINDyMarkovModel - INFO - Coefficient means:
2025-03-20 15:41:13,480 - SINDyMarkovModel - INFO -   Coef 0: Theoretical: 1.000000, Empirical: 1.016327, Diff: 0.016327 (1.6%)
2025-03-20 15:41:13,480 - SINDyMarkovModel - INFO -   Coef 1: Theoretical: 0.000000, Empirical: -0.016698, Diff: 0.016698 (inf%)
2025-03-20 15:41:13,480 - SINDyMarkovModel - INFO - 
Coefficient standard deviations:
2025-03-20 15:41:13,480 - SINDyMarkovModel - INFO -   Coef 0: Theoretical: 1.370928, Empirical: 1.593291, Ratio: 0.8604
2025-03-20 15:41:13,480 - SINDyMarkovModel - INFO -   Coef 1: Theoretical: 1.405514, Empirical: 1.641156, Ratio: 0.8564
2025-03-20 15:41:13,480 - SINDyMarkovModel - INFO - 
State [1] (observed 3 times):
2025-03-20 15:41:13,481 - SINDyMarkovModel - INFO - Coefficient means:
2025-03-20 15:41:13,481 - SINDyMarkovModel - INFO -   Coef 0: Theoretical: 0.000000, Empirical: 1.025828, Diff: 1.025828 (inf%)
2025-03-20 15:41:13,481 - SINDyMarkovModel - INFO - 
Coefficient standard deviations:
2025-03-20 15:41:13,481 - SINDyMarkovModel - INFO -   Coef 0: Theoretical: 0.015569, Empirical: 0.030665, Ratio: 0.5077
2025-03-20 15:41:13,482 - SINDyMarkovModel - INFO - 
--------------------------------------------------------------------------------
CONFIGURATION SUMMARY
--------------------------------------------------------------------------------
2025-03-20 15:41:13,482 - SINDyMarkovModel - INFO - Data Range: 0.5, Samples: 500
2025-03-20 15:41:13,483 - SINDyMarkovModel - INFO - Log Determinant of Gram Matrix: 0.3507
2025-03-20 15:41:13,483 - SINDyMarkovModel - INFO - Discriminability Details:
2025-03-20 15:41:13,483 - SINDyMarkovModel - INFO -   Term 0(true) vs Term 1(false): 3.1447
2025-03-20 15:41:13,483 - SINDyMarkovModel - INFO -   Term 0(true) vs Term 2(false): 5060.9348
2025-03-20 15:41:13,483 - SINDyMarkovModel - INFO - Average Discriminability: 2532.0397
2025-03-20 15:41:13,483 - SINDyMarkovModel - INFO - Theoretical Success Probability: 0.0949
2025-03-20 15:41:13,484 - SINDyMarkovModel - INFO - Empirical Success Probability: 0.0600
2025-03-20 15:41:13,484 - SINDyMarkovModel - INFO - Difference: 0.0349
2025-03-20 15:41:13,484 - SINDyMarkovModel - INFO - --------------------------------------------------------------------------------


2025-03-20 15:41:13,484 - SINDyMarkovModel - INFO - 
============================================================
2025-03-20 15:41:13,485 - SINDyMarkovModel - INFO - CONFIGURATION 4/6
2025-03-20 15:41:13,485 - SINDyMarkovModel - INFO - Data Range: 1.0, Samples: 100
2025-03-20 15:41:13,485 - SINDyMarkovModel - INFO - ============================================================
2025-03-20 15:41:13,485 - SINDyMarkovModel - INFO - Computing Gram matrix with 100 sample points
2025-03-20 15:41:13,485 - SINDyMarkovModel - INFO - Log determinant of Gram matrix: 3.5470
2025-03-20 15:41:13,486 - SINDyMarkovModel - INFO - 
================================================================================
BEGINNING SUCCESS PROBABILITY CALCULATION
================================================================================
2025-03-20 15:41:13,486 - SINDyMarkovModel - INFO - All indices = {0, 1, 2}
2025-03-20 15:41:13,486 - SINDyMarkovModel - INFO - True indices = {0}
2025-03-20 15:41:13,486 - SINDyMarkovModel - INFO - Target state (true model) = {0}
2025-03-20 15:41:13,486 - SINDyMarkovModel - INFO - Generated 4 valid states:
2025-03-20 15:41:13,486 - SINDyMarkovModel - DEBUG -   State 1: {0}
2025-03-20 15:41:13,486 - SINDyMarkovModel - DEBUG -   State 2: {0, 1}
2025-03-20 15:41:13,486 - SINDyMarkovModel - DEBUG -   State 3: {0, 2}
2025-03-20 15:41:13,486 - SINDyMarkovModel - DEBUG -   State 4: {0, 1, 2}
2025-03-20 15:41:13,487 - SINDyMarkovModel - INFO - 
TRUE MODEL STATE TRANSITIONS
2025-03-20 15:41:13,487 - SINDyMarkovModel - INFO - Transitions from {0}:
    -> [STOP]: 1.000000
2025-03-20 15:41:13,487 - SINDyMarkovModel - INFO - TRUE MODEL STATE STOPPING PROBABILITY: 1.000000

2025-03-20 15:41:13,487 - SINDyMarkovModel - DEBUG - Transitions from {0, 1}:
    -> {0}: 0.050470
    -> [STOP]: 0.949530
2025-03-20 15:41:13,487 - SINDyMarkovModel - DEBUG - Transitions from {0, 2}:
    -> {0}: 0.973500
    -> [STOP]: 0.026500
2025-03-20 15:41:13,487 - SINDyMarkovModel - DEBUG - Transitions from {0, 1, 2}:
    -> {0}: 0.049290
    -> {0, 1}: 0.875910
    -> {0, 2}: 0.001490
    -> [STOP]: 0.073310
2025-03-20 15:41:13,487 - SINDyMarkovModel - INFO - 
State Reachability Probabilities:
2025-03-20 15:41:13,488 - SINDyMarkovModel - INFO -   State {0, 1, 2}: 1.000000
2025-03-20 15:41:13,488 - SINDyMarkovModel - INFO -   State {0, 2}: 0.001490
2025-03-20 15:41:13,488 - SINDyMarkovModel - INFO -   State {0, 1}: 0.875910
2025-03-20 15:41:13,488 - SINDyMarkovModel - INFO -   TRUE MODEL STATE {0}: 0.094948
2025-03-20 15:41:13,488 - SINDyMarkovModel - INFO - 
--------------------------------------------------------------------------------
SUCCESS PROBABILITY CALCULATION
--------------------------------------------------------------------------------
2025-03-20 15:41:13,489 - SINDyMarkovModel - INFO - Method 1 - Direct Calculation:
2025-03-20 15:41:13,489 - SINDyMarkovModel - INFO -   Probability of reaching true state:    0.094948
2025-03-20 15:41:13,489 - SINDyMarkovModel - INFO -   Probability of stopping at true state: 1.000000
2025-03-20 15:41:13,489 - SINDyMarkovModel - INFO -   Success probability = 0.094948 × 1.000000 = 0.094948
2025-03-20 15:41:13,490 - SINDyMarkovModel - INFO - 
================================================================================
END OF SUCCESS PROBABILITY CALCULATION
================================================================================
2025-03-20 15:41:13,490 - SINDyMarkovModel - INFO - 
Running STLSQ simulation with 50 trials...
2025-03-20 15:41:13,493 - SINDyMarkovModel - INFO - 
--------------------------------------------------------------------------------
STLSQ SIMULATION RESULTS (18/50 successful, 0.3600)
--------------------------------------------------------------------------------
2025-03-20 15:41:13,494 - SINDyMarkovModel - INFO - 
Sample of 5 trials:
2025-03-20 15:41:13,494 - SINDyMarkovModel - INFO -   Trial 1: FAILURE, Identified terms: [0, 1]
2025-03-20 15:41:13,494 - SINDyMarkovModel - INFO -     Trajectory: [0, 1] -> [STOP]
2025-03-20 15:41:13,495 - SINDyMarkovModel - INFO -   Trial 2: FAILURE, Identified terms: [0, 1]
2025-03-20 15:41:13,495 - SINDyMarkovModel - INFO -     Trajectory: [0, 1] -> [STOP]
2025-03-20 15:41:13,495 - SINDyMarkovModel - INFO -   Trial 3: FAILURE, Identified terms: [0, 1]
2025-03-20 15:41:13,495 - SINDyMarkovModel - INFO -     Trajectory: [0, 1] -> [STOP]
2025-03-20 15:41:13,495 - SINDyMarkovModel - INFO -   Trial 4: SUCCESS, Identified terms: [0]
2025-03-20 15:41:13,496 - SINDyMarkovModel - INFO -     Trajectory: [0] -> [STOP]
2025-03-20 15:41:13,496 - SINDyMarkovModel - INFO -   Trial 5: SUCCESS, Identified terms: [0]
2025-03-20 15:41:13,497 - SINDyMarkovModel - INFO -     Trajectory: [0, 1] -> [0] -> [STOP]
2025-03-20 15:41:13,497 - SINDyMarkovModel - INFO - 
Path Analysis:
2025-03-20 15:41:13,497 - SINDyMarkovModel - INFO - Top 3 paths through state space:
2025-03-20 15:41:13,497 - SINDyMarkovModel - INFO -   [0, 1] -> [STOP]: 32 occurrences (64.0% of trials)
2025-03-20 15:41:13,497 - SINDyMarkovModel - INFO -   [0] -> [STOP]: 14 occurrences (28.0% of trials)
2025-03-20 15:41:13,498 - SINDyMarkovModel - INFO -   [0, 1] -> [0] -> [STOP]: 4 occurrences (8.0% of trials)
2025-03-20 15:41:13,498 - SINDyMarkovModel - INFO - 
Most common failure patterns:
2025-03-20 15:41:13,498 - SINDyMarkovModel - INFO -   [0, 1]: 32 occurrences (100.0% of failures)
2025-03-20 15:41:13,499 - SINDyMarkovModel - INFO - 
Coefficient Distribution Analysis:
2025-03-20 15:41:13,500 - SINDyMarkovModel - INFO - 
State [0, 1] (observed 13 times):
2025-03-20 15:41:13,500 - SINDyMarkovModel - INFO - Coefficient means:
2025-03-20 15:41:13,500 - SINDyMarkovModel - INFO -   Coef 0: Theoretical: 1.000000, Empirical: 1.067515, Diff: 0.067515 (6.8%)
2025-03-20 15:41:13,501 - SINDyMarkovModel - INFO -   Coef 1: Theoretical: 0.000000, Empirical: -0.074041, Diff: 0.074041 (inf%)
2025-03-20 15:41:13,501 - SINDyMarkovModel - INFO - 
Coefficient standard deviations:
2025-03-20 15:41:13,501 - SINDyMarkovModel - INFO -   Coef 0: Theoretical: 0.375642, Empirical: 0.392779, Ratio: 0.9564
2025-03-20 15:41:13,501 - SINDyMarkovModel - INFO -   Coef 1: Theoretical: 0.414816, Empirical: 0.432099, Ratio: 0.9600
2025-03-20 15:41:13,501 - SINDyMarkovModel - INFO - 
State [0] (observed 10 times):
2025-03-20 15:41:13,502 - SINDyMarkovModel - INFO - Coefficient means:
2025-03-20 15:41:13,502 - SINDyMarkovModel - INFO -   Coef 0: Theoretical: 1.000000, Empirical: 0.992607, Diff: 0.007393 (0.7%)
2025-03-20 15:41:13,502 - SINDyMarkovModel - INFO - 
Coefficient standard deviations:
2025-03-20 15:41:13,502 - SINDyMarkovModel - INFO -   Coef 0: Theoretical: 0.016964, Empirical: 0.018750, Ratio: 0.9048
2025-03-20 15:41:13,502 - SINDyMarkovModel - INFO - 
--------------------------------------------------------------------------------
CONFIGURATION SUMMARY
--------------------------------------------------------------------------------
2025-03-20 15:41:13,503 - SINDyMarkovModel - INFO - Data Range: 1.0, Samples: 100
2025-03-20 15:41:13,503 - SINDyMarkovModel - INFO - Log Determinant of Gram Matrix: 3.5470
2025-03-20 15:41:13,503 - SINDyMarkovModel - INFO - Discriminability Details:
2025-03-20 15:41:13,504 - SINDyMarkovModel - INFO -   Term 0(true) vs Term 1(false): 37.4102
2025-03-20 15:41:13,504 - SINDyMarkovModel - INFO -   Term 0(true) vs Term 2(false): 7186.3087
2025-03-20 15:41:13,504 - SINDyMarkovModel - INFO - Average Discriminability: 3611.8595
2025-03-20 15:41:13,504 - SINDyMarkovModel - INFO - Theoretical Success Probability: 0.0949
2025-03-20 15:41:13,504 - SINDyMarkovModel - INFO - Empirical Success Probability: 0.3600
2025-03-20 15:41:13,504 - SINDyMarkovModel - INFO - Large Discrepancy: 0.2651
2025-03-20 15:41:13,505 - SINDyMarkovModel - INFO - --------------------------------------------------------------------------------


2025-03-20 15:41:13,505 - SINDyMarkovModel - INFO - 
============================================================
2025-03-20 15:41:13,505 - SINDyMarkovModel - INFO - CONFIGURATION 5/6
2025-03-20 15:41:13,505 - SINDyMarkovModel - INFO - Data Range: 1.0, Samples: 200
2025-03-20 15:41:13,506 - SINDyMarkovModel - INFO - ============================================================
2025-03-20 15:41:13,506 - SINDyMarkovModel - INFO - Computing Gram matrix with 200 sample points
2025-03-20 15:41:13,507 - SINDyMarkovModel - INFO - Log determinant of Gram matrix: 5.3109
2025-03-20 15:41:13,507 - SINDyMarkovModel - INFO - 
================================================================================
BEGINNING SUCCESS PROBABILITY CALCULATION
================================================================================
2025-03-20 15:41:13,507 - SINDyMarkovModel - INFO - All indices = {0, 1, 2}
2025-03-20 15:41:13,508 - SINDyMarkovModel - INFO - True indices = {0}
2025-03-20 15:41:13,508 - SINDyMarkovModel - INFO - Target state (true model) = {0}
2025-03-20 15:41:13,508 - SINDyMarkovModel - INFO - Generated 4 valid states:
2025-03-20 15:41:13,508 - SINDyMarkovModel - DEBUG -   State 1: {0}
2025-03-20 15:41:13,508 - SINDyMarkovModel - DEBUG -   State 2: {0, 1}
2025-03-20 15:41:13,508 - SINDyMarkovModel - DEBUG -   State 3: {0, 2}
2025-03-20 15:41:13,508 - SINDyMarkovModel - DEBUG -   State 4: {0, 1, 2}
2025-03-20 15:41:13,509 - SINDyMarkovModel - INFO - 
TRUE MODEL STATE TRANSITIONS
2025-03-20 15:41:13,509 - SINDyMarkovModel - INFO - Transitions from {0}:
    -> [STOP]: 1.000000
2025-03-20 15:41:13,510 - SINDyMarkovModel - INFO - TRUE MODEL STATE STOPPING PROBABILITY: 1.000000

2025-03-20 15:41:13,510 - SINDyMarkovModel - DEBUG - Transitions from {0, 1}:
    -> {0}: 0.050470
    -> [STOP]: 0.949530
2025-03-20 15:41:13,510 - SINDyMarkovModel - DEBUG - Transitions from {0, 2}:
    -> {0}: 0.973500
    -> [STOP]: 0.026500
2025-03-20 15:41:13,510 - SINDyMarkovModel - DEBUG - Transitions from {0, 1, 2}:
    -> {0}: 0.049290
    -> {0, 1}: 0.875910
    -> {0, 2}: 0.001490
    -> [STOP]: 0.073310
2025-03-20 15:41:13,510 - SINDyMarkovModel - INFO - 
State Reachability Probabilities:
2025-03-20 15:41:13,510 - SINDyMarkovModel - INFO -   State {0, 1, 2}: 1.000000
2025-03-20 15:41:13,510 - SINDyMarkovModel - INFO -   State {0, 2}: 0.001490
2025-03-20 15:41:13,511 - SINDyMarkovModel - INFO -   State {0, 1}: 0.875910
2025-03-20 15:41:13,511 - SINDyMarkovModel - INFO -   TRUE MODEL STATE {0}: 0.094948
2025-03-20 15:41:13,511 - SINDyMarkovModel - INFO - 
--------------------------------------------------------------------------------
SUCCESS PROBABILITY CALCULATION
--------------------------------------------------------------------------------
2025-03-20 15:41:13,511 - SINDyMarkovModel - INFO - Method 1 - Direct Calculation:
2025-03-20 15:41:13,511 - SINDyMarkovModel - INFO -   Probability of reaching true state:    0.094948
2025-03-20 15:41:13,512 - SINDyMarkovModel - INFO -   Probability of stopping at true state: 1.000000
2025-03-20 15:41:13,512 - SINDyMarkovModel - INFO -   Success probability = 0.094948 × 1.000000 = 0.094948
2025-03-20 15:41:13,512 - SINDyMarkovModel - INFO - 
================================================================================
END OF SUCCESS PROBABILITY CALCULATION
================================================================================
2025-03-20 15:41:13,512 - SINDyMarkovModel - INFO - 
Running STLSQ simulation with 50 trials...
2025-03-20 15:41:13,516 - SINDyMarkovModel - INFO - 
--------------------------------------------------------------------------------
STLSQ SIMULATION RESULTS (27/50 successful, 0.5400)
--------------------------------------------------------------------------------
2025-03-20 15:41:13,516 - SINDyMarkovModel - INFO - 
Sample of 5 trials:
2025-03-20 15:41:13,517 - SINDyMarkovModel - INFO -   Trial 1: FAILURE, Identified terms: [0, 1]
2025-03-20 15:41:13,517 - SINDyMarkovModel - INFO -     Trajectory: [0, 1] -> [STOP]
2025-03-20 15:41:13,517 - SINDyMarkovModel - INFO -   Trial 2: FAILURE, Identified terms: [0, 1]
2025-03-20 15:41:13,518 - SINDyMarkovModel - INFO -     Trajectory: [0, 1] -> [STOP]
2025-03-20 15:41:13,518 - SINDyMarkovModel - INFO -   Trial 3: SUCCESS, Identified terms: [0]
2025-03-20 15:41:13,518 - SINDyMarkovModel - INFO -     Trajectory: [0] -> [STOP]
2025-03-20 15:41:13,519 - SINDyMarkovModel - INFO -   Trial 4: SUCCESS, Identified terms: [0]
2025-03-20 15:41:13,519 - SINDyMarkovModel - INFO -     Trajectory: [0] -> [STOP]
2025-03-20 15:41:13,519 - SINDyMarkovModel - INFO -   Trial 5: SUCCESS, Identified terms: [0]
2025-03-20 15:41:13,519 - SINDyMarkovModel - INFO -     Trajectory: [0] -> [STOP]
2025-03-20 15:41:13,519 - SINDyMarkovModel - INFO - 
Path Analysis:
2025-03-20 15:41:13,519 - SINDyMarkovModel - INFO - Top 2 paths through state space:
2025-03-20 15:41:13,520 - SINDyMarkovModel - INFO -   [0] -> [STOP]: 27 occurrences (54.0% of trials)
2025-03-20 15:41:13,520 - SINDyMarkovModel - INFO -   [0, 1] -> [STOP]: 23 occurrences (46.0% of trials)
2025-03-20 15:41:13,520 - SINDyMarkovModel - INFO - 
Most common failure patterns:
2025-03-20 15:41:13,520 - SINDyMarkovModel - INFO -   [0, 1]: 23 occurrences (100.0% of failures)
2025-03-20 15:41:13,522 - SINDyMarkovModel - INFO - 
Coefficient Distribution Analysis:
2025-03-20 15:41:13,522 - SINDyMarkovModel - INFO - 
State [0, 1] (observed 8 times):
2025-03-20 15:41:13,522 - SINDyMarkovModel - INFO - Coefficient means:
2025-03-20 15:41:13,523 - SINDyMarkovModel - INFO -   Coef 0: Theoretical: 1.000000, Empirical: 0.768142, Diff: 0.231858 (23.2%)
2025-03-20 15:41:13,523 - SINDyMarkovModel - INFO -   Coef 1: Theoretical: 0.000000, Empirical: 0.254803, Diff: 0.254803 (inf%)
2025-03-20 15:41:13,523 - SINDyMarkovModel - INFO - 
Coefficient standard deviations:
2025-03-20 15:41:13,524 - SINDyMarkovModel - INFO -   Coef 0: Theoretical: 0.285822, Empirical: 0.244749, Ratio: 1.1678
2025-03-20 15:41:13,524 - SINDyMarkovModel - INFO -   Coef 1: Theoretical: 0.313646, Empirical: 0.267285, Ratio: 1.1734
2025-03-20 15:41:13,524 - SINDyMarkovModel - INFO - 
State [0] (observed 12 times):
2025-03-20 15:41:13,525 - SINDyMarkovModel - INFO - Coefficient means:
2025-03-20 15:41:13,525 - SINDyMarkovModel - INFO -   Coef 0: Theoretical: 1.000000, Empirical: 0.994859, Diff: 0.005141 (0.5%)
2025-03-20 15:41:13,526 - SINDyMarkovModel - INFO - 
Coefficient standard deviations:
2025-03-20 15:41:13,526 - SINDyMarkovModel - INFO -   Coef 0: Theoretical: 0.012900, Empirical: 0.013700, Ratio: 0.9415
2025-03-20 15:41:13,526 - SINDyMarkovModel - INFO - 
--------------------------------------------------------------------------------
CONFIGURATION SUMMARY
--------------------------------------------------------------------------------
2025-03-20 15:41:13,527 - SINDyMarkovModel - INFO - Data Range: 1.0, Samples: 200
2025-03-20 15:41:13,527 - SINDyMarkovModel - INFO - Log Determinant of Gram Matrix: 5.3109
2025-03-20 15:41:13,527 - SINDyMarkovModel - INFO - Discriminability Details:
2025-03-20 15:41:13,527 - SINDyMarkovModel - INFO -   Term 0(true) vs Term 1(false): 58.4540
2025-03-20 15:41:13,527 - SINDyMarkovModel - INFO -   Term 0(true) vs Term 2(false): 10175.6380
2025-03-20 15:41:13,528 - SINDyMarkovModel - INFO - Average Discriminability: 5117.0460
2025-03-20 15:41:13,528 - SINDyMarkovModel - INFO - Theoretical Success Probability: 0.0949
2025-03-20 15:41:13,528 - SINDyMarkovModel - INFO - Empirical Success Probability: 0.5400
2025-03-20 15:41:13,528 - SINDyMarkovModel - INFO - Large Discrepancy: 0.4451
2025-03-20 15:41:13,529 - SINDyMarkovModel - INFO - --------------------------------------------------------------------------------


2025-03-20 15:41:13,529 - SINDyMarkovModel - INFO - 
============================================================
2025-03-20 15:41:13,529 - SINDyMarkovModel - INFO - CONFIGURATION 6/6
2025-03-20 15:41:13,529 - SINDyMarkovModel - INFO - Data Range: 1.0, Samples: 500
2025-03-20 15:41:13,530 - SINDyMarkovModel - INFO - ============================================================
2025-03-20 15:41:13,530 - SINDyMarkovModel - INFO - Computing Gram matrix with 500 sample points
2025-03-20 15:41:13,530 - SINDyMarkovModel - INFO - Log determinant of Gram matrix: 8.4068
2025-03-20 15:41:13,531 - SINDyMarkovModel - INFO - 
================================================================================
BEGINNING SUCCESS PROBABILITY CALCULATION
================================================================================
2025-03-20 15:41:13,531 - SINDyMarkovModel - INFO - All indices = {0, 1, 2}
2025-03-20 15:41:13,531 - SINDyMarkovModel - INFO - True indices = {0}
2025-03-20 15:41:13,531 - SINDyMarkovModel - INFO - Target state (true model) = {0}
2025-03-20 15:41:13,532 - SINDyMarkovModel - INFO - Generated 4 valid states:
2025-03-20 15:41:13,532 - SINDyMarkovModel - DEBUG -   State 1: {0}
2025-03-20 15:41:13,532 - SINDyMarkovModel - DEBUG -   State 2: {0, 1}
2025-03-20 15:41:13,532 - SINDyMarkovModel - DEBUG -   State 3: {0, 2}
2025-03-20 15:41:13,532 - SINDyMarkovModel - DEBUG -   State 4: {0, 1, 2}
2025-03-20 15:41:13,532 - SINDyMarkovModel - INFO - 
TRUE MODEL STATE TRANSITIONS
2025-03-20 15:41:13,533 - SINDyMarkovModel - INFO - Transitions from {0}:
    -> [STOP]: 1.000000
2025-03-20 15:41:13,533 - SINDyMarkovModel - INFO - TRUE MODEL STATE STOPPING PROBABILITY: 1.000000

2025-03-20 15:41:13,533 - SINDyMarkovModel - DEBUG - Transitions from {0, 1}:
    -> {0}: 0.050470
    -> [STOP]: 0.949530
2025-03-20 15:41:13,533 - SINDyMarkovModel - DEBUG - Transitions from {0, 2}:
    -> {0}: 0.973500
    -> [STOP]: 0.026500
2025-03-20 15:41:13,533 - SINDyMarkovModel - DEBUG - Transitions from {0, 1, 2}:
    -> {0}: 0.049290
    -> {0, 1}: 0.875910
    -> {0, 2}: 0.001490
    -> [STOP]: 0.073310
2025-03-20 15:41:13,533 - SINDyMarkovModel - INFO - 
State Reachability Probabilities:
2025-03-20 15:41:13,533 - SINDyMarkovModel - INFO -   State {0, 1, 2}: 1.000000
2025-03-20 15:41:13,534 - SINDyMarkovModel - INFO -   State {0, 2}: 0.001490
2025-03-20 15:41:13,534 - SINDyMarkovModel - INFO -   State {0, 1}: 0.875910
2025-03-20 15:41:13,534 - SINDyMarkovModel - INFO -   TRUE MODEL STATE {0}: 0.094948
2025-03-20 15:41:13,534 - SINDyMarkovModel - INFO - 
--------------------------------------------------------------------------------
SUCCESS PROBABILITY CALCULATION
--------------------------------------------------------------------------------
2025-03-20 15:41:13,535 - SINDyMarkovModel - INFO - Method 1 - Direct Calculation:
2025-03-20 15:41:13,535 - SINDyMarkovModel - INFO -   Probability of reaching true state:    0.094948
2025-03-20 15:41:13,535 - SINDyMarkovModel - INFO -   Probability of stopping at true state: 1.000000
2025-03-20 15:41:13,535 - SINDyMarkovModel - INFO -   Success probability = 0.094948 × 1.000000 = 0.094948
2025-03-20 15:41:13,535 - SINDyMarkovModel - INFO - 
================================================================================
END OF SUCCESS PROBABILITY CALCULATION
================================================================================
2025-03-20 15:41:13,536 - SINDyMarkovModel - INFO - 
Running STLSQ simulation with 50 trials...
2025-03-20 15:41:13,539 - SINDyMarkovModel - INFO - 
--------------------------------------------------------------------------------
STLSQ SIMULATION RESULTS (39/50 successful, 0.7800)
--------------------------------------------------------------------------------
2025-03-20 15:41:13,539 - SINDyMarkovModel - INFO - 
Sample of 5 trials:
2025-03-20 15:41:13,540 - SINDyMarkovModel - INFO -   Trial 1: FAILURE, Identified terms: [0, 1]
2025-03-20 15:41:13,540 - SINDyMarkovModel - INFO -     Trajectory: [0, 1] -> [STOP]
2025-03-20 15:41:13,540 - SINDyMarkovModel - INFO -   Trial 2: SUCCESS, Identified terms: [0]
2025-03-20 15:41:13,541 - SINDyMarkovModel - INFO -     Trajectory: [0] -> [STOP]
2025-03-20 15:41:13,541 - SINDyMarkovModel - INFO -   Trial 3: SUCCESS, Identified terms: [0]
2025-03-20 15:41:13,541 - SINDyMarkovModel - INFO -     Trajectory: [0] -> [STOP]
2025-03-20 15:41:13,541 - SINDyMarkovModel - INFO -   Trial 4: SUCCESS, Identified terms: [0]
2025-03-20 15:41:13,542 - SINDyMarkovModel - INFO -     Trajectory: [0] -> [STOP]
2025-03-20 15:41:13,542 - SINDyMarkovModel - INFO -   Trial 5: SUCCESS, Identified terms: [0]
2025-03-20 15:41:13,542 - SINDyMarkovModel - INFO -     Trajectory: [0] -> [STOP]
2025-03-20 15:41:13,542 - SINDyMarkovModel - INFO - 
Path Analysis:
2025-03-20 15:41:13,542 - SINDyMarkovModel - INFO - Top 3 paths through state space:
2025-03-20 15:41:13,542 - SINDyMarkovModel - INFO -   [0] -> [STOP]: 38 occurrences (76.0% of trials)
2025-03-20 15:41:13,543 - SINDyMarkovModel - INFO -   [0, 1] -> [STOP]: 11 occurrences (22.0% of trials)
2025-03-20 15:41:13,543 - SINDyMarkovModel - INFO -   [0, 1] -> [0] -> [STOP]: 1 occurrences (2.0% of trials)
2025-03-20 15:41:13,543 - SINDyMarkovModel - INFO - 
Most common failure patterns:
2025-03-20 15:41:13,543 - SINDyMarkovModel - INFO -   [0, 1]: 11 occurrences (100.0% of failures)
2025-03-20 15:41:13,545 - SINDyMarkovModel - INFO - 
Coefficient Distribution Analysis:
2025-03-20 15:41:13,545 - SINDyMarkovModel - INFO - 
State [0, 1] (observed 6 times):
2025-03-20 15:41:13,546 - SINDyMarkovModel - INFO - Coefficient means:
2025-03-20 15:41:13,546 - SINDyMarkovModel - INFO -   Coef 0: Theoretical: 1.000000, Empirical: 1.027565, Diff: 0.027565 (2.8%)
2025-03-20 15:41:13,546 - SINDyMarkovModel - INFO -   Coef 1: Theoretical: 0.000000, Empirical: -0.033587, Diff: 0.033587 (inf%)
2025-03-20 15:41:13,547 - SINDyMarkovModel - INFO - 
Coefficient standard deviations:
2025-03-20 15:41:13,547 - SINDyMarkovModel - INFO -   Coef 0: Theoretical: 0.168724, Empirical: 0.288552, Ratio: 0.5847
2025-03-20 15:41:13,548 - SINDyMarkovModel - INFO -   Coef 1: Theoretical: 0.186938, Empirical: 0.318110, Ratio: 0.5877
2025-03-20 15:41:13,548 - SINDyMarkovModel - INFO - 
State [0] (observed 14 times):
2025-03-20 15:41:13,549 - SINDyMarkovModel - INFO - Coefficient means:
2025-03-20 15:41:13,549 - SINDyMarkovModel - INFO -   Coef 0: Theoretical: 1.000000, Empirical: 1.003824, Diff: 0.003824 (0.4%)
2025-03-20 15:41:13,549 - SINDyMarkovModel - INFO - 
Coefficient standard deviations:
2025-03-20 15:41:13,549 - SINDyMarkovModel - INFO -   Coef 0: Theoretical: 0.007893, Empirical: 0.008092, Ratio: 0.9754
2025-03-20 15:41:13,549 - SINDyMarkovModel - INFO - 
--------------------------------------------------------------------------------
CONFIGURATION SUMMARY
--------------------------------------------------------------------------------
2025-03-20 15:41:13,550 - SINDyMarkovModel - INFO - Data Range: 1.0, Samples: 500
2025-03-20 15:41:13,550 - SINDyMarkovModel - INFO - Log Determinant of Gram Matrix: 8.4068
2025-03-20 15:41:13,550 - SINDyMarkovModel - INFO - Discriminability Details:
2025-03-20 15:41:13,551 - SINDyMarkovModel - INFO -   Term 0(true) vs Term 1(false): 184.0998
2025-03-20 15:41:13,551 - SINDyMarkovModel - INFO -   Term 0(true) vs Term 2(false): 27354.0774
2025-03-20 15:41:13,551 - SINDyMarkovModel - INFO - Average Discriminability: 13769.0886
2025-03-20 15:41:13,551 - SINDyMarkovModel - INFO - Theoretical Success Probability: 0.0949
2025-03-20 15:41:13,551 - SINDyMarkovModel - INFO - Empirical Success Probability: 0.7800
2025-03-20 15:41:13,551 - SINDyMarkovModel - INFO - Large Discrepancy: 0.6851
2025-03-20 15:41:13,551 - SINDyMarkovModel - INFO - --------------------------------------------------------------------------------


2025-03-20 15:41:13,552 - SINDyMarkovModel - INFO - 
================================================================================
THEORY VS SIMULATION COMPARISON COMPLETE
================================================================================
