2025-03-20 15:41:12,342 - SINDyMarkovModel - INFO - Initializing SINDy Markov Model
2025-03-20 15:41:12,343 - SINDyMarkovModel - INFO - True term indices: [0]
2025-03-20 15:41:12,343 - SINDyMarkovModel - INFO - 
================================================================================
STARTING THEORY VS SIMULATION COMPARISON
================================================================================
2025-03-20 15:41:12,344 - SINDyMarkovModel - INFO - Experiment Setup:
2025-03-20 15:41:12,344 - SINDyMarkovModel - INFO -   Testing 2 data ranges: [0.5 1. ]
2025-03-20 15:41:12,344 - SINDyMarkovModel - INFO -   Testing 3 sample sizes: [100 200 500]
2025-03-20 15:41:12,344 - SINDyMarkovModel - INFO -   Running 50 trials per configuration
2025-03-20 15:41:12,345 - SINDyMarkovModel - INFO -   Lambda/Sigma Ratio: 0.5000
2025-03-20 15:41:12,345 - SINDyMarkovModel - INFO - --------------------------------------------------------------------------------
2025-03-20 15:41:12,345 - SINDyMarkovModel - INFO - 
============================================================
2025-03-20 15:41:12,345 - SINDyMarkovModel - INFO - CONFIGURATION 1/6
2025-03-20 15:41:12,346 - SINDyMarkovModel - INFO - Data Range: 0.5, Samples: 100
2025-03-20 15:41:12,346 - SINDyMarkovModel - INFO - ============================================================
2025-03-20 15:41:12,346 - SINDyMarkovModel - INFO - Computing Gram matrix with 100 sample points
2025-03-20 15:41:12,347 - SINDyMarkovModel - INFO - Log determinant of Gram matrix: -4.6250
2025-03-20 15:41:12,347 - SINDyMarkovModel - INFO - 
================================================================================
BEGINNING SUCCESS PROBABILITY CALCULATION
================================================================================
2025-03-20 15:41:12,347 - SINDyMarkovModel - INFO - All indices = {0, 1, 2}
2025-03-20 15:41:12,347 - SINDyMarkovModel - INFO - True indices = {0}
2025-03-20 15:41:12,348 - SINDyMarkovModel - INFO - Target state (true model) = {0}
2025-03-20 15:41:12,348 - SINDyMarkovModel - INFO - Generated 4 valid states:
2025-03-20 15:41:12,348 - SINDyMarkovModel - DEBUG -   State 1: {0}
2025-03-20 15:41:12,348 - SINDyMarkovModel - DEBUG -   State 2: {0, 1}
2025-03-20 15:41:12,348 - SINDyMarkovModel - DEBUG -   State 3: {0, 2}
2025-03-20 15:41:12,348 - SINDyMarkovModel - DEBUG -   State 4: {0, 1, 2}
2025-03-20 15:41:12,348 - SINDyMarkovModel - INFO - 
TRUE MODEL STATE TRANSITIONS
2025-03-20 15:41:12,348 - SINDyMarkovModel - INFO - Transitions from {0}:
    -> [STOP]: 1.000000
2025-03-20 15:41:12,349 - SINDyMarkovModel - INFO - TRUE MODEL STATE STOPPING PROBABILITY: 1.000000

2025-03-20 15:41:12,349 - SINDyMarkovModel - DEBUG - Transition {0, 1} -> {0}:
2025-03-20 15:41:12,349 - SINDyMarkovModel - DEBUG -   Coefficient mean: [1. 0.]
2025-03-20 15:41:12,349 - SINDyMarkovModel - DEBUG -   Eliminated indices: [1] (positions: [1])
2025-03-20 15:41:12,349 - SINDyMarkovModel - DEBUG -   Retained indices: [0] (positions: [0])
2025-03-20 15:41:12,349 - SINDyMarkovModel - DEBUG -   Independent term probabilities:
2025-03-20 15:41:12,353 - SINDyMarkovModel - DEBUG -     Term 1: P(|coef| < 0.05) = 0.011687 (should be eliminated)
2025-03-20 15:41:12,386 - SINDyMarkovModel - DEBUG - Transitions from {0, 1}:
    -> {0}: 0.011610
    -> [STOP]: 0.988390
2025-03-20 15:41:12,386 - SINDyMarkovModel - DEBUG - Transition {0, 2} -> {0}:
2025-03-20 15:41:12,387 - SINDyMarkovModel - DEBUG -   Coefficient mean: [1. 0.]
2025-03-20 15:41:12,387 - SINDyMarkovModel - DEBUG -   Eliminated indices: [2] (positions: [1])
2025-03-20 15:41:12,387 - SINDyMarkovModel - DEBUG -   Retained indices: [0] (positions: [0])
2025-03-20 15:41:12,387 - SINDyMarkovModel - DEBUG -   Independent term probabilities:
2025-03-20 15:41:12,392 - SINDyMarkovModel - DEBUG -     Term 2: P(|coef| < 0.05) = 0.433918 (should be eliminated)
2025-03-20 15:41:12,433 - SINDyMarkovModel - DEBUG - Transitions from {0, 2}:
    -> {0}: 0.434070
    -> [STOP]: 0.565930
2025-03-20 15:41:12,433 - SINDyMarkovModel - DEBUG - Transition {0, 1, 2} -> {0}:
2025-03-20 15:41:12,433 - SINDyMarkovModel - DEBUG -   Coefficient mean: [1. 0. 0.]
2025-03-20 15:41:12,433 - SINDyMarkovModel - DEBUG -   Eliminated indices: [1, 2] (positions: [1, 2])
2025-03-20 15:41:12,433 - SINDyMarkovModel - DEBUG -   Retained indices: [0] (positions: [0])
2025-03-20 15:41:12,433 - SINDyMarkovModel - DEBUG -   Independent term probabilities:
2025-03-20 15:41:12,440 - SINDyMarkovModel - DEBUG -     Term 1: P(|coef| < 0.05) = 0.011672 (should be eliminated)
2025-03-20 15:41:12,441 - SINDyMarkovModel - DEBUG -     Term 2: P(|coef| < 0.05) = 0.433428 (should be eliminated)
2025-03-20 15:41:12,475 - SINDyMarkovModel - DEBUG - Transition {0, 1, 2} -> {0, 1}:
2025-03-20 15:41:12,475 - SINDyMarkovModel - DEBUG -   Coefficient mean: [1. 0. 0.]
2025-03-20 15:41:12,475 - SINDyMarkovModel - DEBUG -   Eliminated indices: [2] (positions: [2])
2025-03-20 15:41:12,475 - SINDyMarkovModel - DEBUG -   Retained indices: [0, 1] (positions: [0, 1])
2025-03-20 15:41:12,475 - SINDyMarkovModel - DEBUG -   Independent term probabilities:
2025-03-20 15:41:12,483 - SINDyMarkovModel - DEBUG -     Term 2: P(|coef| < 0.05) = 0.433428 (should be eliminated)
2025-03-20 15:41:12,534 - SINDyMarkovModel - DEBUG - Transition {0, 1, 2} -> {0, 2}:
2025-03-20 15:41:12,535 - SINDyMarkovModel - DEBUG -   Coefficient mean: [1. 0. 0.]
2025-03-20 15:41:12,535 - SINDyMarkovModel - DEBUG -   Eliminated indices: [1] (positions: [1])
2025-03-20 15:41:12,535 - SINDyMarkovModel - DEBUG -   Retained indices: [0, 2] (positions: [0, 2])
2025-03-20 15:41:12,535 - SINDyMarkovModel - DEBUG -   Independent term probabilities:
2025-03-20 15:41:12,540 - SINDyMarkovModel - DEBUG -     Term 1: P(|coef| < 0.05) = 0.011672 (should be eliminated)
2025-03-20 15:41:12,574 - SINDyMarkovModel - DEBUG - Transitions from {0, 1, 2}:
    -> {0}: 0.005100
    -> {0, 1}: 0.424060
    -> {0, 2}: 0.006750
    -> [STOP]: 0.564090
2025-03-20 15:41:12,574 - SINDyMarkovModel - INFO - 
State Reachability Probabilities:
2025-03-20 15:41:12,575 - SINDyMarkovModel - INFO -   State {0, 1, 2}: 1.000000
2025-03-20 15:41:12,575 - SINDyMarkovModel - INFO -   State {0, 2}: 0.006750
2025-03-20 15:41:12,576 - SINDyMarkovModel - INFO -   State {0, 1}: 0.424060
2025-03-20 15:41:12,576 - SINDyMarkovModel - INFO -   TRUE MODEL STATE {0}: 0.012953
2025-03-20 15:41:12,576 - SINDyMarkovModel - INFO - 
--------------------------------------------------------------------------------
SUCCESS PROBABILITY CALCULATION
--------------------------------------------------------------------------------
2025-03-20 15:41:12,576 - SINDyMarkovModel - INFO - Method 1 - Direct Calculation:
2025-03-20 15:41:12,577 - SINDyMarkovModel - INFO -   Probability of reaching true state:    0.012953
2025-03-20 15:41:12,577 - SINDyMarkovModel - INFO -   Probability of stopping at true state: 1.000000
2025-03-20 15:41:12,577 - SINDyMarkovModel - INFO -   Success probability = 0.012953 × 1.000000 = 0.012953
2025-03-20 15:41:12,577 - SINDyMarkovModel - INFO - 
================================================================================
END OF SUCCESS PROBABILITY CALCULATION
================================================================================
2025-03-20 15:41:12,578 - SINDyMarkovModel - INFO - 
Running STLSQ simulation with 50 trials...
2025-03-20 15:41:12,580 - SINDyMarkovModel - INFO - 
--------------------------------------------------------------------------------
STLSQ SIMULATION RESULTS (1/50 successful, 0.0200)
--------------------------------------------------------------------------------
2025-03-20 15:41:12,581 - SINDyMarkovModel - INFO - 
Sample of 5 trials:
2025-03-20 15:41:12,581 - SINDyMarkovModel - INFO -   Trial 1: FAILURE, Identified terms: [0, 1, 2]
2025-03-20 15:41:12,582 - SINDyMarkovModel - INFO -     Trajectory: [0, 1, 2] -> [STOP]
2025-03-20 15:41:12,582 - SINDyMarkovModel - INFO -   Trial 2: FAILURE, Identified terms: [0, 1]
2025-03-20 15:41:12,582 - SINDyMarkovModel - INFO -     Trajectory: [0, 1] -> [STOP]
2025-03-20 15:41:12,582 - SINDyMarkovModel - INFO -   Trial 3: FAILURE, Identified terms: [0, 1, 2]
2025-03-20 15:41:12,582 - SINDyMarkovModel - INFO -     Trajectory: [0, 1, 2] -> [STOP]
2025-03-20 15:41:12,582 - SINDyMarkovModel - INFO -   Trial 4: FAILURE, Identified terms: [0, 1]
2025-03-20 15:41:12,583 - SINDyMarkovModel - INFO -     Trajectory: [0, 1] -> [STOP]
2025-03-20 15:41:12,583 - SINDyMarkovModel - INFO -   Trial 5: FAILURE, Identified terms: [0, 1, 2]
2025-03-20 15:41:12,583 - SINDyMarkovModel - INFO -     Trajectory: [0, 1, 2] -> [STOP]
2025-03-20 15:41:12,583 - SINDyMarkovModel - INFO - 
Path Analysis:
2025-03-20 15:41:12,583 - SINDyMarkovModel - INFO - Top 3 paths through state space:
2025-03-20 15:41:12,584 - SINDyMarkovModel - INFO -   [0, 1, 2] -> [STOP]: 36 occurrences (72.0% of trials)
2025-03-20 15:41:12,584 - SINDyMarkovModel - INFO -   [0, 1] -> [STOP]: 13 occurrences (26.0% of trials)
2025-03-20 15:41:12,584 - SINDyMarkovModel - INFO -   [0] -> [STOP]: 1 occurrences (2.0% of trials)
2025-03-20 15:41:12,585 - SINDyMarkovModel - INFO - 
Most common failure patterns:
2025-03-20 15:41:12,585 - SINDyMarkovModel - INFO -   [0, 1, 2]: 36 occurrences (73.5% of failures)
2025-03-20 15:41:12,586 - SINDyMarkovModel - INFO -   [0, 1]: 13 occurrences (26.5% of failures)
2025-03-20 15:41:12,587 - SINDyMarkovModel - INFO - 
Coefficient Distribution Analysis:
2025-03-20 15:41:12,589 - SINDyMarkovModel - INFO - 
State [0, 1, 2] (observed 15 times):
2025-03-20 15:41:12,590 - SINDyMarkovModel - INFO - Coefficient means:
2025-03-20 15:41:12,590 - SINDyMarkovModel - INFO -   Coef 0: Theoretical: 1.000000, Empirical: 1.002651, Diff: 0.002651 (0.3%)
2025-03-20 15:41:12,590 - SINDyMarkovModel - INFO -   Coef 1: Theoretical: 0.000000, Empirical: 0.006410, Diff: 0.006410 (inf%)
2025-03-20 15:41:12,591 - SINDyMarkovModel - INFO -   Coef 2: Theoretical: 0.000000, Empirical: -0.002539, Diff: 0.002539 (inf%)
2025-03-20 15:41:12,591 - SINDyMarkovModel - INFO - 
Coefficient standard deviations:
2025-03-20 15:41:12,591 - SINDyMarkovModel - INFO -   Coef 0: Theoretical: 3.332105, Empirical: 3.561326, Ratio: 0.9356
2025-03-20 15:41:12,592 - SINDyMarkovModel - INFO -   Coef 1: Theoretical: 3.417675, Empirical: 3.671164, Ratio: 0.9310
2025-03-20 15:41:12,592 - SINDyMarkovModel - INFO -   Coef 2: Theoretical: 0.087244, Empirical: 0.115624, Ratio: 0.7545
2025-03-20 15:41:12,592 - SINDyMarkovModel - INFO - 
State [0, 1] (observed 5 times):
2025-03-20 15:41:12,592 - SINDyMarkovModel - INFO - Coefficient means:
2025-03-20 15:41:12,592 - SINDyMarkovModel - INFO -   Coef 0: Theoretical: 1.000000, Empirical: 2.085950, Diff: 1.085950 (108.6%)
2025-03-20 15:41:12,592 - SINDyMarkovModel - INFO -   Coef 1: Theoretical: 0.000000, Empirical: -1.105487, Diff: 1.105487 (inf%)
2025-03-20 15:41:12,592 - SINDyMarkovModel - INFO - 
Coefficient standard deviations:
2025-03-20 15:41:12,593 - SINDyMarkovModel - INFO -   Coef 0: Theoretical: 3.327800, Empirical: 4.266208, Ratio: 0.7800
2025-03-20 15:41:12,593 - SINDyMarkovModel - INFO -   Coef 1: Theoretical: 3.413363, Empirical: 4.389725, Ratio: 0.7776
2025-03-20 15:41:12,593 - SINDyMarkovModel - INFO - 
--------------------------------------------------------------------------------
CONFIGURATION SUMMARY
--------------------------------------------------------------------------------
2025-03-20 15:41:12,593 - SINDyMarkovModel - INFO - Data Range: 0.5, Samples: 100
2025-03-20 15:41:12,594 - SINDyMarkovModel - INFO - Log Determinant of Gram Matrix: -4.6250
2025-03-20 15:41:12,594 - SINDyMarkovModel - INFO - Discriminability Details:
2025-03-20 15:41:12,594 - SINDyMarkovModel - INFO -   Term 0(true) vs Term 1(false): 0.6343
2025-03-20 15:41:12,594 - SINDyMarkovModel - INFO -   Term 0(true) vs Term 2(false): 1041.8033
2025-03-20 15:41:12,594 - SINDyMarkovModel - INFO - Average Discriminability: 521.2188
2025-03-20 15:41:12,594 - SINDyMarkovModel - INFO - Theoretical Success Probability: 0.0130
2025-03-20 15:41:12,595 - SINDyMarkovModel - INFO - Empirical Success Probability: 0.0200
2025-03-20 15:41:12,595 - SINDyMarkovModel - INFO - Difference: 0.0070
2025-03-20 15:41:12,595 - SINDyMarkovModel - INFO - --------------------------------------------------------------------------------


2025-03-20 15:41:12,595 - SINDyMarkovModel - INFO - 
============================================================
2025-03-20 15:41:12,596 - SINDyMarkovModel - INFO - CONFIGURATION 2/6
2025-03-20 15:41:12,596 - SINDyMarkovModel - INFO - Data Range: 0.5, Samples: 200
2025-03-20 15:41:12,596 - SINDyMarkovModel - INFO - ============================================================
2025-03-20 15:41:12,596 - SINDyMarkovModel - INFO - Computing Gram matrix with 200 sample points
2025-03-20 15:41:12,597 - SINDyMarkovModel - INFO - Log determinant of Gram matrix: -2.5311
2025-03-20 15:41:12,597 - SINDyMarkovModel - INFO - 
================================================================================
BEGINNING SUCCESS PROBABILITY CALCULATION
================================================================================
2025-03-20 15:41:12,597 - SINDyMarkovModel - INFO - All indices = {0, 1, 2}
2025-03-20 15:41:12,598 - SINDyMarkovModel - INFO - True indices = {0}
2025-03-20 15:41:12,598 - SINDyMarkovModel - INFO - Target state (true model) = {0}
2025-03-20 15:41:12,598 - SINDyMarkovModel - INFO - Generated 4 valid states:
2025-03-20 15:41:12,598 - SINDyMarkovModel - DEBUG -   State 1: {0}
2025-03-20 15:41:12,598 - SINDyMarkovModel - DEBUG -   State 2: {0, 1}
2025-03-20 15:41:12,599 - SINDyMarkovModel - DEBUG -   State 3: {0, 2}
2025-03-20 15:41:12,599 - SINDyMarkovModel - DEBUG -   State 4: {0, 1, 2}
2025-03-20 15:41:12,599 - SINDyMarkovModel - INFO - 
TRUE MODEL STATE TRANSITIONS
2025-03-20 15:41:12,599 - SINDyMarkovModel - INFO - Transitions from {0}:
    -> [STOP]: 1.000000
2025-03-20 15:41:12,599 - SINDyMarkovModel - INFO - TRUE MODEL STATE STOPPING PROBABILITY: 1.000000

2025-03-20 15:41:12,599 - SINDyMarkovModel - DEBUG - Transitions from {0, 1}:
    -> {0}: 0.011610
    -> [STOP]: 0.988390
2025-03-20 15:41:12,599 - SINDyMarkovModel - DEBUG - Transitions from {0, 2}:
    -> {0}: 0.434070
    -> [STOP]: 0.565930
2025-03-20 15:41:12,599 - SINDyMarkovModel - DEBUG - Transitions from {0, 1, 2}:
    -> {0}: 0.005100
    -> {0, 1}: 0.424060
    -> {0, 2}: 0.006750
    -> [STOP]: 0.564090
2025-03-20 15:41:12,599 - SINDyMarkovModel - INFO - 
State Reachability Probabilities:
2025-03-20 15:41:12,600 - SINDyMarkovModel - INFO -   State {0, 1, 2}: 1.000000
2025-03-20 15:41:12,601 - SINDyMarkovModel - INFO -   State {0, 2}: 0.006750
2025-03-20 15:41:12,601 - SINDyMarkovModel - INFO -   State {0, 1}: 0.424060
2025-03-20 15:41:12,601 - SINDyMarkovModel - INFO -   TRUE MODEL STATE {0}: 0.012953
2025-03-20 15:41:12,601 - SINDyMarkovModel - INFO - 
--------------------------------------------------------------------------------
SUCCESS PROBABILITY CALCULATION
--------------------------------------------------------------------------------
2025-03-20 15:41:12,602 - SINDyMarkovModel - INFO - Method 1 - Direct Calculation:
2025-03-20 15:41:12,602 - SINDyMarkovModel - INFO -   Probability of reaching true state:    0.012953
2025-03-20 15:41:12,602 - SINDyMarkovModel - INFO -   Probability of stopping at true state: 1.000000
2025-03-20 15:41:12,602 - SINDyMarkovModel - INFO -   Success probability = 0.012953 × 1.000000 = 0.012953
2025-03-20 15:41:12,602 - SINDyMarkovModel - INFO - 
================================================================================
END OF SUCCESS PROBABILITY CALCULATION
================================================================================
2025-03-20 15:41:12,603 - SINDyMarkovModel - INFO - 
Running STLSQ simulation with 50 trials...
2025-03-20 15:41:12,606 - SINDyMarkovModel - INFO - 
--------------------------------------------------------------------------------
STLSQ SIMULATION RESULTS (1/50 successful, 0.0200)
--------------------------------------------------------------------------------
2025-03-20 15:41:12,606 - SINDyMarkovModel - INFO - 
Sample of 5 trials:
2025-03-20 15:41:12,607 - SINDyMarkovModel - INFO -   Trial 1: FAILURE, Identified terms: [0, 1, 2]
2025-03-20 15:41:12,607 - SINDyMarkovModel - INFO -     Trajectory: [0, 1, 2] -> [STOP]
2025-03-20 15:41:12,607 - SINDyMarkovModel - INFO -   Trial 2: FAILURE, Identified terms: [0, 1]
2025-03-20 15:41:12,608 - SINDyMarkovModel - INFO -     Trajectory: [0, 1] -> [STOP]
2025-03-20 15:41:12,608 - SINDyMarkovModel - INFO -   Trial 3: FAILURE, Identified terms: [0, 1, 2]
2025-03-20 15:41:12,608 - SINDyMarkovModel - INFO -     Trajectory: [0, 1, 2] -> [STOP]
2025-03-20 15:41:12,608 - SINDyMarkovModel - INFO -   Trial 4: FAILURE, Identified terms: [0, 1]
2025-03-20 15:41:12,609 - SINDyMarkovModel - INFO -     Trajectory: [0, 1] -> [STOP]
2025-03-20 15:41:12,609 - SINDyMarkovModel - INFO -   Trial 5: FAILURE, Identified terms: [0, 1, 2]
2025-03-20 15:41:12,609 - SINDyMarkovModel - INFO -     Trajectory: [0, 1, 2] -> [STOP]
2025-03-20 15:41:12,610 - SINDyMarkovModel - INFO - 
Path Analysis:
2025-03-20 15:41:12,610 - SINDyMarkovModel - INFO - Top 5 paths through state space:
2025-03-20 15:41:12,610 - SINDyMarkovModel - INFO -   [0, 1] -> [STOP]: 26 occurrences (52.0% of trials)
2025-03-20 15:41:12,610 - SINDyMarkovModel - INFO -   [0, 1, 2] -> [STOP]: 21 occurrences (42.0% of trials)
2025-03-20 15:41:12,610 - SINDyMarkovModel - INFO -   [0, 2] -> [STOP]: 1 occurrences (2.0% of trials)
2025-03-20 15:41:12,610 - SINDyMarkovModel - INFO -   [1, 2] -> [STOP]: 1 occurrences (2.0% of trials)
2025-03-20 15:41:12,611 - SINDyMarkovModel - INFO -   [0] -> [STOP]: 1 occurrences (2.0% of trials)
2025-03-20 15:41:12,611 - SINDyMarkovModel - INFO - 
Most common failure patterns:
2025-03-20 15:41:12,611 - SINDyMarkovModel - INFO -   [0, 1]: 26 occurrences (53.1% of failures)
2025-03-20 15:41:12,611 - SINDyMarkovModel - INFO -   [0, 1, 2]: 21 occurrences (42.9% of failures)
2025-03-20 15:41:12,612 - SINDyMarkovModel - INFO -   [0, 2]: 1 occurrences (2.0% of failures)
2025-03-20 15:41:12,614 - SINDyMarkovModel - INFO - 
Coefficient Distribution Analysis:
2025-03-20 15:41:12,614 - SINDyMarkovModel - INFO - 
State [0, 1, 2] (observed 8 times):
2025-03-20 15:41:12,614 - SINDyMarkovModel - INFO - Coefficient means:
2025-03-20 15:41:12,614 - SINDyMarkovModel - INFO -   Coef 0: Theoretical: 1.000000, Empirical: 1.380273, Diff: 0.380273 (38.0%)
2025-03-20 15:41:12,615 - SINDyMarkovModel - INFO -   Coef 1: Theoretical: 0.000000, Empirical: -0.390178, Diff: 0.390178 (inf%)
2025-03-20 15:41:12,615 - SINDyMarkovModel - INFO -   Coef 2: Theoretical: 0.000000, Empirical: -0.016532, Diff: 0.016532 (inf%)
2025-03-20 15:41:12,615 - SINDyMarkovModel - INFO - 
Coefficient standard deviations:
2025-03-20 15:41:12,615 - SINDyMarkovModel - INFO -   Coef 0: Theoretical: 2.196378, Empirical: 2.177252, Ratio: 1.0088
2025-03-20 15:41:12,615 - SINDyMarkovModel - INFO -   Coef 1: Theoretical: 2.251216, Empirical: 2.254855, Ratio: 0.9984
2025-03-20 15:41:12,616 - SINDyMarkovModel - INFO -   Coef 2: Theoretical: 0.064333, Empirical: 0.101753, Ratio: 0.6322
2025-03-20 15:41:12,616 - SINDyMarkovModel - INFO - 
State [0, 1] (observed 11 times):
2025-03-20 15:41:12,616 - SINDyMarkovModel - INFO - Coefficient means:
2025-03-20 15:41:12,616 - SINDyMarkovModel - INFO -   Coef 0: Theoretical: 1.000000, Empirical: 0.452750, Diff: 0.547250 (54.7%)
2025-03-20 15:41:12,617 - SINDyMarkovModel - INFO -   Coef 1: Theoretical: 0.000000, Empirical: 0.556121, Diff: 0.556121 (inf%)
2025-03-20 15:41:12,617 - SINDyMarkovModel - INFO - 
Coefficient standard deviations:
2025-03-20 15:41:12,617 - SINDyMarkovModel - INFO -   Coef 0: Theoretical: 2.184527, Empirical: 1.797617, Ratio: 1.2152
2025-03-20 15:41:12,617 - SINDyMarkovModel - INFO -   Coef 1: Theoretical: 2.239123, Empirical: 1.838481, Ratio: 1.2179
2025-03-20 15:41:12,617 - SINDyMarkovModel - INFO - 
--------------------------------------------------------------------------------
CONFIGURATION SUMMARY
--------------------------------------------------------------------------------
2025-03-20 15:41:12,618 - SINDyMarkovModel - INFO - Data Range: 0.5, Samples: 200
2025-03-20 15:41:12,618 - SINDyMarkovModel - INFO - Log Determinant of Gram Matrix: -2.5311
2025-03-20 15:41:12,618 - SINDyMarkovModel - INFO - Discriminability Details:
2025-03-20 15:41:12,618 - SINDyMarkovModel - INFO -   Term 0(true) vs Term 1(false): 1.1861
2025-03-20 15:41:12,619 - SINDyMarkovModel - INFO -   Term 0(true) vs Term 2(false): 1922.4286
2025-03-20 15:41:12,619 - SINDyMarkovModel - INFO - Average Discriminability: 961.8074
2025-03-20 15:41:12,619 - SINDyMarkovModel - INFO - Theoretical Success Probability: 0.0130
2025-03-20 15:41:12,619 - SINDyMarkovModel - INFO - Empirical Success Probability: 0.0200
2025-03-20 15:41:12,619 - SINDyMarkovModel - INFO - Difference: 0.0070
2025-03-20 15:41:12,619 - SINDyMarkovModel - INFO - --------------------------------------------------------------------------------


2025-03-20 15:41:12,619 - SINDyMarkovModel - INFO - 
============================================================
2025-03-20 15:41:12,620 - SINDyMarkovModel - INFO - CONFIGURATION 3/6
2025-03-20 15:41:12,620 - SINDyMarkovModel - INFO - Data Range: 0.5, Samples: 500
2025-03-20 15:41:12,620 - SINDyMarkovModel - INFO - ============================================================
2025-03-20 15:41:12,620 - SINDyMarkovModel - INFO - Computing Gram matrix with 500 sample points
2025-03-20 15:41:12,620 - SINDyMarkovModel - INFO - Log determinant of Gram matrix: 0.2605
2025-03-20 15:41:12,621 - SINDyMarkovModel - INFO - 
================================================================================
BEGINNING SUCCESS PROBABILITY CALCULATION
================================================================================
2025-03-20 15:41:12,623 - SINDyMarkovModel - INFO - All indices = {0, 1, 2}
2025-03-20 15:41:12,623 - SINDyMarkovModel - INFO - True indices = {0}
2025-03-20 15:41:12,623 - SINDyMarkovModel - INFO - Target state (true model) = {0}
2025-03-20 15:41:12,624 - SINDyMarkovModel - INFO - Generated 4 valid states:
2025-03-20 15:41:12,624 - SINDyMarkovModel - DEBUG -   State 1: {0}
2025-03-20 15:41:12,624 - SINDyMarkovModel - DEBUG -   State 2: {0, 1}
2025-03-20 15:41:12,624 - SINDyMarkovModel - DEBUG -   State 3: {0, 2}
2025-03-20 15:41:12,624 - SINDyMarkovModel - DEBUG -   State 4: {0, 1, 2}
2025-03-20 15:41:12,624 - SINDyMarkovModel - INFO - 
TRUE MODEL STATE TRANSITIONS
2025-03-20 15:41:12,625 - SINDyMarkovModel - INFO - Transitions from {0}:
    -> [STOP]: 1.000000
2025-03-20 15:41:12,625 - SINDyMarkovModel - INFO - TRUE MODEL STATE STOPPING PROBABILITY: 1.000000

2025-03-20 15:41:12,625 - SINDyMarkovModel - DEBUG - Transitions from {0, 1}:
    -> {0}: 0.011610
    -> [STOP]: 0.988390
2025-03-20 15:41:12,625 - SINDyMarkovModel - DEBUG - Transitions from {0, 2}:
    -> {0}: 0.434070
    -> [STOP]: 0.565930
2025-03-20 15:41:12,625 - SINDyMarkovModel - DEBUG - Transitions from {0, 1, 2}:
    -> {0}: 0.005100
    -> {0, 1}: 0.424060
    -> {0, 2}: 0.006750
    -> [STOP]: 0.564090
2025-03-20 15:41:12,625 - SINDyMarkovModel - INFO - 
State Reachability Probabilities:
2025-03-20 15:41:12,625 - SINDyMarkovModel - INFO -   State {0, 1, 2}: 1.000000
2025-03-20 15:41:12,626 - SINDyMarkovModel - INFO -   State {0, 2}: 0.006750
2025-03-20 15:41:12,626 - SINDyMarkovModel - INFO -   State {0, 1}: 0.424060
2025-03-20 15:41:12,626 - SINDyMarkovModel - INFO -   TRUE MODEL STATE {0}: 0.012953
2025-03-20 15:41:12,626 - SINDyMarkovModel - INFO - 
--------------------------------------------------------------------------------
SUCCESS PROBABILITY CALCULATION
--------------------------------------------------------------------------------
2025-03-20 15:41:12,626 - SINDyMarkovModel - INFO - Method 1 - Direct Calculation:
2025-03-20 15:41:12,626 - SINDyMarkovModel - INFO -   Probability of reaching true state:    0.012953
2025-03-20 15:41:12,627 - SINDyMarkovModel - INFO -   Probability of stopping at true state: 1.000000
2025-03-20 15:41:12,627 - SINDyMarkovModel - INFO -   Success probability = 0.012953 × 1.000000 = 0.012953
2025-03-20 15:41:12,627 - SINDyMarkovModel - INFO - 
================================================================================
END OF SUCCESS PROBABILITY CALCULATION
================================================================================
2025-03-20 15:41:12,628 - SINDyMarkovModel - INFO - 
Running STLSQ simulation with 50 trials...
2025-03-20 15:41:12,631 - SINDyMarkovModel - INFO - 
--------------------------------------------------------------------------------
STLSQ SIMULATION RESULTS (3/50 successful, 0.0600)
--------------------------------------------------------------------------------
2025-03-20 15:41:12,631 - SINDyMarkovModel - INFO - 
Sample of 5 trials:
2025-03-20 15:41:12,632 - SINDyMarkovModel - INFO -   Trial 1: FAILURE, Identified terms: [0, 1]
2025-03-20 15:41:12,632 - SINDyMarkovModel - INFO -     Trajectory: [0, 1] -> [STOP]
2025-03-20 15:41:12,633 - SINDyMarkovModel - INFO -   Trial 2: SUCCESS, Identified terms: [0]
2025-03-20 15:41:12,633 - SINDyMarkovModel - INFO -     Trajectory: [0] -> [STOP]
2025-03-20 15:41:12,633 - SINDyMarkovModel - INFO -   Trial 3: FAILURE, Identified terms: [0, 1]
2025-03-20 15:41:12,633 - SINDyMarkovModel - INFO -     Trajectory: [0, 1] -> [STOP]
2025-03-20 15:41:12,633 - SINDyMarkovModel - INFO -   Trial 4: FAILURE, Identified terms: [0, 1]
2025-03-20 15:41:12,634 - SINDyMarkovModel - INFO -     Trajectory: [0, 1] -> [STOP]
2025-03-20 15:41:12,634 - SINDyMarkovModel - INFO -   Trial 5: FAILURE, Identified terms: [0, 1]
2025-03-20 15:41:12,634 - SINDyMarkovModel - INFO -     Trajectory: [0, 1] -> [STOP]
2025-03-20 15:41:12,634 - SINDyMarkovModel - INFO - 
Path Analysis:
2025-03-20 15:41:12,635 - SINDyMarkovModel - INFO - Top 4 paths through state space:
2025-03-20 15:41:12,635 - SINDyMarkovModel - INFO -   [0, 1] -> [STOP]: 39 occurrences (78.0% of trials)
2025-03-20 15:41:12,635 - SINDyMarkovModel - INFO -   [0, 1, 2] -> [STOP]: 7 occurrences (14.0% of trials)
2025-03-20 15:41:12,635 - SINDyMarkovModel - INFO -   [0] -> [STOP]: 3 occurrences (6.0% of trials)
2025-03-20 15:41:12,635 - SINDyMarkovModel - INFO -   [1] -> [STOP]: 1 occurrences (2.0% of trials)
2025-03-20 15:41:12,635 - SINDyMarkovModel - INFO - 
Most common failure patterns:
2025-03-20 15:41:12,636 - SINDyMarkovModel - INFO -   [0, 1]: 39 occurrences (83.0% of failures)
2025-03-20 15:41:12,636 - SINDyMarkovModel - INFO -   [0, 1, 2]: 7 occurrences (14.9% of failures)
2025-03-20 15:41:12,636 - SINDyMarkovModel - INFO -   [1]: 1 occurrences (2.1% of failures)
2025-03-20 15:41:12,638 - SINDyMarkovModel - INFO - 
Coefficient Distribution Analysis:
2025-03-20 15:41:12,638 - SINDyMarkovModel - INFO - 
State [0, 1] (observed 14 times):
2025-03-20 15:41:12,638 - SINDyMarkovModel - INFO - Coefficient means:
2025-03-20 15:41:12,638 - SINDyMarkovModel - INFO -   Coef 0: Theoretical: 1.000000, Empirical: 1.268055, Diff: 0.268055 (26.8%)
2025-03-20 15:41:12,639 - SINDyMarkovModel - INFO -   Coef 1: Theoretical: 0.000000, Empirical: -0.276074, Diff: 0.276074 (inf%)
2025-03-20 15:41:12,639 - SINDyMarkovModel - INFO - 
Coefficient standard deviations:
2025-03-20 15:41:12,639 - SINDyMarkovModel - INFO -   Coef 0: Theoretical: 1.419344, Empirical: 1.334422, Ratio: 1.0636
2025-03-20 15:41:12,639 - SINDyMarkovModel - INFO -   Coef 1: Theoretical: 1.455919, Empirical: 1.367947, Ratio: 1.0643
2025-03-20 15:41:12,640 - SINDyMarkovModel - INFO - 
State [0, 1, 2] (observed 5 times):
2025-03-20 15:41:12,640 - SINDyMarkovModel - INFO - Coefficient means:
2025-03-20 15:41:12,640 - SINDyMarkovModel - INFO -   Coef 0: Theoretical: 1.000000, Empirical: 0.542072, Diff: 0.457928 (45.8%)
2025-03-20 15:41:12,641 - SINDyMarkovModel - INFO -   Coef 1: Theoretical: 0.000000, Empirical: 0.478313, Diff: 0.478313 (inf%)
2025-03-20 15:41:12,641 - SINDyMarkovModel - INFO -   Coef 2: Theoretical: 0.000000, Empirical: -0.008816, Diff: 0.008816 (inf%)
2025-03-20 15:41:12,641 - SINDyMarkovModel - INFO - 
Coefficient standard deviations:
2025-03-20 15:41:12,642 - SINDyMarkovModel - INFO -   Coef 0: Theoretical: 1.419359, Empirical: 1.068802, Ratio: 1.3280
2025-03-20 15:41:12,642 - SINDyMarkovModel - INFO -   Coef 1: Theoretical: 1.455936, Empirical: 1.102911, Ratio: 1.3201
2025-03-20 15:41:12,642 - SINDyMarkovModel - INFO -   Coef 2: Theoretical: 0.039307, Empirical: 0.061024, Ratio: 0.6441
2025-03-20 15:41:12,642 - SINDyMarkovModel - INFO - 
--------------------------------------------------------------------------------
CONFIGURATION SUMMARY
--------------------------------------------------------------------------------
2025-03-20 15:41:12,643 - SINDyMarkovModel - INFO - Data Range: 0.5, Samples: 500
2025-03-20 15:41:12,643 - SINDyMarkovModel - INFO - Log Determinant of Gram Matrix: 0.2605
2025-03-20 15:41:12,643 - SINDyMarkovModel - INFO - Discriminability Details:
2025-03-20 15:41:12,643 - SINDyMarkovModel - INFO -   Term 0(true) vs Term 1(false): 3.1658
2025-03-20 15:41:12,644 - SINDyMarkovModel - INFO -   Term 0(true) vs Term 2(false): 4991.6468
2025-03-20 15:41:12,644 - SINDyMarkovModel - INFO - Average Discriminability: 2497.4063
2025-03-20 15:41:12,644 - SINDyMarkovModel - INFO - Theoretical Success Probability: 0.0130
2025-03-20 15:41:12,644 - SINDyMarkovModel - INFO - Empirical Success Probability: 0.0600
2025-03-20 15:41:12,644 - SINDyMarkovModel - INFO - Difference: 0.0470
2025-03-20 15:41:12,644 - SINDyMarkovModel - INFO - --------------------------------------------------------------------------------


2025-03-20 15:41:12,645 - SINDyMarkovModel - INFO - 
============================================================
2025-03-20 15:41:12,645 - SINDyMarkovModel - INFO - CONFIGURATION 4/6
2025-03-20 15:41:12,645 - SINDyMarkovModel - INFO - Data Range: 1.0, Samples: 100
2025-03-20 15:41:12,645 - SINDyMarkovModel - INFO - ============================================================
2025-03-20 15:41:12,646 - SINDyMarkovModel - INFO - Computing Gram matrix with 100 sample points
2025-03-20 15:41:12,646 - SINDyMarkovModel - INFO - Log determinant of Gram matrix: 3.0852
2025-03-20 15:41:12,646 - SINDyMarkovModel - INFO - 
================================================================================
BEGINNING SUCCESS PROBABILITY CALCULATION
================================================================================
2025-03-20 15:41:12,646 - SINDyMarkovModel - INFO - All indices = {0, 1, 2}
2025-03-20 15:41:12,647 - SINDyMarkovModel - INFO - True indices = {0}
2025-03-20 15:41:12,647 - SINDyMarkovModel - INFO - Target state (true model) = {0}
2025-03-20 15:41:12,647 - SINDyMarkovModel - INFO - Generated 4 valid states:
2025-03-20 15:41:12,647 - SINDyMarkovModel - DEBUG -   State 1: {0}
2025-03-20 15:41:12,647 - SINDyMarkovModel - DEBUG -   State 2: {0, 1}
2025-03-20 15:41:12,647 - SINDyMarkovModel - DEBUG -   State 3: {0, 2}
2025-03-20 15:41:12,647 - SINDyMarkovModel - DEBUG -   State 4: {0, 1, 2}
2025-03-20 15:41:12,647 - SINDyMarkovModel - INFO - 
TRUE MODEL STATE TRANSITIONS
2025-03-20 15:41:12,647 - SINDyMarkovModel - INFO - Transitions from {0}:
    -> [STOP]: 1.000000
2025-03-20 15:41:12,647 - SINDyMarkovModel - INFO - TRUE MODEL STATE STOPPING PROBABILITY: 1.000000

2025-03-20 15:41:12,648 - SINDyMarkovModel - DEBUG - Transitions from {0, 1}:
    -> {0}: 0.011610
    -> [STOP]: 0.988390
2025-03-20 15:41:12,648 - SINDyMarkovModel - DEBUG - Transitions from {0, 2}:
    -> {0}: 0.434070
    -> [STOP]: 0.565930
2025-03-20 15:41:12,648 - SINDyMarkovModel - DEBUG - Transitions from {0, 1, 2}:
    -> {0}: 0.005100
    -> {0, 1}: 0.424060
    -> {0, 2}: 0.006750
    -> [STOP]: 0.564090
2025-03-20 15:41:12,648 - SINDyMarkovModel - INFO - 
State Reachability Probabilities:
2025-03-20 15:41:12,648 - SINDyMarkovModel - INFO -   State {0, 1, 2}: 1.000000
2025-03-20 15:41:12,649 - SINDyMarkovModel - INFO -   State {0, 2}: 0.006750
2025-03-20 15:41:12,649 - SINDyMarkovModel - INFO -   State {0, 1}: 0.424060
2025-03-20 15:41:12,649 - SINDyMarkovModel - INFO -   TRUE MODEL STATE {0}: 0.012953
2025-03-20 15:41:12,649 - SINDyMarkovModel - INFO - 
--------------------------------------------------------------------------------
SUCCESS PROBABILITY CALCULATION
--------------------------------------------------------------------------------
2025-03-20 15:41:12,650 - SINDyMarkovModel - INFO - Method 1 - Direct Calculation:
2025-03-20 15:41:12,650 - SINDyMarkovModel - INFO -   Probability of reaching true state:    0.012953
2025-03-20 15:41:12,650 - SINDyMarkovModel - INFO -   Probability of stopping at true state: 1.000000
2025-03-20 15:41:12,650 - SINDyMarkovModel - INFO -   Success probability = 0.012953 × 1.000000 = 0.012953
2025-03-20 15:41:12,651 - SINDyMarkovModel - INFO - 
================================================================================
END OF SUCCESS PROBABILITY CALCULATION
================================================================================
2025-03-20 15:41:12,651 - SINDyMarkovModel - INFO - 
Running STLSQ simulation with 50 trials...
2025-03-20 15:41:12,655 - SINDyMarkovModel - INFO - 
--------------------------------------------------------------------------------
STLSQ SIMULATION RESULTS (2/50 successful, 0.0400)
--------------------------------------------------------------------------------
2025-03-20 15:41:12,656 - SINDyMarkovModel - INFO - 
Sample of 5 trials:
2025-03-20 15:41:12,657 - SINDyMarkovModel - INFO -   Trial 1: FAILURE, Identified terms: [0, 1]
2025-03-20 15:41:12,657 - SINDyMarkovModel - INFO -     Trajectory: [0, 1] -> [STOP]
2025-03-20 15:41:12,657 - SINDyMarkovModel - INFO -   Trial 2: FAILURE, Identified terms: [0, 1]
2025-03-20 15:41:12,657 - SINDyMarkovModel - INFO -     Trajectory: [0, 1] -> [STOP]
2025-03-20 15:41:12,657 - SINDyMarkovModel - INFO -   Trial 3: FAILURE, Identified terms: [0, 1, 2]
2025-03-20 15:41:12,658 - SINDyMarkovModel - INFO -     Trajectory: [0, 1, 2] -> [STOP]
2025-03-20 15:41:12,658 - SINDyMarkovModel - INFO -   Trial 4: FAILURE, Identified terms: [0, 1]
2025-03-20 15:41:12,658 - SINDyMarkovModel - INFO -     Trajectory: [0, 1] -> [STOP]
2025-03-20 15:41:12,658 - SINDyMarkovModel - INFO -   Trial 5: FAILURE, Identified terms: [0, 1]
2025-03-20 15:41:12,658 - SINDyMarkovModel - INFO -     Trajectory: [0, 1] -> [STOP]
2025-03-20 15:41:12,658 - SINDyMarkovModel - INFO - 
Path Analysis:
2025-03-20 15:41:12,659 - SINDyMarkovModel - INFO - Top 4 paths through state space:
2025-03-20 15:41:12,659 - SINDyMarkovModel - INFO -   [0, 1] -> [STOP]: 45 occurrences (90.0% of trials)
2025-03-20 15:41:12,659 - SINDyMarkovModel - INFO -   [1] -> [STOP]: 2 occurrences (4.0% of trials)
2025-03-20 15:41:12,659 - SINDyMarkovModel - INFO -   [0] -> [STOP]: 2 occurrences (4.0% of trials)
2025-03-20 15:41:12,659 - SINDyMarkovModel - INFO -   [0, 1, 2] -> [STOP]: 1 occurrences (2.0% of trials)
2025-03-20 15:41:12,659 - SINDyMarkovModel - INFO - 
Most common failure patterns:
2025-03-20 15:41:12,660 - SINDyMarkovModel - INFO -   [0, 1]: 45 occurrences (93.8% of failures)
2025-03-20 15:41:12,660 - SINDyMarkovModel - INFO -   [1]: 2 occurrences (4.2% of failures)
2025-03-20 15:41:12,660 - SINDyMarkovModel - INFO -   [0, 1, 2]: 1 occurrences (2.1% of failures)
2025-03-20 15:41:12,662 - SINDyMarkovModel - INFO - 
Coefficient Distribution Analysis:
2025-03-20 15:41:12,662 - SINDyMarkovModel - INFO - 
State [0, 1] (observed 17 times):
2025-03-20 15:41:12,662 - SINDyMarkovModel - INFO - Coefficient means:
2025-03-20 15:41:12,663 - SINDyMarkovModel - INFO -   Coef 0: Theoretical: 1.000000, Empirical: 1.069410, Diff: 0.069410 (6.9%)
2025-03-20 15:41:12,663 - SINDyMarkovModel - INFO -   Coef 1: Theoretical: 0.000000, Empirical: -0.076359, Diff: 0.076359 (inf%)
2025-03-20 15:41:12,663 - SINDyMarkovModel - INFO - 
Coefficient standard deviations:
2025-03-20 15:41:12,663 - SINDyMarkovModel - INFO -   Coef 0: Theoretical: 0.424905, Empirical: 0.537247, Ratio: 0.7909
2025-03-20 15:41:12,663 - SINDyMarkovModel - INFO -   Coef 1: Theoretical: 0.465304, Empirical: 0.591746, Ratio: 0.7863
2025-03-20 15:41:12,664 - SINDyMarkovModel - INFO - 
--------------------------------------------------------------------------------
CONFIGURATION SUMMARY
--------------------------------------------------------------------------------
2025-03-20 15:41:12,664 - SINDyMarkovModel - INFO - Data Range: 1.0, Samples: 100
2025-03-20 15:41:12,664 - SINDyMarkovModel - INFO - Log Determinant of Gram Matrix: 3.0852
2025-03-20 15:41:12,664 - SINDyMarkovModel - INFO - Discriminability Details:
2025-03-20 15:41:12,664 - SINDyMarkovModel - INFO -   Term 0(true) vs Term 1(false): 27.3461
2025-03-20 15:41:12,665 - SINDyMarkovModel - INFO -   Term 0(true) vs Term 2(false): 4306.0528
2025-03-20 15:41:12,665 - SINDyMarkovModel - INFO - Average Discriminability: 2166.6994
2025-03-20 15:41:12,665 - SINDyMarkovModel - INFO - Theoretical Success Probability: 0.0130
2025-03-20 15:41:12,665 - SINDyMarkovModel - INFO - Empirical Success Probability: 0.0400
2025-03-20 15:41:12,665 - SINDyMarkovModel - INFO - Difference: 0.0270
2025-03-20 15:41:12,666 - SINDyMarkovModel - INFO - --------------------------------------------------------------------------------


2025-03-20 15:41:12,666 - SINDyMarkovModel - INFO - 
============================================================
2025-03-20 15:41:12,666 - SINDyMarkovModel - INFO - CONFIGURATION 5/6
2025-03-20 15:41:12,666 - SINDyMarkovModel - INFO - Data Range: 1.0, Samples: 200
2025-03-20 15:41:12,666 - SINDyMarkovModel - INFO - ============================================================
2025-03-20 15:41:12,667 - SINDyMarkovModel - INFO - Computing Gram matrix with 200 sample points
2025-03-20 15:41:12,667 - SINDyMarkovModel - INFO - Log determinant of Gram matrix: 5.2158
2025-03-20 15:41:12,667 - SINDyMarkovModel - INFO - 
================================================================================
BEGINNING SUCCESS PROBABILITY CALCULATION
================================================================================
2025-03-20 15:41:12,667 - SINDyMarkovModel - INFO - All indices = {0, 1, 2}
2025-03-20 15:41:12,668 - SINDyMarkovModel - INFO - True indices = {0}
2025-03-20 15:41:12,668 - SINDyMarkovModel - INFO - Target state (true model) = {0}
2025-03-20 15:41:12,668 - SINDyMarkovModel - INFO - Generated 4 valid states:
2025-03-20 15:41:12,668 - SINDyMarkovModel - DEBUG -   State 1: {0}
2025-03-20 15:41:12,668 - SINDyMarkovModel - DEBUG -   State 2: {0, 1}
2025-03-20 15:41:12,668 - SINDyMarkovModel - DEBUG -   State 3: {0, 2}
2025-03-20 15:41:12,668 - SINDyMarkovModel - DEBUG -   State 4: {0, 1, 2}
2025-03-20 15:41:12,668 - SINDyMarkovModel - INFO - 
TRUE MODEL STATE TRANSITIONS
2025-03-20 15:41:12,668 - SINDyMarkovModel - INFO - Transitions from {0}:
    -> [STOP]: 1.000000
2025-03-20 15:41:12,669 - SINDyMarkovModel - INFO - TRUE MODEL STATE STOPPING PROBABILITY: 1.000000

2025-03-20 15:41:12,669 - SINDyMarkovModel - DEBUG - Transitions from {0, 1}:
    -> {0}: 0.011610
    -> [STOP]: 0.988390
2025-03-20 15:41:12,669 - SINDyMarkovModel - DEBUG - Transitions from {0, 2}:
    -> {0}: 0.434070
    -> [STOP]: 0.565930
2025-03-20 15:41:12,669 - SINDyMarkovModel - DEBUG - Transitions from {0, 1, 2}:
    -> {0}: 0.005100
    -> {0, 1}: 0.424060
    -> {0, 2}: 0.006750
    -> [STOP]: 0.564090
2025-03-20 15:41:12,669 - SINDyMarkovModel - INFO - 
State Reachability Probabilities:
2025-03-20 15:41:12,669 - SINDyMarkovModel - INFO -   State {0, 1, 2}: 1.000000
2025-03-20 15:41:12,670 - SINDyMarkovModel - INFO -   State {0, 2}: 0.006750
2025-03-20 15:41:12,670 - SINDyMarkovModel - INFO -   State {0, 1}: 0.424060
2025-03-20 15:41:12,670 - SINDyMarkovModel - INFO -   TRUE MODEL STATE {0}: 0.012953
2025-03-20 15:41:12,670 - SINDyMarkovModel - INFO - 
--------------------------------------------------------------------------------
SUCCESS PROBABILITY CALCULATION
--------------------------------------------------------------------------------
2025-03-20 15:41:12,670 - SINDyMarkovModel - INFO - Method 1 - Direct Calculation:
2025-03-20 15:41:12,671 - SINDyMarkovModel - INFO -   Probability of reaching true state:    0.012953
2025-03-20 15:41:12,671 - SINDyMarkovModel - INFO -   Probability of stopping at true state: 1.000000
2025-03-20 15:41:12,671 - SINDyMarkovModel - INFO -   Success probability = 0.012953 × 1.000000 = 0.012953
2025-03-20 15:41:12,671 - SINDyMarkovModel - INFO - 
================================================================================
END OF SUCCESS PROBABILITY CALCULATION
================================================================================
2025-03-20 15:41:12,671 - SINDyMarkovModel - INFO - 
Running STLSQ simulation with 50 trials...
2025-03-20 15:41:12,675 - SINDyMarkovModel - INFO - 
--------------------------------------------------------------------------------
STLSQ SIMULATION RESULTS (5/50 successful, 0.1000)
--------------------------------------------------------------------------------
2025-03-20 15:41:12,676 - SINDyMarkovModel - INFO - 
Sample of 5 trials:
2025-03-20 15:41:12,676 - SINDyMarkovModel - INFO -   Trial 1: FAILURE, Identified terms: [0, 1]
2025-03-20 15:41:12,676 - SINDyMarkovModel - INFO -     Trajectory: [0, 1] -> [STOP]
2025-03-20 15:41:12,676 - SINDyMarkovModel - INFO -   Trial 2: FAILURE, Identified terms: [0, 1]
2025-03-20 15:41:12,677 - SINDyMarkovModel - INFO -     Trajectory: [0, 1] -> [STOP]
2025-03-20 15:41:12,677 - SINDyMarkovModel - INFO -   Trial 3: FAILURE, Identified terms: [0, 1]
2025-03-20 15:41:12,677 - SINDyMarkovModel - INFO -     Trajectory: [0, 1] -> [STOP]
2025-03-20 15:41:12,677 - SINDyMarkovModel - INFO -   Trial 4: SUCCESS, Identified terms: [0]
2025-03-20 15:41:12,677 - SINDyMarkovModel - INFO -     Trajectory: [0] -> [STOP]
2025-03-20 15:41:12,677 - SINDyMarkovModel - INFO -   Trial 5: FAILURE, Identified terms: [0, 1]
2025-03-20 15:41:12,678 - SINDyMarkovModel - INFO -     Trajectory: [0, 1] -> [STOP]
2025-03-20 15:41:12,678 - SINDyMarkovModel - INFO - 
Path Analysis:
2025-03-20 15:41:12,678 - SINDyMarkovModel - INFO - Top 3 paths through state space:
2025-03-20 15:41:12,679 - SINDyMarkovModel - INFO -   [0, 1] -> [STOP]: 44 occurrences (88.0% of trials)
2025-03-20 15:41:12,679 - SINDyMarkovModel - INFO -   [0] -> [STOP]: 5 occurrences (10.0% of trials)
2025-03-20 15:41:12,679 - SINDyMarkovModel - INFO -   [0, 1, 2] -> [STOP]: 1 occurrences (2.0% of trials)
2025-03-20 15:41:12,679 - SINDyMarkovModel - INFO - 
Most common failure patterns:
2025-03-20 15:41:12,679 - SINDyMarkovModel - INFO -   [0, 1]: 44 occurrences (97.8% of failures)
2025-03-20 15:41:12,680 - SINDyMarkovModel - INFO -   [0, 1, 2]: 1 occurrences (2.2% of failures)
2025-03-20 15:41:12,681 - SINDyMarkovModel - INFO - 
Coefficient Distribution Analysis:
2025-03-20 15:41:12,682 - SINDyMarkovModel - INFO - 
State [0, 1] (observed 19 times):
2025-03-20 15:41:12,682 - SINDyMarkovModel - INFO - Coefficient means:
2025-03-20 15:41:12,682 - SINDyMarkovModel - INFO -   Coef 0: Theoretical: 1.000000, Empirical: 1.027344, Diff: 0.027344 (2.7%)
2025-03-20 15:41:12,682 - SINDyMarkovModel - INFO -   Coef 1: Theoretical: 0.000000, Empirical: -0.031479, Diff: 0.031479 (inf%)
2025-03-20 15:41:12,682 - SINDyMarkovModel - INFO - 
Coefficient standard deviations:
2025-03-20 15:41:12,683 - SINDyMarkovModel - INFO -   Coef 0: Theoretical: 0.289347, Empirical: 0.429267, Ratio: 0.6740
2025-03-20 15:41:12,683 - SINDyMarkovModel - INFO -   Coef 1: Theoretical: 0.317353, Empirical: 0.474350, Ratio: 0.6690
2025-03-20 15:41:12,683 - SINDyMarkovModel - INFO - 
--------------------------------------------------------------------------------
CONFIGURATION SUMMARY
--------------------------------------------------------------------------------
2025-03-20 15:41:12,683 - SINDyMarkovModel - INFO - Data Range: 1.0, Samples: 200
2025-03-20 15:41:12,684 - SINDyMarkovModel - INFO - Log Determinant of Gram Matrix: 5.2158
2025-03-20 15:41:12,684 - SINDyMarkovModel - INFO - Discriminability Details:
2025-03-20 15:41:12,684 - SINDyMarkovModel - INFO -   Term 0(true) vs Term 1(false): 56.1376
2025-03-20 15:41:12,684 - SINDyMarkovModel - INFO -   Term 0(true) vs Term 2(false): 9246.8232
2025-03-20 15:41:12,684 - SINDyMarkovModel - INFO - Average Discriminability: 4651.4804
2025-03-20 15:41:12,685 - SINDyMarkovModel - INFO - Theoretical Success Probability: 0.0130
2025-03-20 15:41:12,685 - SINDyMarkovModel - INFO - Empirical Success Probability: 0.1000
2025-03-20 15:41:12,685 - SINDyMarkovModel - INFO - Difference: 0.0870
2025-03-20 15:41:12,685 - SINDyMarkovModel - INFO - --------------------------------------------------------------------------------


2025-03-20 15:41:12,685 - SINDyMarkovModel - INFO - 
============================================================
2025-03-20 15:41:12,686 - SINDyMarkovModel - INFO - CONFIGURATION 6/6
2025-03-20 15:41:12,686 - SINDyMarkovModel - INFO - Data Range: 1.0, Samples: 500
2025-03-20 15:41:12,686 - SINDyMarkovModel - INFO - ============================================================
2025-03-20 15:41:12,686 - SINDyMarkovModel - INFO - Computing Gram matrix with 500 sample points
2025-03-20 15:41:12,687 - SINDyMarkovModel - INFO - Log determinant of Gram matrix: 8.3450
2025-03-20 15:41:12,687 - SINDyMarkovModel - INFO - 
================================================================================
BEGINNING SUCCESS PROBABILITY CALCULATION
================================================================================
2025-03-20 15:41:12,690 - SINDyMarkovModel - INFO - All indices = {0, 1, 2}
2025-03-20 15:41:12,690 - SINDyMarkovModel - INFO - True indices = {0}
2025-03-20 15:41:12,690 - SINDyMarkovModel - INFO - Target state (true model) = {0}
2025-03-20 15:41:12,690 - SINDyMarkovModel - INFO - Generated 4 valid states:
2025-03-20 15:41:12,691 - SINDyMarkovModel - DEBUG -   State 1: {0}
2025-03-20 15:41:12,691 - SINDyMarkovModel - DEBUG -   State 2: {0, 1}
2025-03-20 15:41:12,691 - SINDyMarkovModel - DEBUG -   State 3: {0, 2}
2025-03-20 15:41:12,691 - SINDyMarkovModel - DEBUG -   State 4: {0, 1, 2}
2025-03-20 15:41:12,691 - SINDyMarkovModel - INFO - 
TRUE MODEL STATE TRANSITIONS
2025-03-20 15:41:12,691 - SINDyMarkovModel - INFO - Transitions from {0}:
    -> [STOP]: 1.000000
2025-03-20 15:41:12,692 - SINDyMarkovModel - INFO - TRUE MODEL STATE STOPPING PROBABILITY: 1.000000

2025-03-20 15:41:12,692 - SINDyMarkovModel - DEBUG - Transitions from {0, 1}:
    -> {0}: 0.011610
    -> [STOP]: 0.988390
2025-03-20 15:41:12,692 - SINDyMarkovModel - DEBUG - Transitions from {0, 2}:
    -> {0}: 0.434070
    -> [STOP]: 0.565930
2025-03-20 15:41:12,692 - SINDyMarkovModel - DEBUG - Transitions from {0, 1, 2}:
    -> {0}: 0.005100
    -> {0, 1}: 0.424060
    -> {0, 2}: 0.006750
    -> [STOP]: 0.564090
2025-03-20 15:41:12,692 - SINDyMarkovModel - INFO - 
State Reachability Probabilities:
2025-03-20 15:41:12,692 - SINDyMarkovModel - INFO -   State {0, 1, 2}: 1.000000
2025-03-20 15:41:12,693 - SINDyMarkovModel - INFO -   State {0, 2}: 0.006750
2025-03-20 15:41:12,693 - SINDyMarkovModel - INFO -   State {0, 1}: 0.424060
2025-03-20 15:41:12,693 - SINDyMarkovModel - INFO -   TRUE MODEL STATE {0}: 0.012953
2025-03-20 15:41:12,693 - SINDyMarkovModel - INFO - 
--------------------------------------------------------------------------------
SUCCESS PROBABILITY CALCULATION
--------------------------------------------------------------------------------
2025-03-20 15:41:12,694 - SINDyMarkovModel - INFO - Method 1 - Direct Calculation:
2025-03-20 15:41:12,694 - SINDyMarkovModel - INFO -   Probability of reaching true state:    0.012953
2025-03-20 15:41:12,694 - SINDyMarkovModel - INFO -   Probability of stopping at true state: 1.000000
2025-03-20 15:41:12,694 - SINDyMarkovModel - INFO -   Success probability = 0.012953 × 1.000000 = 0.012953
2025-03-20 15:41:12,695 - SINDyMarkovModel - INFO - 
================================================================================
END OF SUCCESS PROBABILITY CALCULATION
================================================================================
2025-03-20 15:41:12,695 - SINDyMarkovModel - INFO - 
Running STLSQ simulation with 50 trials...
2025-03-20 15:41:12,700 - SINDyMarkovModel - INFO - 
--------------------------------------------------------------------------------
STLSQ SIMULATION RESULTS (8/50 successful, 0.1600)
--------------------------------------------------------------------------------
2025-03-20 15:41:12,700 - SINDyMarkovModel - INFO - 
Sample of 5 trials:
2025-03-20 15:41:12,701 - SINDyMarkovModel - INFO -   Trial 1: FAILURE, Identified terms: [0, 1]
2025-03-20 15:41:12,701 - SINDyMarkovModel - INFO -     Trajectory: [0, 1] -> [STOP]
2025-03-20 15:41:12,701 - SINDyMarkovModel - INFO -   Trial 2: FAILURE, Identified terms: [0, 1]
2025-03-20 15:41:12,701 - SINDyMarkovModel - INFO -     Trajectory: [0, 1] -> [STOP]
2025-03-20 15:41:12,701 - SINDyMarkovModel - INFO -   Trial 3: SUCCESS, Identified terms: [0]
2025-03-20 15:41:12,702 - SINDyMarkovModel - INFO -     Trajectory: [0] -> [STOP]
2025-03-20 15:41:12,702 - SINDyMarkovModel - INFO -   Trial 4: FAILURE, Identified terms: [0, 1]
2025-03-20 15:41:12,702 - SINDyMarkovModel - INFO -     Trajectory: [0, 1] -> [STOP]
2025-03-20 15:41:12,702 - SINDyMarkovModel - INFO -   Trial 5: FAILURE, Identified terms: [0, 1]
2025-03-20 15:41:12,703 - SINDyMarkovModel - INFO -     Trajectory: [0, 1] -> [STOP]
2025-03-20 15:41:12,703 - SINDyMarkovModel - INFO - 
Path Analysis:
2025-03-20 15:41:12,703 - SINDyMarkovModel - INFO - Top 2 paths through state space:
2025-03-20 15:41:12,704 - SINDyMarkovModel - INFO -   [0, 1] -> [STOP]: 42 occurrences (84.0% of trials)
2025-03-20 15:41:12,704 - SINDyMarkovModel - INFO -   [0] -> [STOP]: 8 occurrences (16.0% of trials)
2025-03-20 15:41:12,704 - SINDyMarkovModel - INFO - 
Most common failure patterns:
2025-03-20 15:41:12,704 - SINDyMarkovModel - INFO -   [0, 1]: 42 occurrences (100.0% of failures)
2025-03-20 15:41:12,706 - SINDyMarkovModel - INFO - 
Coefficient Distribution Analysis:
2025-03-20 15:41:12,706 - SINDyMarkovModel - INFO - 
State [0, 1] (observed 17 times):
2025-03-20 15:41:12,707 - SINDyMarkovModel - INFO - Coefficient means:
2025-03-20 15:41:12,707 - SINDyMarkovModel - INFO -   Coef 0: Theoretical: 1.000000, Empirical: 1.034285, Diff: 0.034285 (3.4%)
2025-03-20 15:41:12,707 - SINDyMarkovModel - INFO -   Coef 1: Theoretical: 0.000000, Empirical: -0.034372, Diff: 0.034372 (inf%)
2025-03-20 15:41:12,708 - SINDyMarkovModel - INFO - 
Coefficient standard deviations:
2025-03-20 15:41:12,708 - SINDyMarkovModel - INFO -   Coef 0: Theoretical: 0.169577, Empirical: 0.186159, Ratio: 0.9109
2025-03-20 15:41:12,708 - SINDyMarkovModel - INFO -   Coef 1: Theoretical: 0.187775, Empirical: 0.206969, Ratio: 0.9073
2025-03-20 15:41:12,708 - SINDyMarkovModel - INFO - 
State [0] (observed 3 times):
2025-03-20 15:41:12,709 - SINDyMarkovModel - INFO - Coefficient means:
2025-03-20 15:41:12,709 - SINDyMarkovModel - INFO -   Coef 0: Theoretical: 1.000000, Empirical: 1.006206, Diff: 0.006206 (0.6%)
2025-03-20 15:41:12,709 - SINDyMarkovModel - INFO - 
Coefficient standard deviations:
2025-03-20 15:41:12,709 - SINDyMarkovModel - INFO -   Coef 0: Theoretical: 0.007932, Empirical: 0.002732, Ratio: 2.9029
2025-03-20 15:41:12,709 - SINDyMarkovModel - INFO - 
--------------------------------------------------------------------------------
CONFIGURATION SUMMARY
--------------------------------------------------------------------------------
2025-03-20 15:41:12,710 - SINDyMarkovModel - INFO - Data Range: 1.0, Samples: 500
2025-03-20 15:41:12,710 - SINDyMarkovModel - INFO - Log Determinant of Gram Matrix: 8.3450
2025-03-20 15:41:12,710 - SINDyMarkovModel - INFO - Discriminability Details:
2025-03-20 15:41:12,711 - SINDyMarkovModel - INFO -   Term 0(true) vs Term 1(false): 180.7108
2025-03-20 15:41:12,711 - SINDyMarkovModel - INFO -   Term 0(true) vs Term 2(false): 21354.5893
2025-03-20 15:41:12,711 - SINDyMarkovModel - INFO - Average Discriminability: 10767.6500
2025-03-20 15:41:12,711 - SINDyMarkovModel - INFO - Theoretical Success Probability: 0.0130
2025-03-20 15:41:12,712 - SINDyMarkovModel - INFO - Empirical Success Probability: 0.1600
2025-03-20 15:41:12,712 - SINDyMarkovModel - INFO - Large Discrepancy: 0.1470
2025-03-20 15:41:12,712 - SINDyMarkovModel - INFO - --------------------------------------------------------------------------------


2025-03-20 15:41:12,712 - SINDyMarkovModel - INFO - 
================================================================================
THEORY VS SIMULATION COMPARISON COMPLETE
================================================================================
