2025-03-20 15:41:11,592 - SINDyMarkovModel - INFO - Initializing SINDy Markov Model
2025-03-20 15:41:11,593 - SINDyMarkovModel - INFO - True term indices: [0]
2025-03-20 15:41:11,593 - SINDyMarkovModel - INFO - 
================================================================================
STARTING THEORY VS SIMULATION COMPARISON
================================================================================
2025-03-20 15:41:11,593 - SINDyMarkovModel - INFO - Experiment Setup:
2025-03-20 15:41:11,594 - SINDyMarkovModel - INFO -   Testing 2 data ranges: [0.5 1. ]
2025-03-20 15:41:11,594 - SINDyMarkovModel - INFO -   Testing 3 sample sizes: [100 200 500]
2025-03-20 15:41:11,594 - SINDyMarkovModel - INFO -   Running 50 trials per configuration
2025-03-20 15:41:11,595 - SINDyMarkovModel - INFO -   Lambda/Sigma Ratio: 0.1000
2025-03-20 15:41:11,595 - SINDyMarkovModel - INFO - --------------------------------------------------------------------------------
2025-03-20 15:41:11,595 - SINDyMarkovModel - INFO - 
============================================================
2025-03-20 15:41:11,595 - SINDyMarkovModel - INFO - CONFIGURATION 1/6
2025-03-20 15:41:11,595 - SINDyMarkovModel - INFO - Data Range: 0.5, Samples: 100
2025-03-20 15:41:11,596 - SINDyMarkovModel - INFO - ============================================================
2025-03-20 15:41:11,596 - SINDyMarkovModel - INFO - Computing Gram matrix with 100 sample points
2025-03-20 15:41:11,596 - SINDyMarkovModel - INFO - Log determinant of Gram matrix: -4.1418
2025-03-20 15:41:11,596 - SINDyMarkovModel - INFO - 
================================================================================
BEGINNING SUCCESS PROBABILITY CALCULATION
================================================================================
2025-03-20 15:41:11,597 - SINDyMarkovModel - INFO - All indices = {0, 1, 2}
2025-03-20 15:41:11,597 - SINDyMarkovModel - INFO - True indices = {0}
2025-03-20 15:41:11,597 - SINDyMarkovModel - INFO - Target state (true model) = {0}
2025-03-20 15:41:11,597 - SINDyMarkovModel - INFO - Generated 4 valid states:
2025-03-20 15:41:11,597 - SINDyMarkovModel - DEBUG -   State 1: {0}
2025-03-20 15:41:11,597 - SINDyMarkovModel - DEBUG -   State 2: {0, 1}
2025-03-20 15:41:11,597 - SINDyMarkovModel - DEBUG -   State 3: {0, 2}
2025-03-20 15:41:11,597 - SINDyMarkovModel - DEBUG -   State 4: {0, 1, 2}
2025-03-20 15:41:11,598 - SINDyMarkovModel - INFO - 
TRUE MODEL STATE TRANSITIONS
2025-03-20 15:41:11,598 - SINDyMarkovModel - INFO - Transitions from {0}:
    -> [STOP]: 1.000000
2025-03-20 15:41:11,598 - SINDyMarkovModel - INFO - TRUE MODEL STATE STOPPING PROBABILITY: 1.000000

2025-03-20 15:41:11,598 - SINDyMarkovModel - DEBUG - Transition {0, 1} -> {0}:
2025-03-20 15:41:11,599 - SINDyMarkovModel - DEBUG -   Coefficient mean: [1. 0.]
2025-03-20 15:41:11,599 - SINDyMarkovModel - DEBUG -   Eliminated indices: [1] (positions: [1])
2025-03-20 15:41:11,599 - SINDyMarkovModel - DEBUG -   Retained indices: [0] (positions: [0])
2025-03-20 15:41:11,599 - SINDyMarkovModel - DEBUG -   Independent term probabilities:
2025-03-20 15:41:11,602 - SINDyMarkovModel - DEBUG -     Term 1: P(|coef| < 0.010000000000000002) = 0.002469 (should be eliminated)
2025-03-20 15:41:11,633 - SINDyMarkovModel - DEBUG - Transitions from {0, 1}:
    -> {0}: 0.002650
    -> [STOP]: 0.997350
2025-03-20 15:41:11,633 - SINDyMarkovModel - DEBUG - Transition {0, 2} -> {0}:
2025-03-20 15:41:11,633 - SINDyMarkovModel - DEBUG -   Coefficient mean: [1. 0.]
2025-03-20 15:41:11,633 - SINDyMarkovModel - DEBUG -   Eliminated indices: [2] (positions: [1])
2025-03-20 15:41:11,633 - SINDyMarkovModel - DEBUG -   Retained indices: [0] (positions: [0])
2025-03-20 15:41:11,633 - SINDyMarkovModel - DEBUG -   Independent term probabilities:
2025-03-20 15:41:11,643 - SINDyMarkovModel - DEBUG -     Term 2: P(|coef| < 0.010000000000000002) = 0.102663 (should be eliminated)
2025-03-20 15:41:11,674 - SINDyMarkovModel - DEBUG - Transitions from {0, 2}:
    -> {0}: 0.102460
    -> [STOP]: 0.897540
2025-03-20 15:41:11,674 - SINDyMarkovModel - DEBUG - Transition {0, 1, 2} -> {0}:
2025-03-20 15:41:11,675 - SINDyMarkovModel - DEBUG -   Coefficient mean: [1. 0. 0.]
2025-03-20 15:41:11,675 - SINDyMarkovModel - DEBUG -   Eliminated indices: [1, 2] (positions: [1, 2])
2025-03-20 15:41:11,675 - SINDyMarkovModel - DEBUG -   Retained indices: [0] (positions: [0])
2025-03-20 15:41:11,675 - SINDyMarkovModel - DEBUG -   Independent term probabilities:
2025-03-20 15:41:11,681 - SINDyMarkovModel - DEBUG -     Term 1: P(|coef| < 0.010000000000000002) = 0.002463 (should be eliminated)
2025-03-20 15:41:11,681 - SINDyMarkovModel - DEBUG -     Term 2: P(|coef| < 0.010000000000000002) = 0.102439 (should be eliminated)
2025-03-20 15:41:11,713 - SINDyMarkovModel - DEBUG - Transition {0, 1, 2} -> {0, 1}:
2025-03-20 15:41:11,713 - SINDyMarkovModel - DEBUG -   Coefficient mean: [1. 0. 0.]
2025-03-20 15:41:11,713 - SINDyMarkovModel - DEBUG -   Eliminated indices: [2] (positions: [2])
2025-03-20 15:41:11,713 - SINDyMarkovModel - DEBUG -   Retained indices: [0, 1] (positions: [0, 1])
2025-03-20 15:41:11,713 - SINDyMarkovModel - DEBUG -   Independent term probabilities:
2025-03-20 15:41:11,726 - SINDyMarkovModel - DEBUG -     Term 2: P(|coef| < 0.010000000000000002) = 0.102439 (should be eliminated)
2025-03-20 15:41:11,761 - SINDyMarkovModel - DEBUG - Transition {0, 1, 2} -> {0, 2}:
2025-03-20 15:41:11,761 - SINDyMarkovModel - DEBUG -   Coefficient mean: [1. 0. 0.]
2025-03-20 15:41:11,761 - SINDyMarkovModel - DEBUG -   Eliminated indices: [1] (positions: [1])
2025-03-20 15:41:11,762 - SINDyMarkovModel - DEBUG -   Retained indices: [0, 2] (positions: [0, 2])
2025-03-20 15:41:11,762 - SINDyMarkovModel - DEBUG -   Independent term probabilities:
2025-03-20 15:41:11,768 - SINDyMarkovModel - DEBUG -     Term 1: P(|coef| < 0.010000000000000002) = 0.002463 (should be eliminated)
2025-03-20 15:41:11,806 - SINDyMarkovModel - DEBUG - Transitions from {0, 1, 2}:
    -> {0}: 0.000280
    -> {0, 1}: 0.101960
    -> {0, 2}: 0.002260
    -> [STOP]: 0.895500
2025-03-20 15:41:11,806 - SINDyMarkovModel - INFO - 
State Reachability Probabilities:
2025-03-20 15:41:11,807 - SINDyMarkovModel - INFO -   State {0, 1, 2}: 1.000000
2025-03-20 15:41:11,807 - SINDyMarkovModel - INFO -   State {0, 2}: 0.002260
2025-03-20 15:41:11,808 - SINDyMarkovModel - INFO -   State {0, 1}: 0.101960
2025-03-20 15:41:11,808 - SINDyMarkovModel - INFO - 
--------------------------------------------------------------------------------
SUCCESS PROBABILITY CALCULATION
--------------------------------------------------------------------------------
2025-03-20 15:41:11,809 - SINDyMarkovModel - INFO - Method 1 - Direct Calculation:
2025-03-20 15:41:11,809 - SINDyMarkovModel - INFO -   Probability of reaching true state:    0.000782
2025-03-20 15:41:11,809 - SINDyMarkovModel - INFO -   Probability of stopping at true state: 1.000000
2025-03-20 15:41:11,810 - SINDyMarkovModel - INFO -   Success probability = 0.000782 × 1.000000 = 0.000782
2025-03-20 15:41:11,810 - SINDyMarkovModel - INFO - 
================================================================================
END OF SUCCESS PROBABILITY CALCULATION
================================================================================
2025-03-20 15:41:11,811 - SINDyMarkovModel - INFO - 
Running STLSQ simulation with 50 trials...
2025-03-20 15:41:11,814 - SINDyMarkovModel - INFO - 
--------------------------------------------------------------------------------
STLSQ SIMULATION RESULTS (0/50 successful, 0.0000)
--------------------------------------------------------------------------------
2025-03-20 15:41:11,815 - SINDyMarkovModel - INFO - 
Sample of 5 trials:
2025-03-20 15:41:11,815 - SINDyMarkovModel - INFO -   Trial 1: FAILURE, Identified terms: [0, 1, 2]
2025-03-20 15:41:11,816 - SINDyMarkovModel - INFO -     Trajectory: [0, 1, 2] -> [STOP]
2025-03-20 15:41:11,816 - SINDyMarkovModel - INFO -   Trial 2: FAILURE, Identified terms: [0, 1, 2]
2025-03-20 15:41:11,816 - SINDyMarkovModel - INFO -     Trajectory: [0, 1, 2] -> [STOP]
2025-03-20 15:41:11,816 - SINDyMarkovModel - INFO -   Trial 3: FAILURE, Identified terms: [0, 2]
2025-03-20 15:41:11,817 - SINDyMarkovModel - INFO -     Trajectory: [0, 2] -> [STOP]
2025-03-20 15:41:11,817 - SINDyMarkovModel - INFO -   Trial 4: FAILURE, Identified terms: [0, 1, 2]
2025-03-20 15:41:11,817 - SINDyMarkovModel - INFO -     Trajectory: [0, 1, 2] -> [STOP]
2025-03-20 15:41:11,817 - SINDyMarkovModel - INFO -   Trial 5: FAILURE, Identified terms: [0, 1]
2025-03-20 15:41:11,817 - SINDyMarkovModel - INFO -     Trajectory: [0, 1] -> [STOP]
2025-03-20 15:41:11,818 - SINDyMarkovModel - INFO - 
Path Analysis:
2025-03-20 15:41:11,818 - SINDyMarkovModel - INFO - Top 3 paths through state space:
2025-03-20 15:41:11,818 - SINDyMarkovModel - INFO -   [0, 1, 2] -> [STOP]: 43 occurrences (86.0% of trials)
2025-03-20 15:41:11,818 - SINDyMarkovModel - INFO -   [0, 1] -> [STOP]: 5 occurrences (10.0% of trials)
2025-03-20 15:41:11,819 - SINDyMarkovModel - INFO -   [0, 2] -> [STOP]: 2 occurrences (4.0% of trials)
2025-03-20 15:41:11,819 - SINDyMarkovModel - INFO - 
Most common failure patterns:
2025-03-20 15:41:11,819 - SINDyMarkovModel - INFO -   [0, 1, 2]: 43 occurrences (86.0% of failures)
2025-03-20 15:41:11,819 - SINDyMarkovModel - INFO -   [0, 1]: 5 occurrences (10.0% of failures)
2025-03-20 15:41:11,821 - SINDyMarkovModel - INFO -   [0, 2]: 2 occurrences (4.0% of failures)
2025-03-20 15:41:11,822 - SINDyMarkovModel - INFO - 
Coefficient Distribution Analysis:
2025-03-20 15:41:11,823 - SINDyMarkovModel - INFO - 
State [0, 1, 2] (observed 16 times):
2025-03-20 15:41:11,823 - SINDyMarkovModel - INFO - Coefficient means:
2025-03-20 15:41:11,823 - SINDyMarkovModel - INFO -   Coef 0: Theoretical: 1.000000, Empirical: 1.236356, Diff: 0.236356 (23.6%)
2025-03-20 15:41:11,823 - SINDyMarkovModel - INFO -   Coef 1: Theoretical: 0.000000, Empirical: -0.225590, Diff: 0.225590 (inf%)
2025-03-20 15:41:11,824 - SINDyMarkovModel - INFO -   Coef 2: Theoretical: 0.000000, Empirical: -0.007090, Diff: 0.007090 (inf%)
2025-03-20 15:41:11,824 - SINDyMarkovModel - INFO - 
Coefficient standard deviations:
2025-03-20 15:41:11,824 - SINDyMarkovModel - INFO -   Coef 0: Theoretical: 3.150111, Empirical: 3.222347, Ratio: 0.9776
2025-03-20 15:41:11,825 - SINDyMarkovModel - INFO -   Coef 1: Theoretical: 3.238918, Empirical: 3.321743, Ratio: 0.9751
2025-03-20 15:41:11,826 - SINDyMarkovModel - INFO -   Coef 2: Theoretical: 0.077674, Empirical: 0.052601, Ratio: 1.4767
2025-03-20 15:41:11,826 - SINDyMarkovModel - INFO - 
State [0, 1] (observed 3 times):
2025-03-20 15:41:11,826 - SINDyMarkovModel - INFO - Coefficient means:
2025-03-20 15:41:11,826 - SINDyMarkovModel - INFO -   Coef 0: Theoretical: 1.000000, Empirical: 1.533965, Diff: 0.533965 (53.4%)
2025-03-20 15:41:11,827 - SINDyMarkovModel - INFO -   Coef 1: Theoretical: 0.000000, Empirical: -0.572495, Diff: 0.572495 (inf%)
2025-03-20 15:41:11,827 - SINDyMarkovModel - INFO - 
Coefficient standard deviations:
2025-03-20 15:41:11,827 - SINDyMarkovModel - INFO -   Coef 0: Theoretical: 3.143116, Empirical: 2.610810, Ratio: 1.2039
2025-03-20 15:41:11,827 - SINDyMarkovModel - INFO -   Coef 1: Theoretical: 3.231822, Empirical: 2.676029, Ratio: 1.2077
2025-03-20 15:41:11,828 - SINDyMarkovModel - INFO - 
--------------------------------------------------------------------------------
CONFIGURATION SUMMARY
--------------------------------------------------------------------------------
2025-03-20 15:41:11,828 - SINDyMarkovModel - INFO - Data Range: 0.5, Samples: 100
2025-03-20 15:41:11,829 - SINDyMarkovModel - INFO - Log Determinant of Gram Matrix: -4.1418
2025-03-20 15:41:11,829 - SINDyMarkovModel - INFO - Discriminability Details:
2025-03-20 15:41:11,829 - SINDyMarkovModel - INFO -   Term 0(true) vs Term 1(false): 0.8530
2025-03-20 15:41:11,829 - SINDyMarkovModel - INFO -   Term 0(true) vs Term 2(false): 1204.6947
2025-03-20 15:41:11,829 - SINDyMarkovModel - INFO - Average Discriminability: 602.7739
2025-03-20 15:41:11,830 - SINDyMarkovModel - INFO - Theoretical Success Probability: 0.0008
2025-03-20 15:41:11,830 - SINDyMarkovModel - INFO - Empirical Success Probability: 0.0000
2025-03-20 15:41:11,830 - SINDyMarkovModel - INFO - Difference: 0.0008
2025-03-20 15:41:11,831 - SINDyMarkovModel - INFO - --------------------------------------------------------------------------------


2025-03-20 15:41:11,831 - SINDyMarkovModel - INFO - 
============================================================
2025-03-20 15:41:11,832 - SINDyMarkovModel - INFO - CONFIGURATION 2/6
2025-03-20 15:41:11,832 - SINDyMarkovModel - INFO - Data Range: 0.5, Samples: 200
2025-03-20 15:41:11,832 - SINDyMarkovModel - INFO - ============================================================
2025-03-20 15:41:11,832 - SINDyMarkovModel - INFO - Computing Gram matrix with 200 sample points
2025-03-20 15:41:11,832 - SINDyMarkovModel - INFO - Log determinant of Gram matrix: -2.8568
2025-03-20 15:41:11,833 - SINDyMarkovModel - INFO - 
================================================================================
BEGINNING SUCCESS PROBABILITY CALCULATION
================================================================================
2025-03-20 15:41:11,833 - SINDyMarkovModel - INFO - All indices = {0, 1, 2}
2025-03-20 15:41:11,835 - SINDyMarkovModel - INFO - True indices = {0}
2025-03-20 15:41:11,835 - SINDyMarkovModel - INFO - Target state (true model) = {0}
2025-03-20 15:41:11,835 - SINDyMarkovModel - INFO - Generated 4 valid states:
2025-03-20 15:41:11,835 - SINDyMarkovModel - DEBUG -   State 1: {0}
2025-03-20 15:41:11,835 - SINDyMarkovModel - DEBUG -   State 2: {0, 1}
2025-03-20 15:41:11,835 - SINDyMarkovModel - DEBUG -   State 3: {0, 2}
2025-03-20 15:41:11,835 - SINDyMarkovModel - DEBUG -   State 4: {0, 1, 2}
2025-03-20 15:41:11,835 - SINDyMarkovModel - INFO - 
TRUE MODEL STATE TRANSITIONS
2025-03-20 15:41:11,836 - SINDyMarkovModel - INFO - Transitions from {0}:
    -> [STOP]: 1.000000
2025-03-20 15:41:11,836 - SINDyMarkovModel - INFO - TRUE MODEL STATE STOPPING PROBABILITY: 1.000000

2025-03-20 15:41:11,836 - SINDyMarkovModel - DEBUG - Transitions from {0, 1}:
    -> {0}: 0.002650
    -> [STOP]: 0.997350
2025-03-20 15:41:11,836 - SINDyMarkovModel - DEBUG - Transitions from {0, 2}:
    -> {0}: 0.102460
    -> [STOP]: 0.897540
2025-03-20 15:41:11,836 - SINDyMarkovModel - DEBUG - Transitions from {0, 1, 2}:
    -> {0}: 0.000280
    -> {0, 1}: 0.101960
    -> {0, 2}: 0.002260
    -> [STOP]: 0.895500
2025-03-20 15:41:11,836 - SINDyMarkovModel - INFO - 
State Reachability Probabilities:
2025-03-20 15:41:11,836 - SINDyMarkovModel - INFO -   State {0, 1, 2}: 1.000000
2025-03-20 15:41:11,837 - SINDyMarkovModel - INFO -   State {0, 2}: 0.002260
2025-03-20 15:41:11,837 - SINDyMarkovModel - INFO -   State {0, 1}: 0.101960
2025-03-20 15:41:11,837 - SINDyMarkovModel - INFO - 
--------------------------------------------------------------------------------
SUCCESS PROBABILITY CALCULATION
--------------------------------------------------------------------------------
2025-03-20 15:41:11,839 - SINDyMarkovModel - INFO - Method 1 - Direct Calculation:
2025-03-20 15:41:11,840 - SINDyMarkovModel - INFO -   Probability of reaching true state:    0.000782
2025-03-20 15:41:11,840 - SINDyMarkovModel - INFO -   Probability of stopping at true state: 1.000000
2025-03-20 15:41:11,841 - SINDyMarkovModel - INFO -   Success probability = 0.000782 × 1.000000 = 0.000782
2025-03-20 15:41:11,841 - SINDyMarkovModel - INFO - 
================================================================================
END OF SUCCESS PROBABILITY CALCULATION
================================================================================
2025-03-20 15:41:11,841 - SINDyMarkovModel - INFO - 
Running STLSQ simulation with 50 trials...
2025-03-20 15:41:11,844 - SINDyMarkovModel - INFO - 
--------------------------------------------------------------------------------
STLSQ SIMULATION RESULTS (0/50 successful, 0.0000)
--------------------------------------------------------------------------------
2025-03-20 15:41:11,845 - SINDyMarkovModel - INFO - 
Sample of 5 trials:
2025-03-20 15:41:11,846 - SINDyMarkovModel - INFO -   Trial 1: FAILURE, Identified terms: [0, 1, 2]
2025-03-20 15:41:11,846 - SINDyMarkovModel - INFO -     Trajectory: [0, 1, 2] -> [STOP]
2025-03-20 15:41:11,846 - SINDyMarkovModel - INFO -   Trial 2: FAILURE, Identified terms: [0, 1, 2]
2025-03-20 15:41:11,847 - SINDyMarkovModel - INFO -     Trajectory: [0, 1, 2] -> [STOP]
2025-03-20 15:41:11,847 - SINDyMarkovModel - INFO -   Trial 3: FAILURE, Identified terms: [0, 1, 2]
2025-03-20 15:41:11,847 - SINDyMarkovModel - INFO -     Trajectory: [0, 1, 2] -> [STOP]
2025-03-20 15:41:11,847 - SINDyMarkovModel - INFO -   Trial 4: FAILURE, Identified terms: [0, 1, 2]
2025-03-20 15:41:11,848 - SINDyMarkovModel - INFO -     Trajectory: [0, 1, 2] -> [STOP]
2025-03-20 15:41:11,848 - SINDyMarkovModel - INFO -   Trial 5: FAILURE, Identified terms: [0, 1, 2]
2025-03-20 15:41:11,848 - SINDyMarkovModel - INFO -     Trajectory: [0, 1, 2] -> [STOP]
2025-03-20 15:41:11,848 - SINDyMarkovModel - INFO - 
Path Analysis:
2025-03-20 15:41:11,849 - SINDyMarkovModel - INFO - Top 3 paths through state space:
2025-03-20 15:41:11,849 - SINDyMarkovModel - INFO -   [0, 1, 2] -> [STOP]: 45 occurrences (90.0% of trials)
2025-03-20 15:41:11,849 - SINDyMarkovModel - INFO -   [0, 1] -> [STOP]: 4 occurrences (8.0% of trials)
2025-03-20 15:41:11,849 - SINDyMarkovModel - INFO -   [1] -> [STOP]: 1 occurrences (2.0% of trials)
2025-03-20 15:41:11,849 - SINDyMarkovModel - INFO - 
Most common failure patterns:
2025-03-20 15:41:11,849 - SINDyMarkovModel - INFO -   [0, 1, 2]: 45 occurrences (90.0% of failures)
2025-03-20 15:41:11,850 - SINDyMarkovModel - INFO -   [0, 1]: 4 occurrences (8.0% of failures)
2025-03-20 15:41:11,850 - SINDyMarkovModel - INFO -   [1]: 1 occurrences (2.0% of failures)
2025-03-20 15:41:11,851 - SINDyMarkovModel - INFO - 
Coefficient Distribution Analysis:
2025-03-20 15:41:11,851 - SINDyMarkovModel - INFO - 
State [0, 1, 2] (observed 19 times):
2025-03-20 15:41:11,852 - SINDyMarkovModel - INFO - Coefficient means:
2025-03-20 15:41:11,852 - SINDyMarkovModel - INFO -   Coef 0: Theoretical: 1.000000, Empirical: 0.386000, Diff: 0.614000 (61.4%)
2025-03-20 15:41:11,852 - SINDyMarkovModel - INFO -   Coef 1: Theoretical: 0.000000, Empirical: 0.635447, Diff: 0.635447 (inf%)
2025-03-20 15:41:11,852 - SINDyMarkovModel - INFO -   Coef 2: Theoretical: 0.000000, Empirical: 0.003698, Diff: 0.003698 (inf%)
2025-03-20 15:41:11,853 - SINDyMarkovModel - INFO - 
Coefficient standard deviations:
2025-03-20 15:41:11,853 - SINDyMarkovModel - INFO -   Coef 0: Theoretical: 2.403781, Empirical: 1.617507, Ratio: 1.4861
2025-03-20 15:41:11,853 - SINDyMarkovModel - INFO -   Coef 1: Theoretical: 2.462277, Empirical: 1.663587, Ratio: 1.4801
2025-03-20 15:41:11,853 - SINDyMarkovModel - INFO -   Coef 2: Theoretical: 0.067707, Empirical: 0.081580, Ratio: 0.8299
2025-03-20 15:41:11,853 - SINDyMarkovModel - INFO - 
--------------------------------------------------------------------------------
CONFIGURATION SUMMARY
--------------------------------------------------------------------------------
2025-03-20 15:41:11,854 - SINDyMarkovModel - INFO - Data Range: 0.5, Samples: 200
2025-03-20 15:41:11,856 - SINDyMarkovModel - INFO - Log Determinant of Gram Matrix: -2.8568
2025-03-20 15:41:11,856 - SINDyMarkovModel - INFO - Discriminability Details:
2025-03-20 15:41:11,857 - SINDyMarkovModel - INFO -   Term 0(true) vs Term 1(false): 1.0763
2025-03-20 15:41:11,857 - SINDyMarkovModel - INFO -   Term 0(true) vs Term 2(false): 2013.0611
2025-03-20 15:41:11,858 - SINDyMarkovModel - INFO - Average Discriminability: 1007.0687
2025-03-20 15:41:11,858 - SINDyMarkovModel - INFO - Theoretical Success Probability: 0.0008
2025-03-20 15:41:11,859 - SINDyMarkovModel - INFO - Empirical Success Probability: 0.0000
2025-03-20 15:41:11,860 - SINDyMarkovModel - INFO - Difference: 0.0008
2025-03-20 15:41:11,860 - SINDyMarkovModel - INFO - --------------------------------------------------------------------------------


2025-03-20 15:41:11,860 - SINDyMarkovModel - INFO - 
============================================================
2025-03-20 15:41:11,860 - SINDyMarkovModel - INFO - CONFIGURATION 3/6
2025-03-20 15:41:11,860 - SINDyMarkovModel - INFO - Data Range: 0.5, Samples: 500
2025-03-20 15:41:11,861 - SINDyMarkovModel - INFO - ============================================================
2025-03-20 15:41:11,861 - SINDyMarkovModel - INFO - Computing Gram matrix with 500 sample points
2025-03-20 15:41:11,861 - SINDyMarkovModel - INFO - Log determinant of Gram matrix: 0.1208
2025-03-20 15:41:11,862 - SINDyMarkovModel - INFO - 
================================================================================
BEGINNING SUCCESS PROBABILITY CALCULATION
================================================================================
2025-03-20 15:41:11,863 - SINDyMarkovModel - INFO - All indices = {0, 1, 2}
2025-03-20 15:41:11,863 - SINDyMarkovModel - INFO - True indices = {0}
2025-03-20 15:41:11,863 - SINDyMarkovModel - INFO - Target state (true model) = {0}
2025-03-20 15:41:11,863 - SINDyMarkovModel - INFO - Generated 4 valid states:
2025-03-20 15:41:11,863 - SINDyMarkovModel - DEBUG -   State 1: {0}
2025-03-20 15:41:11,863 - SINDyMarkovModel - DEBUG -   State 2: {0, 1}
2025-03-20 15:41:11,863 - SINDyMarkovModel - DEBUG -   State 3: {0, 2}
2025-03-20 15:41:11,863 - SINDyMarkovModel - DEBUG -   State 4: {0, 1, 2}
2025-03-20 15:41:11,863 - SINDyMarkovModel - INFO - 
TRUE MODEL STATE TRANSITIONS
2025-03-20 15:41:11,864 - SINDyMarkovModel - INFO - Transitions from {0}:
    -> [STOP]: 1.000000
2025-03-20 15:41:11,864 - SINDyMarkovModel - INFO - TRUE MODEL STATE STOPPING PROBABILITY: 1.000000

2025-03-20 15:41:11,864 - SINDyMarkovModel - DEBUG - Transitions from {0, 1}:
    -> {0}: 0.002650
    -> [STOP]: 0.997350
2025-03-20 15:41:11,864 - SINDyMarkovModel - DEBUG - Transitions from {0, 2}:
    -> {0}: 0.102460
    -> [STOP]: 0.897540
2025-03-20 15:41:11,864 - SINDyMarkovModel - DEBUG - Transitions from {0, 1, 2}:
    -> {0}: 0.000280
    -> {0, 1}: 0.101960
    -> {0, 2}: 0.002260
    -> [STOP]: 0.895500
2025-03-20 15:41:11,864 - SINDyMarkovModel - INFO - 
State Reachability Probabilities:
2025-03-20 15:41:11,865 - SINDyMarkovModel - INFO -   State {0, 1, 2}: 1.000000
2025-03-20 15:41:11,865 - SINDyMarkovModel - INFO -   State {0, 2}: 0.002260
2025-03-20 15:41:11,865 - SINDyMarkovModel - INFO -   State {0, 1}: 0.101960
2025-03-20 15:41:11,865 - SINDyMarkovModel - INFO - 
--------------------------------------------------------------------------------
SUCCESS PROBABILITY CALCULATION
--------------------------------------------------------------------------------
2025-03-20 15:41:11,865 - SINDyMarkovModel - INFO - Method 1 - Direct Calculation:
2025-03-20 15:41:11,866 - SINDyMarkovModel - INFO -   Probability of reaching true state:    0.000782
2025-03-20 15:41:11,866 - SINDyMarkovModel - INFO -   Probability of stopping at true state: 1.000000
2025-03-20 15:41:11,866 - SINDyMarkovModel - INFO -   Success probability = 0.000782 × 1.000000 = 0.000782
2025-03-20 15:41:11,866 - SINDyMarkovModel - INFO - 
================================================================================
END OF SUCCESS PROBABILITY CALCULATION
================================================================================
2025-03-20 15:41:11,867 - SINDyMarkovModel - INFO - 
Running STLSQ simulation with 50 trials...
2025-03-20 15:41:11,870 - SINDyMarkovModel - INFO - 
--------------------------------------------------------------------------------
STLSQ SIMULATION RESULTS (0/50 successful, 0.0000)
--------------------------------------------------------------------------------
2025-03-20 15:41:11,872 - SINDyMarkovModel - INFO - 
Sample of 5 trials:
2025-03-20 15:41:11,874 - SINDyMarkovModel - INFO -   Trial 1: FAILURE, Identified terms: [0, 1, 2]
2025-03-20 15:41:11,874 - SINDyMarkovModel - INFO -     Trajectory: [0, 1, 2] -> [STOP]
2025-03-20 15:41:11,874 - SINDyMarkovModel - INFO -   Trial 2: FAILURE, Identified terms: [0, 1, 2]
2025-03-20 15:41:11,875 - SINDyMarkovModel - INFO -     Trajectory: [0, 1, 2] -> [STOP]
2025-03-20 15:41:11,875 - SINDyMarkovModel - INFO -   Trial 3: FAILURE, Identified terms: [0, 1, 2]
2025-03-20 15:41:11,875 - SINDyMarkovModel - INFO -     Trajectory: [0, 1, 2] -> [STOP]
2025-03-20 15:41:11,876 - SINDyMarkovModel - INFO -   Trial 4: FAILURE, Identified terms: [0, 1, 2]
2025-03-20 15:41:11,876 - SINDyMarkovModel - INFO -     Trajectory: [0, 1, 2] -> [STOP]
2025-03-20 15:41:11,876 - SINDyMarkovModel - INFO -   Trial 5: FAILURE, Identified terms: [0, 1]
2025-03-20 15:41:11,876 - SINDyMarkovModel - INFO -     Trajectory: [0, 1] -> [STOP]
2025-03-20 15:41:11,877 - SINDyMarkovModel - INFO - 
Path Analysis:
2025-03-20 15:41:11,877 - SINDyMarkovModel - INFO - Top 2 paths through state space:
2025-03-20 15:41:11,877 - SINDyMarkovModel - INFO -   [0, 1, 2] -> [STOP]: 41 occurrences (82.0% of trials)
2025-03-20 15:41:11,877 - SINDyMarkovModel - INFO -   [0, 1] -> [STOP]: 9 occurrences (18.0% of trials)
2025-03-20 15:41:11,878 - SINDyMarkovModel - INFO - 
Most common failure patterns:
2025-03-20 15:41:11,878 - SINDyMarkovModel - INFO -   [0, 1, 2]: 41 occurrences (82.0% of failures)
2025-03-20 15:41:11,878 - SINDyMarkovModel - INFO -   [0, 1]: 9 occurrences (18.0% of failures)
2025-03-20 15:41:11,879 - SINDyMarkovModel - INFO - 
Coefficient Distribution Analysis:
2025-03-20 15:41:11,880 - SINDyMarkovModel - INFO - 
State [0, 1, 2] (observed 17 times):
2025-03-20 15:41:11,880 - SINDyMarkovModel - INFO - Coefficient means:
2025-03-20 15:41:11,880 - SINDyMarkovModel - INFO -   Coef 0: Theoretical: 1.000000, Empirical: 0.725479, Diff: 0.274521 (27.5%)
2025-03-20 15:41:11,880 - SINDyMarkovModel - INFO -   Coef 1: Theoretical: 0.000000, Empirical: 0.280667, Diff: 0.280667 (inf%)
2025-03-20 15:41:11,881 - SINDyMarkovModel - INFO -   Coef 2: Theoretical: 0.000000, Empirical: 0.021937, Diff: 0.021937 (inf%)
2025-03-20 15:41:11,881 - SINDyMarkovModel - INFO - 
Coefficient standard deviations:
2025-03-20 15:41:11,881 - SINDyMarkovModel - INFO -   Coef 0: Theoretical: 1.423875, Empirical: 1.087921, Ratio: 1.3088
2025-03-20 15:41:11,881 - SINDyMarkovModel - INFO -   Coef 1: Theoretical: 1.459602, Empirical: 1.119940, Ratio: 1.3033
2025-03-20 15:41:11,881 - SINDyMarkovModel - INFO -   Coef 2: Theoretical: 0.040911, Empirical: 0.040048, Ratio: 1.0216
2025-03-20 15:41:11,882 - SINDyMarkovModel - INFO - 
State [0, 1] (observed 3 times):
2025-03-20 15:41:11,882 - SINDyMarkovModel - INFO - Coefficient means:
2025-03-20 15:41:11,882 - SINDyMarkovModel - INFO -   Coef 0: Theoretical: 1.000000, Empirical: 0.547256, Diff: 0.452744 (45.3%)
2025-03-20 15:41:11,882 - SINDyMarkovModel - INFO -   Coef 1: Theoretical: 0.000000, Empirical: 0.459327, Diff: 0.459327 (inf%)
2025-03-20 15:41:11,883 - SINDyMarkovModel - INFO - 
Coefficient standard deviations:
2025-03-20 15:41:11,883 - SINDyMarkovModel - INFO -   Coef 0: Theoretical: 1.423785, Empirical: 1.158751, Ratio: 1.2287
2025-03-20 15:41:11,883 - SINDyMarkovModel - INFO -   Coef 1: Theoretical: 1.459510, Empirical: 1.184734, Ratio: 1.2319
2025-03-20 15:41:11,883 - SINDyMarkovModel - INFO - 
--------------------------------------------------------------------------------
CONFIGURATION SUMMARY
--------------------------------------------------------------------------------
2025-03-20 15:41:11,884 - SINDyMarkovModel - INFO - Data Range: 0.5, Samples: 500
2025-03-20 15:41:11,884 - SINDyMarkovModel - INFO - Log Determinant of Gram Matrix: 0.1208
2025-03-20 15:41:11,884 - SINDyMarkovModel - INFO - Discriminability Details:
2025-03-20 15:41:11,884 - SINDyMarkovModel - INFO -   Term 0(true) vs Term 1(false): 2.8915
2025-03-20 15:41:11,885 - SINDyMarkovModel - INFO -   Term 0(true) vs Term 2(false): 4621.5579
2025-03-20 15:41:11,885 - SINDyMarkovModel - INFO - Average Discriminability: 2312.2247
2025-03-20 15:41:11,885 - SINDyMarkovModel - INFO - Theoretical Success Probability: 0.0008
2025-03-20 15:41:11,885 - SINDyMarkovModel - INFO - Empirical Success Probability: 0.0000
2025-03-20 15:41:11,885 - SINDyMarkovModel - INFO - Difference: 0.0008
2025-03-20 15:41:11,885 - SINDyMarkovModel - INFO - --------------------------------------------------------------------------------


2025-03-20 15:41:11,886 - SINDyMarkovModel - INFO - 
============================================================
2025-03-20 15:41:11,886 - SINDyMarkovModel - INFO - CONFIGURATION 4/6
2025-03-20 15:41:11,886 - SINDyMarkovModel - INFO - Data Range: 1.0, Samples: 100
2025-03-20 15:41:11,886 - SINDyMarkovModel - INFO - ============================================================
2025-03-20 15:41:11,886 - SINDyMarkovModel - INFO - Computing Gram matrix with 100 sample points
2025-03-20 15:41:11,887 - SINDyMarkovModel - INFO - Log determinant of Gram matrix: 3.8763
2025-03-20 15:41:11,887 - SINDyMarkovModel - INFO - 
================================================================================
BEGINNING SUCCESS PROBABILITY CALCULATION
================================================================================
2025-03-20 15:41:11,888 - SINDyMarkovModel - INFO - All indices = {0, 1, 2}
2025-03-20 15:41:11,888 - SINDyMarkovModel - INFO - True indices = {0}
2025-03-20 15:41:11,889 - SINDyMarkovModel - INFO - Target state (true model) = {0}
2025-03-20 15:41:11,889 - SINDyMarkovModel - INFO - Generated 4 valid states:
2025-03-20 15:41:11,889 - SINDyMarkovModel - DEBUG -   State 1: {0}
2025-03-20 15:41:11,890 - SINDyMarkovModel - DEBUG -   State 2: {0, 1}
2025-03-20 15:41:11,890 - SINDyMarkovModel - DEBUG -   State 3: {0, 2}
2025-03-20 15:41:11,890 - SINDyMarkovModel - DEBUG -   State 4: {0, 1, 2}
2025-03-20 15:41:11,890 - SINDyMarkovModel - INFO - 
TRUE MODEL STATE TRANSITIONS
2025-03-20 15:41:11,890 - SINDyMarkovModel - INFO - Transitions from {0}:
    -> [STOP]: 1.000000
2025-03-20 15:41:11,890 - SINDyMarkovModel - INFO - TRUE MODEL STATE STOPPING PROBABILITY: 1.000000

2025-03-20 15:41:11,890 - SINDyMarkovModel - DEBUG - Transitions from {0, 1}:
    -> {0}: 0.002650
    -> [STOP]: 0.997350
2025-03-20 15:41:11,891 - SINDyMarkovModel - DEBUG - Transitions from {0, 2}:
    -> {0}: 0.102460
    -> [STOP]: 0.897540
2025-03-20 15:41:11,891 - SINDyMarkovModel - DEBUG - Transitions from {0, 1, 2}:
    -> {0}: 0.000280
    -> {0, 1}: 0.101960
    -> {0, 2}: 0.002260
    -> [STOP]: 0.895500
2025-03-20 15:41:11,891 - SINDyMarkovModel - INFO - 
State Reachability Probabilities:
2025-03-20 15:41:11,891 - SINDyMarkovModel - INFO -   State {0, 1, 2}: 1.000000
2025-03-20 15:41:11,891 - SINDyMarkovModel - INFO -   State {0, 2}: 0.002260
2025-03-20 15:41:11,891 - SINDyMarkovModel - INFO -   State {0, 1}: 0.101960
2025-03-20 15:41:11,893 - SINDyMarkovModel - INFO - 
--------------------------------------------------------------------------------
SUCCESS PROBABILITY CALCULATION
--------------------------------------------------------------------------------
2025-03-20 15:41:11,893 - SINDyMarkovModel - INFO - Method 1 - Direct Calculation:
2025-03-20 15:41:11,894 - SINDyMarkovModel - INFO -   Probability of reaching true state:    0.000782
2025-03-20 15:41:11,894 - SINDyMarkovModel - INFO -   Probability of stopping at true state: 1.000000
2025-03-20 15:41:11,894 - SINDyMarkovModel - INFO -   Success probability = 0.000782 × 1.000000 = 0.000782
2025-03-20 15:41:11,895 - SINDyMarkovModel - INFO - 
================================================================================
END OF SUCCESS PROBABILITY CALCULATION
================================================================================
2025-03-20 15:41:11,896 - SINDyMarkovModel - INFO - 
Running STLSQ simulation with 50 trials...
2025-03-20 15:41:11,899 - SINDyMarkovModel - INFO - 
--------------------------------------------------------------------------------
STLSQ SIMULATION RESULTS (0/50 successful, 0.0000)
--------------------------------------------------------------------------------
2025-03-20 15:41:11,899 - SINDyMarkovModel - INFO - 
Sample of 5 trials:
2025-03-20 15:41:11,900 - SINDyMarkovModel - INFO -   Trial 1: FAILURE, Identified terms: [1, 2]
2025-03-20 15:41:11,900 - SINDyMarkovModel - INFO -     Trajectory: [1, 2] -> [STOP]
2025-03-20 15:41:11,900 - SINDyMarkovModel - INFO -   Trial 2: FAILURE, Identified terms: [0, 1]
2025-03-20 15:41:11,900 - SINDyMarkovModel - INFO -     Trajectory: [0, 1] -> [STOP]
2025-03-20 15:41:11,901 - SINDyMarkovModel - INFO -   Trial 3: FAILURE, Identified terms: [0, 1, 2]
2025-03-20 15:41:11,901 - SINDyMarkovModel - INFO -     Trajectory: [0, 1, 2] -> [STOP]
2025-03-20 15:41:11,901 - SINDyMarkovModel - INFO -   Trial 4: FAILURE, Identified terms: [0, 1, 2]
2025-03-20 15:41:11,901 - SINDyMarkovModel - INFO -     Trajectory: [0, 1, 2] -> [STOP]
2025-03-20 15:41:11,901 - SINDyMarkovModel - INFO -   Trial 5: FAILURE, Identified terms: [0, 1, 2]
2025-03-20 15:41:11,902 - SINDyMarkovModel - INFO -     Trajectory: [0, 1, 2] -> [STOP]
2025-03-20 15:41:11,902 - SINDyMarkovModel - INFO - 
Path Analysis:
2025-03-20 15:41:11,902 - SINDyMarkovModel - INFO - Top 4 paths through state space:
2025-03-20 15:41:11,902 - SINDyMarkovModel - INFO -   [0, 1, 2] -> [STOP]: 29 occurrences (58.0% of trials)
2025-03-20 15:41:11,902 - SINDyMarkovModel - INFO -   [0, 1] -> [STOP]: 19 occurrences (38.0% of trials)
2025-03-20 15:41:11,902 - SINDyMarkovModel - INFO -   [1, 2] -> [STOP]: 1 occurrences (2.0% of trials)
2025-03-20 15:41:11,903 - SINDyMarkovModel - INFO -   [0, 2] -> [STOP]: 1 occurrences (2.0% of trials)
2025-03-20 15:41:11,903 - SINDyMarkovModel - INFO - 
Most common failure patterns:
2025-03-20 15:41:11,903 - SINDyMarkovModel - INFO -   [0, 1, 2]: 29 occurrences (58.0% of failures)
2025-03-20 15:41:11,903 - SINDyMarkovModel - INFO -   [0, 1]: 19 occurrences (38.0% of failures)
2025-03-20 15:41:11,904 - SINDyMarkovModel - INFO -   [1, 2]: 1 occurrences (2.0% of failures)
2025-03-20 15:41:11,905 - SINDyMarkovModel - INFO - 
Coefficient Distribution Analysis:
2025-03-20 15:41:11,906 - SINDyMarkovModel - INFO - 
State [0, 1] (observed 4 times):
2025-03-20 15:41:11,906 - SINDyMarkovModel - INFO - Coefficient means:
2025-03-20 15:41:11,907 - SINDyMarkovModel - INFO -   Coef 0: Theoretical: 1.000000, Empirical: 0.939964, Diff: 0.060036 (6.0%)
2025-03-20 15:41:11,907 - SINDyMarkovModel - INFO -   Coef 1: Theoretical: 0.000000, Empirical: 0.069283, Diff: 0.069283 (inf%)
2025-03-20 15:41:11,907 - SINDyMarkovModel - INFO - 
Coefficient standard deviations:
2025-03-20 15:41:11,908 - SINDyMarkovModel - INFO -   Coef 0: Theoretical: 0.391651, Empirical: 0.358441, Ratio: 1.0927
2025-03-20 15:41:11,908 - SINDyMarkovModel - INFO -   Coef 1: Theoretical: 0.435323, Empirical: 0.403426, Ratio: 1.0791
2025-03-20 15:41:11,908 - SINDyMarkovModel - INFO - 
State [0, 1, 2] (observed 15 times):
2025-03-20 15:41:11,908 - SINDyMarkovModel - INFO - Coefficient means:
2025-03-20 15:41:11,909 - SINDyMarkovModel - INFO -   Coef 0: Theoretical: 1.000000, Empirical: 0.919270, Diff: 0.080730 (8.1%)
2025-03-20 15:41:11,909 - SINDyMarkovModel - INFO -   Coef 1: Theoretical: 0.000000, Empirical: 0.086914, Diff: 0.086914 (inf%)
2025-03-20 15:41:11,909 - SINDyMarkovModel - INFO -   Coef 2: Theoretical: 0.000000, Empirical: -0.010947, Diff: 0.010947 (inf%)
2025-03-20 15:41:11,909 - SINDyMarkovModel - INFO - 
Coefficient standard deviations:
2025-03-20 15:41:11,909 - SINDyMarkovModel - INFO -   Coef 0: Theoretical: 0.400450, Empirical: 0.320054, Ratio: 1.2512
2025-03-20 15:41:11,910 - SINDyMarkovModel - INFO -   Coef 1: Theoretical: 0.444471, Empirical: 0.364180, Ratio: 1.2205
2025-03-20 15:41:11,910 - SINDyMarkovModel - INFO -   Coef 2: Theoretical: 0.020795, Empirical: 0.021435, Ratio: 0.9702
2025-03-20 15:41:11,911 - SINDyMarkovModel - INFO - 
--------------------------------------------------------------------------------
CONFIGURATION SUMMARY
--------------------------------------------------------------------------------
2025-03-20 15:41:11,911 - SINDyMarkovModel - INFO - Data Range: 1.0, Samples: 100
2025-03-20 15:41:11,911 - SINDyMarkovModel - INFO - Log Determinant of Gram Matrix: 3.8763
2025-03-20 15:41:11,912 - SINDyMarkovModel - INFO - Discriminability Details:
2025-03-20 15:41:11,912 - SINDyMarkovModel - INFO -   Term 0(true) vs Term 1(false): 45.6572
2025-03-20 15:41:11,912 - SINDyMarkovModel - INFO -   Term 0(true) vs Term 2(false): 7517.7156
2025-03-20 15:41:11,912 - SINDyMarkovModel - INFO - Average Discriminability: 3781.6864
2025-03-20 15:41:11,913 - SINDyMarkovModel - INFO - Theoretical Success Probability: 0.0008
2025-03-20 15:41:11,913 - SINDyMarkovModel - INFO - Empirical Success Probability: 0.0000
2025-03-20 15:41:11,913 - SINDyMarkovModel - INFO - Difference: 0.0008
2025-03-20 15:41:11,913 - SINDyMarkovModel - INFO - --------------------------------------------------------------------------------


2025-03-20 15:41:11,914 - SINDyMarkovModel - INFO - 
============================================================
2025-03-20 15:41:11,914 - SINDyMarkovModel - INFO - CONFIGURATION 5/6
2025-03-20 15:41:11,914 - SINDyMarkovModel - INFO - Data Range: 1.0, Samples: 200
2025-03-20 15:41:11,914 - SINDyMarkovModel - INFO - ============================================================
2025-03-20 15:41:11,914 - SINDyMarkovModel - INFO - Computing Gram matrix with 200 sample points
2025-03-20 15:41:11,915 - SINDyMarkovModel - INFO - Log determinant of Gram matrix: 6.0046
2025-03-20 15:41:11,916 - SINDyMarkovModel - INFO - 
================================================================================
BEGINNING SUCCESS PROBABILITY CALCULATION
================================================================================
2025-03-20 15:41:11,916 - SINDyMarkovModel - INFO - All indices = {0, 1, 2}
2025-03-20 15:41:11,916 - SINDyMarkovModel - INFO - True indices = {0}
2025-03-20 15:41:11,917 - SINDyMarkovModel - INFO - Target state (true model) = {0}
2025-03-20 15:41:11,917 - SINDyMarkovModel - INFO - Generated 4 valid states:
2025-03-20 15:41:11,917 - SINDyMarkovModel - DEBUG -   State 1: {0}
2025-03-20 15:41:11,917 - SINDyMarkovModel - DEBUG -   State 2: {0, 1}
2025-03-20 15:41:11,917 - SINDyMarkovModel - DEBUG -   State 3: {0, 2}
2025-03-20 15:41:11,917 - SINDyMarkovModel - DEBUG -   State 4: {0, 1, 2}
2025-03-20 15:41:11,917 - SINDyMarkovModel - INFO - 
TRUE MODEL STATE TRANSITIONS
2025-03-20 15:41:11,918 - SINDyMarkovModel - INFO - Transitions from {0}:
    -> [STOP]: 1.000000
2025-03-20 15:41:11,918 - SINDyMarkovModel - INFO - TRUE MODEL STATE STOPPING PROBABILITY: 1.000000

2025-03-20 15:41:11,918 - SINDyMarkovModel - DEBUG - Transitions from {0, 1}:
    -> {0}: 0.002650
    -> [STOP]: 0.997350
2025-03-20 15:41:11,918 - SINDyMarkovModel - DEBUG - Transitions from {0, 2}:
    -> {0}: 0.102460
    -> [STOP]: 0.897540
2025-03-20 15:41:11,918 - SINDyMarkovModel - DEBUG - Transitions from {0, 1, 2}:
    -> {0}: 0.000280
    -> {0, 1}: 0.101960
    -> {0, 2}: 0.002260
    -> [STOP]: 0.895500
2025-03-20 15:41:11,918 - SINDyMarkovModel - INFO - 
State Reachability Probabilities:
2025-03-20 15:41:11,918 - SINDyMarkovModel - INFO -   State {0, 1, 2}: 1.000000
2025-03-20 15:41:11,919 - SINDyMarkovModel - INFO -   State {0, 2}: 0.002260
2025-03-20 15:41:11,919 - SINDyMarkovModel - INFO -   State {0, 1}: 0.101960
2025-03-20 15:41:11,919 - SINDyMarkovModel - INFO - 
--------------------------------------------------------------------------------
SUCCESS PROBABILITY CALCULATION
--------------------------------------------------------------------------------
2025-03-20 15:41:11,919 - SINDyMarkovModel - INFO - Method 1 - Direct Calculation:
2025-03-20 15:41:11,919 - SINDyMarkovModel - INFO -   Probability of reaching true state:    0.000782
2025-03-20 15:41:11,920 - SINDyMarkovModel - INFO -   Probability of stopping at true state: 1.000000
2025-03-20 15:41:11,920 - SINDyMarkovModel - INFO -   Success probability = 0.000782 × 1.000000 = 0.000782
2025-03-20 15:41:11,920 - SINDyMarkovModel - INFO - 
================================================================================
END OF SUCCESS PROBABILITY CALCULATION
================================================================================
2025-03-20 15:41:11,920 - SINDyMarkovModel - INFO - 
Running STLSQ simulation with 50 trials...
2025-03-20 15:41:11,923 - SINDyMarkovModel - INFO - 
--------------------------------------------------------------------------------
STLSQ SIMULATION RESULTS (0/50 successful, 0.0000)
--------------------------------------------------------------------------------
2025-03-20 15:41:11,924 - SINDyMarkovModel - INFO - 
Sample of 5 trials:
2025-03-20 15:41:11,924 - SINDyMarkovModel - INFO -   Trial 1: FAILURE, Identified terms: [0, 1]
2025-03-20 15:41:11,925 - SINDyMarkovModel - INFO -     Trajectory: [0, 1] -> [STOP]
2025-03-20 15:41:11,925 - SINDyMarkovModel - INFO -   Trial 2: FAILURE, Identified terms: [0, 1]
2025-03-20 15:41:11,926 - SINDyMarkovModel - INFO -     Trajectory: [0, 1] -> [STOP]
2025-03-20 15:41:11,927 - SINDyMarkovModel - INFO -   Trial 3: FAILURE, Identified terms: [0, 1, 2]
2025-03-20 15:41:11,927 - SINDyMarkovModel - INFO -     Trajectory: [0, 1, 2] -> [STOP]
2025-03-20 15:41:11,927 - SINDyMarkovModel - INFO -   Trial 4: FAILURE, Identified terms: [0, 1]
2025-03-20 15:41:11,927 - SINDyMarkovModel - INFO -     Trajectory: [0, 1] -> [STOP]
2025-03-20 15:41:11,928 - SINDyMarkovModel - INFO -   Trial 5: FAILURE, Identified terms: [0, 1]
2025-03-20 15:41:11,928 - SINDyMarkovModel - INFO -     Trajectory: [0, 1] -> [STOP]
2025-03-20 15:41:11,928 - SINDyMarkovModel - INFO - 
Path Analysis:
2025-03-20 15:41:11,928 - SINDyMarkovModel - INFO - Top 2 paths through state space:
2025-03-20 15:41:11,929 - SINDyMarkovModel - INFO -   [0, 1] -> [STOP]: 25 occurrences (50.0% of trials)
2025-03-20 15:41:11,929 - SINDyMarkovModel - INFO -   [0, 1, 2] -> [STOP]: 25 occurrences (50.0% of trials)
2025-03-20 15:41:11,929 - SINDyMarkovModel - INFO - 
Most common failure patterns:
2025-03-20 15:41:11,930 - SINDyMarkovModel - INFO -   [0, 1]: 25 occurrences (50.0% of failures)
2025-03-20 15:41:11,930 - SINDyMarkovModel - INFO -   [0, 1, 2]: 25 occurrences (50.0% of failures)
2025-03-20 15:41:11,932 - SINDyMarkovModel - INFO - 
Coefficient Distribution Analysis:
2025-03-20 15:41:11,932 - SINDyMarkovModel - INFO - 
State [0, 1] (observed 13 times):
2025-03-20 15:41:11,933 - SINDyMarkovModel - INFO - Coefficient means:
2025-03-20 15:41:11,933 - SINDyMarkovModel - INFO -   Coef 0: Theoretical: 1.000000, Empirical: 0.865233, Diff: 0.134767 (13.5%)
2025-03-20 15:41:11,933 - SINDyMarkovModel - INFO -   Coef 1: Theoretical: 0.000000, Empirical: 0.149918, Diff: 0.149918 (inf%)
2025-03-20 15:41:11,934 - SINDyMarkovModel - INFO - 
Coefficient standard deviations:
2025-03-20 15:41:11,934 - SINDyMarkovModel - INFO -   Coef 0: Theoretical: 0.265298, Empirical: 0.259443, Ratio: 1.0226
2025-03-20 15:41:11,934 - SINDyMarkovModel - INFO -   Coef 1: Theoretical: 0.294472, Empirical: 0.285344, Ratio: 1.0320
2025-03-20 15:41:11,934 - SINDyMarkovModel - INFO - 
State [0, 1, 2] (observed 7 times):
2025-03-20 15:41:11,935 - SINDyMarkovModel - INFO - Coefficient means:
2025-03-20 15:41:11,935 - SINDyMarkovModel - INFO -   Coef 0: Theoretical: 1.000000, Empirical: 0.930418, Diff: 0.069582 (7.0%)
2025-03-20 15:41:11,935 - SINDyMarkovModel - INFO -   Coef 1: Theoretical: 0.000000, Empirical: 0.077132, Diff: 0.077132 (inf%)
2025-03-20 15:41:11,936 - SINDyMarkovModel - INFO -   Coef 2: Theoretical: 0.000000, Empirical: -0.012027, Diff: 0.012027 (inf%)
2025-03-20 15:41:11,936 - SINDyMarkovModel - INFO - 
Coefficient standard deviations:
2025-03-20 15:41:11,936 - SINDyMarkovModel - INFO -   Coef 0: Theoretical: 0.265304, Empirical: 0.203158, Ratio: 1.3059
2025-03-20 15:41:11,936 - SINDyMarkovModel - INFO -   Coef 1: Theoretical: 0.294479, Empirical: 0.215795, Ratio: 1.3646
2025-03-20 15:41:11,936 - SINDyMarkovModel - INFO -   Coef 2: Theoretical: 0.014628, Empirical: 0.019066, Ratio: 0.7672
2025-03-20 15:41:11,937 - SINDyMarkovModel - INFO - 
--------------------------------------------------------------------------------
CONFIGURATION SUMMARY
--------------------------------------------------------------------------------
2025-03-20 15:41:11,937 - SINDyMarkovModel - INFO - Data Range: 1.0, Samples: 200
2025-03-20 15:41:11,937 - SINDyMarkovModel - INFO - Log Determinant of Gram Matrix: 6.0046
2025-03-20 15:41:11,938 - SINDyMarkovModel - INFO - Discriminability Details:
2025-03-20 15:41:11,938 - SINDyMarkovModel - INFO -   Term 0(true) vs Term 1(false): 86.6198
2025-03-20 15:41:11,938 - SINDyMarkovModel - INFO -   Term 0(true) vs Term 2(false): 12340.3456
2025-03-20 15:41:11,938 - SINDyMarkovModel - INFO - Average Discriminability: 6213.4827
2025-03-20 15:41:11,939 - SINDyMarkovModel - INFO - Theoretical Success Probability: 0.0008
2025-03-20 15:41:11,939 - SINDyMarkovModel - INFO - Empirical Success Probability: 0.0000
2025-03-20 15:41:11,940 - SINDyMarkovModel - INFO - Difference: 0.0008
2025-03-20 15:41:11,940 - SINDyMarkovModel - INFO - --------------------------------------------------------------------------------


2025-03-20 15:41:11,940 - SINDyMarkovModel - INFO - 
============================================================
2025-03-20 15:41:11,941 - SINDyMarkovModel - INFO - CONFIGURATION 6/6
2025-03-20 15:41:11,941 - SINDyMarkovModel - INFO - Data Range: 1.0, Samples: 500
2025-03-20 15:41:11,941 - SINDyMarkovModel - INFO - ============================================================
2025-03-20 15:41:11,941 - SINDyMarkovModel - INFO - Computing Gram matrix with 500 sample points
2025-03-20 15:41:11,942 - SINDyMarkovModel - INFO - Log determinant of Gram matrix: 8.3450
2025-03-20 15:41:11,942 - SINDyMarkovModel - INFO - 
================================================================================
BEGINNING SUCCESS PROBABILITY CALCULATION
================================================================================
2025-03-20 15:41:11,942 - SINDyMarkovModel - INFO - All indices = {0, 1, 2}
2025-03-20 15:41:11,942 - SINDyMarkovModel - INFO - True indices = {0}
2025-03-20 15:41:11,943 - SINDyMarkovModel - INFO - Target state (true model) = {0}
2025-03-20 15:41:11,943 - SINDyMarkovModel - INFO - Generated 4 valid states:
2025-03-20 15:41:11,943 - SINDyMarkovModel - DEBUG -   State 1: {0}
2025-03-20 15:41:11,943 - SINDyMarkovModel - DEBUG -   State 2: {0, 1}
2025-03-20 15:41:11,943 - SINDyMarkovModel - DEBUG -   State 3: {0, 2}
2025-03-20 15:41:11,943 - SINDyMarkovModel - DEBUG -   State 4: {0, 1, 2}
2025-03-20 15:41:11,943 - SINDyMarkovModel - INFO - 
TRUE MODEL STATE TRANSITIONS
2025-03-20 15:41:11,943 - SINDyMarkovModel - INFO - Transitions from {0}:
    -> [STOP]: 1.000000
2025-03-20 15:41:11,943 - SINDyMarkovModel - INFO - TRUE MODEL STATE STOPPING PROBABILITY: 1.000000

2025-03-20 15:41:11,944 - SINDyMarkovModel - DEBUG - Transitions from {0, 1}:
    -> {0}: 0.002650
    -> [STOP]: 0.997350
2025-03-20 15:41:11,944 - SINDyMarkovModel - DEBUG - Transitions from {0, 2}:
    -> {0}: 0.102460
    -> [STOP]: 0.897540
2025-03-20 15:41:11,944 - SINDyMarkovModel - DEBUG - Transitions from {0, 1, 2}:
    -> {0}: 0.000280
    -> {0, 1}: 0.101960
    -> {0, 2}: 0.002260
    -> [STOP]: 0.895500
2025-03-20 15:41:11,944 - SINDyMarkovModel - INFO - 
State Reachability Probabilities:
2025-03-20 15:41:11,944 - SINDyMarkovModel - INFO -   State {0, 1, 2}: 1.000000
2025-03-20 15:41:11,944 - SINDyMarkovModel - INFO -   State {0, 2}: 0.002260
2025-03-20 15:41:11,944 - SINDyMarkovModel - INFO -   State {0, 1}: 0.101960
2025-03-20 15:41:11,944 - SINDyMarkovModel - INFO - 
--------------------------------------------------------------------------------
SUCCESS PROBABILITY CALCULATION
--------------------------------------------------------------------------------
2025-03-20 15:41:11,945 - SINDyMarkovModel - INFO - Method 1 - Direct Calculation:
2025-03-20 15:41:11,945 - SINDyMarkovModel - INFO -   Probability of reaching true state:    0.000782
2025-03-20 15:41:11,945 - SINDyMarkovModel - INFO -   Probability of stopping at true state: 1.000000
2025-03-20 15:41:11,945 - SINDyMarkovModel - INFO -   Success probability = 0.000782 × 1.000000 = 0.000782
2025-03-20 15:41:11,946 - SINDyMarkovModel - INFO - 
================================================================================
END OF SUCCESS PROBABILITY CALCULATION
================================================================================
2025-03-20 15:41:11,946 - SINDyMarkovModel - INFO - 
Running STLSQ simulation with 50 trials...
2025-03-20 15:41:11,949 - SINDyMarkovModel - INFO - 
--------------------------------------------------------------------------------
STLSQ SIMULATION RESULTS (5/50 successful, 0.1000)
--------------------------------------------------------------------------------
2025-03-20 15:41:11,950 - SINDyMarkovModel - INFO - 
Sample of 5 trials:
2025-03-20 15:41:11,950 - SINDyMarkovModel - INFO -   Trial 1: FAILURE, Identified terms: [0, 1, 2]
2025-03-20 15:41:11,951 - SINDyMarkovModel - INFO -     Trajectory: [0, 1, 2] -> [STOP]
2025-03-20 15:41:11,951 - SINDyMarkovModel - INFO -   Trial 2: FAILURE, Identified terms: [0, 1]
2025-03-20 15:41:11,951 - SINDyMarkovModel - INFO -     Trajectory: [0, 1] -> [STOP]
2025-03-20 15:41:11,952 - SINDyMarkovModel - INFO -   Trial 3: FAILURE, Identified terms: [0, 1]
2025-03-20 15:41:11,952 - SINDyMarkovModel - INFO -     Trajectory: [0, 1] -> [STOP]
2025-03-20 15:41:11,952 - SINDyMarkovModel - INFO -   Trial 4: FAILURE, Identified terms: [0, 1]
2025-03-20 15:41:11,952 - SINDyMarkovModel - INFO -     Trajectory: [0, 1] -> [STOP]
2025-03-20 15:41:11,952 - SINDyMarkovModel - INFO -   Trial 5: FAILURE, Identified terms: [0, 1, 2]
2025-03-20 15:41:11,952 - SINDyMarkovModel - INFO -     Trajectory: [0, 1, 2] -> [STOP]
2025-03-20 15:41:11,953 - SINDyMarkovModel - INFO - 
Path Analysis:
2025-03-20 15:41:11,953 - SINDyMarkovModel - INFO - Top 5 paths through state space:
2025-03-20 15:41:11,953 - SINDyMarkovModel - INFO -   [0, 1] -> [STOP]: 26 occurrences (52.0% of trials)
2025-03-20 15:41:11,953 - SINDyMarkovModel - INFO -   [0, 1, 2] -> [STOP]: 18 occurrences (36.0% of trials)
2025-03-20 15:41:11,953 - SINDyMarkovModel - INFO -   [0] -> [STOP]: 4 occurrences (8.0% of trials)
2025-03-20 15:41:11,954 - SINDyMarkovModel - INFO -   [0, 1] -> [0] -> [STOP]: 1 occurrences (2.0% of trials)
2025-03-20 15:41:11,956 - SINDyMarkovModel - INFO -   [0, 2] -> [STOP]: 1 occurrences (2.0% of trials)
2025-03-20 15:41:11,956 - SINDyMarkovModel - INFO - 
Most common failure patterns:
2025-03-20 15:41:11,956 - SINDyMarkovModel - INFO -   [0, 1]: 26 occurrences (57.8% of failures)
2025-03-20 15:41:11,957 - SINDyMarkovModel - INFO -   [0, 1, 2]: 18 occurrences (40.0% of failures)
2025-03-20 15:41:11,957 - SINDyMarkovModel - INFO -   [0, 2]: 1 occurrences (2.2% of failures)
2025-03-20 15:41:11,958 - SINDyMarkovModel - INFO - 
Coefficient Distribution Analysis:
2025-03-20 15:41:11,959 - SINDyMarkovModel - INFO - 
State [0, 1, 2] (observed 7 times):
2025-03-20 15:41:11,959 - SINDyMarkovModel - INFO - Coefficient means:
2025-03-20 15:41:11,959 - SINDyMarkovModel - INFO -   Coef 0: Theoretical: 1.000000, Empirical: 1.014516, Diff: 0.014516 (1.5%)
2025-03-20 15:41:11,959 - SINDyMarkovModel - INFO -   Coef 1: Theoretical: 0.000000, Empirical: -0.013518, Diff: 0.013518 (inf%)
2025-03-20 15:41:11,960 - SINDyMarkovModel - INFO -   Coef 2: Theoretical: 0.000000, Empirical: 0.001681, Diff: 0.001681 (inf%)
2025-03-20 15:41:11,960 - SINDyMarkovModel - INFO - 
Coefficient standard deviations:
2025-03-20 15:41:11,960 - SINDyMarkovModel - INFO -   Coef 0: Theoretical: 0.175558, Empirical: 0.143280, Ratio: 1.2253
2025-03-20 15:41:11,960 - SINDyMarkovModel - INFO -   Coef 1: Theoretical: 0.193990, Empirical: 0.160750, Ratio: 1.2068
2025-03-20 15:41:11,961 - SINDyMarkovModel - INFO -   Coef 2: Theoretical: 0.010179, Empirical: 0.016610, Ratio: 0.6128
2025-03-20 15:41:11,961 - SINDyMarkovModel - INFO - 
State [0, 1] (observed 12 times):
2025-03-20 15:41:11,961 - SINDyMarkovModel - INFO - Coefficient means:
2025-03-20 15:41:11,961 - SINDyMarkovModel - INFO -   Coef 0: Theoretical: 1.000000, Empirical: 0.918311, Diff: 0.081689 (8.2%)
2025-03-20 15:41:11,961 - SINDyMarkovModel - INFO -   Coef 1: Theoretical: 0.000000, Empirical: 0.087675, Diff: 0.087675 (inf%)
2025-03-20 15:41:11,962 - SINDyMarkovModel - INFO - 
Coefficient standard deviations:
2025-03-20 15:41:11,962 - SINDyMarkovModel - INFO -   Coef 0: Theoretical: 0.174980, Empirical: 0.152254, Ratio: 1.1493
2025-03-20 15:41:11,962 - SINDyMarkovModel - INFO -   Coef 1: Theoretical: 0.193388, Empirical: 0.169354, Ratio: 1.1419
2025-03-20 15:41:11,962 - SINDyMarkovModel - INFO - 
--------------------------------------------------------------------------------
CONFIGURATION SUMMARY
--------------------------------------------------------------------------------
2025-03-20 15:41:11,963 - SINDyMarkovModel - INFO - Data Range: 1.0, Samples: 500
2025-03-20 15:41:11,963 - SINDyMarkovModel - INFO - Log Determinant of Gram Matrix: 8.3450
2025-03-20 15:41:11,963 - SINDyMarkovModel - INFO - Discriminability Details:
2025-03-20 15:41:11,963 - SINDyMarkovModel - INFO -   Term 0(true) vs Term 1(false): 177.3429
2025-03-20 15:41:11,963 - SINDyMarkovModel - INFO -   Term 0(true) vs Term 2(false): 24641.2265
2025-03-20 15:41:11,964 - SINDyMarkovModel - INFO - Average Discriminability: 12409.2847
2025-03-20 15:41:11,964 - SINDyMarkovModel - INFO - Theoretical Success Probability: 0.0008
2025-03-20 15:41:11,964 - SINDyMarkovModel - INFO - Empirical Success Probability: 0.1000
2025-03-20 15:41:11,964 - SINDyMarkovModel - INFO - Difference: 0.0992
2025-03-20 15:41:11,964 - SINDyMarkovModel - INFO - --------------------------------------------------------------------------------


2025-03-20 15:41:11,965 - SINDyMarkovModel - INFO - 
================================================================================
THEORY VS SIMULATION COMPARISON COMPLETE
================================================================================
