2025-03-20 22:40:27,476 - SINDyMarkovModel - INFO - Initializing SINDy Markov Model
2025-03-20 22:40:27,476 - SINDyMarkovModel - INFO - True term indices: [0 1]
2025-03-20 22:40:27,482 - SINDyMarkovModel - INFO - Computing Gram matrix with 200 sample points
2025-03-20 22:40:27,482 - SINDyMarkovModel - INFO - Log determinant of Gram matrix: 9.9105
2025-03-20 22:40:27,482 - SINDyMarkovModel - INFO - BEGINNING SUCCESS PROBABILITY CALCULATION
2025-03-20 22:40:27,485 - SINDyMarkovModel - INFO - All indices = {0, 1, 2, 3}
2025-03-20 22:40:27,485 - SINDyMarkovModel - INFO - True indices = {0, 1}
2025-03-20 22:40:27,485 - SINDyMarkovModel - INFO - Target state (true model) = {0, 1}
2025-03-20 22:40:27,485 - SINDyMarkovModel - INFO - Generated 4 valid states
2025-03-20 22:40:27,485 - SINDyMarkovModel - INFO - TRUE MODEL STATE TRANSITIONS
2025-03-20 22:40:27,485 - SINDyMarkovModel - INFO - Transitions from {0, 1}:
    -> [STOP]: 1.000000
2025-03-20 22:40:27,485 - SINDyMarkovModel - INFO - TRUE MODEL STATE STOPPING PROBABILITY: 1.000000

2025-03-20 22:40:27,485 - SINDyMarkovModel - ERROR - Error calculating transition probability: unhashable type: 'numpy.ndarray'
2025-03-20 22:40:27,491 - SINDyMarkovModel - DEBUG - Transitions from {0, 1, 2}:
    -> [STOP]: 1.000000
2025-03-20 22:40:27,491 - SINDyMarkovModel - ERROR - Error calculating transition probability: unhashable type: 'numpy.ndarray'
2025-03-20 22:40:27,491 - SINDyMarkovModel - DEBUG - Transitions from {0, 1, 3}:
    -> [STOP]: 1.000000
2025-03-20 22:40:27,491 - SINDyMarkovModel - ERROR - Error calculating transition probability: unhashable type: 'numpy.ndarray'
2025-03-20 22:40:27,491 - SINDyMarkovModel - ERROR - Error calculating transition probability: unhashable type: 'numpy.ndarray'
2025-03-20 22:40:27,491 - SINDyMarkovModel - ERROR - Error calculating transition probability: unhashable type: 'numpy.ndarray'
2025-03-20 22:40:27,491 - SINDyMarkovModel - DEBUG - Transitions from {0, 1, 2, 3}:
    -> [STOP]: 1.000000
2025-03-20 22:40:27,491 - SINDyMarkovModel - INFO - SUCCESS PROBABILITY CALCULATION
2025-03-20 22:40:27,491 - SINDyMarkovModel - INFO - Method 1 - Direct Calculation:
2025-03-20 22:40:27,501 - SINDyMarkovModel - INFO -   Probability of reaching true state:    0.000000
2025-03-20 22:40:27,501 - SINDyMarkovModel - INFO -   Probability of stopping at true state: 1.000000
2025-03-20 22:40:27,501 - SINDyMarkovModel - INFO -   Success probability = 0.000000 × 1.000000 = 0.000000
2025-03-20 22:40:27,505 - SINDyMarkovModel - INFO - END OF SUCCESS PROBABILITY CALCULATION
2025-03-20 22:40:27,526 - SINDyMarkovModel - INFO - Results - Theoretical: 0.0000, Empirical: 0.1667, Discrepancy: 0.1667
2025-03-20 22:40:28,023 - PIL.PngImagePlugin - DEBUG - STREAM b'IHDR' 16 13
2025-03-20 22:40:28,023 - PIL.PngImagePlugin - DEBUG - STREAM b'tEXt' 41 57
2025-03-20 22:40:28,024 - PIL.PngImagePlugin - DEBUG - STREAM b'pHYs' 110 9
2025-03-20 22:40:28,024 - PIL.PngImagePlugin - DEBUG - STREAM b'IDAT' 131 65536
2025-03-20 22:40:29,112 - SINDyMarkovModel - INFO - Results saved to results/sindy_markov_analysis_results.json
